#
# A fatal error has been detected by the Java Runtime Environment:
#
#  EXCEPTION_ACCESS_VIOLATION (0xc0000005) at pc=0x000000007119d9fd, pid=6852, tid=0x0000000000001150
#
# JRE version: OpenJDK Runtime Environment (8.0_152-b01) (build 1.8.0_152-release-1248-b01)
# Java VM: OpenJDK 64-Bit Server VM (25.152-b01 mixed mode windows-amd64 compressed oops)
# Problematic frame:
# V  [jvm.dll+0x48d9fd]
#
# Failed to write core dump. Minidumps are not enabled by default on client versions of Windows
#
# If you would like to submit a bug report, please visit:
#   http://bugreport.java.com/bugreport/crash.jsp
#

---------------  T H R E A D  ---------------

Current thread (0x0000000015f8c800):  JavaThread "C2 CompilerThread1" daemon [_thread_in_native, id=4432, stack(0x00000000176f0000,0x00000000177f0000)]

siginfo: ExceptionCode=0xc0000005, reading address 0x0000000000000008

Registers:
RAX=0x00000000179b9fa0, RBX=0x000000001f18e738, RCX=0x0000000000000000, RDX=0x0000000000002000
RSP=0x00000000177eba80, RBP=0x000000001ad9f560, RSI=0x00000000177ebfd0, RDI=0x0000000000000000
R8 =0x0000000000000000, R9 =0x0000000000000000, R10=0xffffffefffbfffff, R11=0x0000000000000004
R12=0x000000001f3cf7a0, R13=0x0000000000000044, R14=0x000000001ad9fe30, R15=0x0000000000000002
RIP=0x000000007119d9fd, EFLAGS=0x0000000000010202

Top of Stack: (sp=0x00000000177eba80)
0x00000000177eba80:   0000000000000044 00000000177ebfd0
0x00000000177eba90:   000000000000008d 00000000711d0eaa
0x00000000177ebaa0:   0000000000000003 00000000177ebbe8
0x00000000177ebab0:   000000001ad9fe30 00000000177ebff0
0x00000000177ebac0:   00000000177ebfd0 000000007119ea88
0x00000000177ebad0:   0000000025eb4630 0000000000000010
0x00000000177ebae0:   00000000177ebb98 00000000177ebb78
0x00000000177ebaf0:   000000001ad3c670 0000000015f563a0
0x00000000177ebb00:   0000000000000001 0000000000000002
0x00000000177ebb10:   000000001f3cf810 000000001955c430
0x00000000177ebb20:   0000000015f563a0 00000000177ebfd0
0x00000000177ebb30:   00000000177ebc40 00000000711a0a3b
0x00000000177ebb40:   00000000177ebfd0 00000000177ebb98
0x00000000177ebb50:   0000000000000003 00000000177ebbe8
0x00000000177ebb60:   000000001955c480 0000000019564418
0x00000000177ebb70:   00000000000b0180 0000000015f563a0 

Instructions: (pc=0x000000007119d9fd)
0x000000007119d9dd:   48 83 38 00 74 dd 48 8b 86 f8 09 00 00 4a 89 1c
0x000000007119d9ed:   c0 48 8b 86 f8 09 00 00 44 8b 47 28 4a 8b 3c c0
0x000000007119d9fd:   48 8b 47 08 48 83 38 00 75 2c 8b 56 28 66 0f 1f
0x000000007119da0d:   44 00 00 8b 47 28 3b c2 73 0c 8b c8 48 8b 46 30 


Register to memory mapping:

RAX=0x00000000179b9fa0 is an unknown value
RBX=0x000000001f18e738 is an unknown value
RCX=0x0000000000000000 is an unknown value
RDX=0x0000000000002000 is an unknown value
RSP=0x00000000177eba80 is pointing into the stack for thread: 0x0000000015f8c800
RBP=0x000000001ad9f560 is an unknown value
RSI=0x00000000177ebfd0 is pointing into the stack for thread: 0x0000000015f8c800
RDI=0x0000000000000000 is an unknown value
R8 =0x0000000000000000 is an unknown value
R9 =0x0000000000000000 is an unknown value
R10=0xffffffefffbfffff is an unknown value
R11=0x0000000000000004 is an unknown value
R12=0x000000001f3cf7a0 is an unknown value
R13=0x0000000000000044 is an unknown value
R14=0x000000001ad9fe30 is an unknown value
R15=0x0000000000000002 is an unknown value


Stack: [0x00000000176f0000,0x00000000177f0000],  sp=0x00000000177eba80,  free space=1006k
Native frames: (J=compiled Java code, j=interpreted, Vv=VM code, C=native code)
V  [jvm.dll+0x48d9fd]
V  [jvm.dll+0x48ea88]
V  [jvm.dll+0x490a3b]
V  [jvm.dll+0x440dac]
V  [jvm.dll+0x4421d2]
V  [jvm.dll+0x4252c2]
V  [jvm.dll+0x813d8]
V  [jvm.dll+0x81d0f]
V  [jvm.dll+0x21d41f]
V  [jvm.dll+0x26d9aa]
C  [msvcr100.dll+0x21d9f]
C  [msvcr100.dll+0x21e3b]
C  [KERNEL32.DLL+0x13dc4]
C  [ntdll.dll+0x73691]


Current CompileTask:
C2:  20705 18990       4       com.android.ide.common.resources.NodeUtils::duplicateNode (315 bytes)


---------------  P R O C E S S  ---------------

Java Threads: ( => current thread )
  0x000000001b135800 JavaThread "ForkJoinPool.commonPool-worker-0" daemon [_thread_blocked, id=6216, stack(0x0000000029a20000,0x0000000029b20000)]
  0x0000000018703800 JavaThread "Cache worker for Java compile cache (E:\Development\Android\WearCasts\.gradle\4.10.1\javaCompile)" [_thread_blocked, id=9324, stack(0x0000000024ca0000,0x0000000024da0000)]
  0x0000000018706800 JavaThread "Cache worker for Java compile cache (C:\Users\Kris\.gradle\caches\4.10.1\javaCompile)" [_thread_blocked, id=9600, stack(0x0000000024ba0000,0x0000000024ca0000)]
  0x0000000018707800 JavaThread "stdout" daemon [_thread_in_native, id=7636, stack(0x0000000024aa0000,0x0000000024ba0000)]
  0x0000000018703000 JavaThread "stderr" daemon [_thread_in_native, id=4364, stack(0x00000000249a0000,0x0000000024aa0000)]
  0x00000000186fc000 JavaThread "stdout" daemon [_thread_in_native, id=5424, stack(0x00000000248a0000,0x00000000249a0000)]
  0x0000000018701800 JavaThread "stderr" daemon [_thread_in_native, id=4712, stack(0x00000000247a0000,0x00000000248a0000)]
  0x00000000186fa000 JavaThread "stdout" daemon [_thread_in_native, id=3612, stack(0x00000000246a0000,0x00000000247a0000)]
  0x0000000018700800 JavaThread "stderr" daemon [_thread_in_native, id=8668, stack(0x00000000245a0000,0x00000000246a0000)]
  0x00000000186f9000 JavaThread "pool-2-thread-1" [_thread_blocked, id=10360, stack(0x00000000244a0000,0x00000000245a0000)]
  0x00000000186f8800 JavaThread "ForkJoinPool.commonPool-worker-2" daemon [_thread_in_native, id=2980, stack(0x00000000240a0000,0x00000000241a0000)]
  0x00000000186fd800 JavaThread "ForkJoinPool.commonPool-worker-1" daemon [_thread_blocked, id=9192, stack(0x0000000023fa0000,0x00000000240a0000)]
  0x000000001d0ad800 JavaThread "Cache worker for Build Output Cleanup Cache (E:\Development\Android\WearCasts\.gradle\buildOutputCleanup)" [_thread_blocked, id=6168, stack(0x00000000236a0000,0x00000000237a0000)]
  0x000000001d0ab000 JavaThread "Cache worker for task history cache (E:\Development\Android\WearCasts\.gradle\4.10.1\taskHistory)" [_thread_blocked, id=10668, stack(0x00000000235a0000,0x00000000236a0000)]
  0x000000001d0aa800 JavaThread "Task worker for ':' Thread 3" [_thread_blocked, id=8740, stack(0x00000000234a0000,0x00000000235a0000)]
  0x000000001d0a3000 JavaThread "Task worker for ':' Thread 2" [_thread_blocked, id=9388, stack(0x00000000233a0000,0x00000000234a0000)]
  0x000000001d0a9800 JavaThread "Task worker for ':'" [_thread_blocked, id=1004, stack(0x00000000232a0000,0x00000000233a0000)]
  0x000000001d0a2000 JavaThread "Cache worker for file content cache (E:\Development\Android\WearCasts\.gradle\4.10.1\fileContent)" [_thread_blocked, id=7724, stack(0x0000000022fa0000,0x00000000230a0000)]
  0x000000001d0a9000 JavaThread "Cache worker for file content cache (C:\Users\Kris\.gradle\caches\4.10.1\fileContent)" [_thread_blocked, id=11252, stack(0x0000000022ea0000,0x0000000022fa0000)]
  0x000000001d0a8000 JavaThread "Memory manager" [_thread_blocked, id=10384, stack(0x0000000022da0000,0x0000000022ea0000)]
  0x000000001d0a4800 JavaThread "pool-1-thread-1" [_thread_blocked, id=3708, stack(0x0000000021580000,0x0000000021680000)]
  0x000000001d0a0000 JavaThread "Build operations Thread 4" [_thread_blocked, id=4116, stack(0x00000000200e0000,0x00000000201e0000)]
  0x000000001d09f000 JavaThread "Build operations Thread 3" [_thread_blocked, id=5952, stack(0x000000001ffe0000,0x00000000200e0000)]
  0x000000001851d000 JavaThread "Build operations Thread 2" [_thread_blocked, id=11200, stack(0x000000001fc40000,0x000000001fd40000)]
  0x000000001851b800 JavaThread "Build operations" [_thread_blocked, id=7952, stack(0x000000001f6f0000,0x000000001f7f0000)]
  0x000000001851a800 JavaThread "Cache worker for Artifact transforms cache (C:\Users\Kris\.gradle\caches\transforms-1)" [_thread_blocked, id=9988, stack(0x000000001f5f0000,0x000000001f6f0000)]
  0x000000001851c000 JavaThread "Cache worker for cache directory md-rule (C:\Users\Kris\.gradle\caches\4.10.1\md-rule)" [_thread_blocked, id=1120, stack(0x000000001f4f0000,0x000000001f5f0000)]
  0x0000000018519000 JavaThread "Cache worker for cache directory md-supplier (C:\Users\Kris\.gradle\caches\4.10.1\md-supplier)" [_thread_blocked, id=9528, stack(0x000000001f3f0000,0x000000001f4f0000)]
  0x000000001851e800 JavaThread "Cache worker for journal cache (C:\Users\Kris\.gradle\caches\journal-1)" [_thread_blocked, id=9536, stack(0x000000001cbe0000,0x000000001cce0000)]
  0x0000000018520000 JavaThread "Cache worker for file hash cache (E:\Development\Android\WearCasts\.gradle\4.10.1\fileHashes)" [_thread_blocked, id=5532, stack(0x000000001bb10000,0x000000001bc10000)]
  0x00000000193f5000 JavaThread "File lock request listener" [_thread_in_native, id=4680, stack(0x000000001ba10000,0x000000001bb10000)]
  0x00000000193f4000 JavaThread "Cache worker for file hash cache (C:\Users\Kris\.gradle\caches\4.10.1\fileHashes)" [_thread_blocked, id=2552, stack(0x000000001b910000,0x000000001ba10000)]
  0x0000000018ff2800 JavaThread "Stdin handler" [_thread_blocked, id=6960, stack(0x000000001a440000,0x000000001a540000)]
  0x0000000018ff2000 JavaThread "Asynchronous log dispatcher for DefaultDaemonConnection: socket connection from /127.0.0.1:58281 to /127.0.0.1:58282" [_thread_blocked, id=7800, stack(0x000000001a340000,0x000000001a440000)]
  0x0000000018fef800 JavaThread "Daemon worker" [_thread_blocked, id=6504, stack(0x000000001a240000,0x000000001a340000)]
  0x0000000018fec800 JavaThread "Cancel handler" [_thread_blocked, id=10408, stack(0x000000001a140000,0x000000001a240000)]
  0x0000000018fcb000 JavaThread "Handler for socket connection from /127.0.0.1:58281 to /127.0.0.1:58282" [_thread_in_native, id=6204, stack(0x000000001a040000,0x000000001a140000)]
  0x0000000018fc2000 JavaThread "Daemon" [_thread_blocked, id=8264, stack(0x0000000019f40000,0x000000001a040000)]
  0x0000000018fb4000 JavaThread "Daemon periodic checks" [_thread_blocked, id=9572, stack(0x0000000019e40000,0x0000000019f40000)]
  0x0000000018ee8800 JavaThread "Incoming local TCP Connector on port 58281" [_thread_in_native, id=3744, stack(0x0000000019c00000,0x0000000019d00000)]
  0x0000000015fee800 JavaThread "Service Thread" daemon [_thread_blocked, id=10392, stack(0x0000000017cf0000,0x0000000017df0000)]
  0x0000000015f93800 JavaThread "C1 CompilerThread2" daemon [_thread_blocked, id=10036, stack(0x00000000177f0000,0x00000000178f0000)]
=>0x0000000015f8c800 JavaThread "C2 CompilerThread1" daemon [_thread_in_native, id=4432, stack(0x00000000176f0000,0x00000000177f0000)]
  0x0000000015f89000 JavaThread "C2 CompilerThread0" daemon [_thread_in_native, id=7060, stack(0x00000000175f0000,0x00000000176f0000)]
  0x0000000015f97000 JavaThread "Attach Listener" daemon [_thread_blocked, id=5028, stack(0x00000000174f0000,0x00000000175f0000)]
  0x0000000015f95800 JavaThread "Signal Dispatcher" daemon [_thread_blocked, id=3840, stack(0x00000000173f0000,0x00000000174f0000)]
  0x000000000258c800 JavaThread "Finalizer" daemon [_thread_blocked, id=2392, stack(0x0000000017200000,0x0000000017300000)]
  0x0000000002580800 JavaThread "Reference Handler" daemon [_thread_blocked, id=8780, stack(0x0000000017100000,0x0000000017200000)]
  0x000000000261d800 JavaThread "main" [_thread_blocked, id=9036, stack(0x0000000002350000,0x0000000002450000)]

Other Threads:
  0x0000000015f57000 VMThread [stack: 0x0000000017000000,0x0000000017100000] [id=10544]
  0x0000000017911800 WatcherThread [stack: 0x0000000017df0000,0x0000000017ef0000] [id=7776]

VM state:not at safepoint (normal execution)

VM Mutex/Monitor currently owned by a thread: None

Heap:
 PSYoungGen      total 457216K, used 365525K [0x00000000e0000000, 0x00000000ffd00000, 0x0000000100000000)
  eden space 396288K, 90% used [0x00000000e0000000,0x00000000f5f184a0,0x00000000f8300000)
  from space 60928K, 9% used [0x00000000fc180000,0x00000000fc75d098,0x00000000ffd00000)
  to   space 62464K, 0% used [0x00000000f8300000,0x00000000f8300000,0x00000000fc000000)
 ParOldGen       total 247296K, used 147077K [0x00000000a0000000, 0x00000000af180000, 0x00000000e0000000)
  object space 247296K, 59% used [0x00000000a0000000,0x00000000a8fa1608,0x00000000af180000)
 Metaspace       used 84576K, capacity 87764K, committed 88064K, reserved 1126400K
  class space    used 10742K, capacity 11427K, committed 11520K, reserved 1048576K

Card table byte_map: [0x00000000119e0000,0x0000000011cf0000] byte_map_base: 0x00000000114e0000

Marking Bits: (ParMarkBitMap*) 0x00000000714d5aa0
 Begin Bits: [0x00000000122f0000, 0x0000000013af0000)
 End Bits:   [0x0000000013af0000, 0x00000000152f0000)

Polling page: 0x00000000005b0000

CodeCache: size=245760Kb used=49341Kb max_used=49355Kb free=196418Kb
 bounds [0x0000000002620000, 0x00000000056a0000, 0x0000000011620000]
 total_blobs=16314 nmethods=15456 adapters=768
 compilation: enabled

Compilation events (10 events):
Event: 20.648 Thread 0x0000000015f93800 18994       3       com.sun.org.apache.xerces.internal.dom.ElementNSImpl::setPrefix (222 bytes)
Event: 20.649 Thread 0x0000000015f93800 nmethod 18994 0x0000000005674850 code [0x0000000005674c20, 0x0000000005676ee8]
Event: 20.650 Thread 0x0000000015f93800 18995       3       com.android.ide.common.resources.NodeUtils::getDocumentNamespaceAttributes (38 bytes)
Event: 20.650 Thread 0x0000000015f93800 nmethod 18995 0x0000000005631690 code [0x0000000005631820, 0x0000000005631ba8]
Event: 20.651 Thread 0x0000000015f93800 18996       3       com.android.ide.common.resources.NodeUtils::getPrefixForNs (71 bytes)
Event: 20.651 Thread 0x0000000015f93800 nmethod 18996 0x0000000005621b50 code [0x0000000005621d40, 0x00000000056226e8]
Event: 20.667 Thread 0x0000000015f89000 nmethod 18988 0x000000000568b450 code [0x000000000568b900, 0x000000000568e730]
Event: 20.667 Thread 0x0000000015f89000 18997       4       com.sun.org.apache.xerces.internal.dom.CoreDocumentImpl::createElement (47 bytes)
Event: 20.671 Thread 0x0000000015f89000 nmethod 18997 0x0000000005632f50 code [0x00000000056330a0, 0x0000000005633458]
Event: 20.671 Thread 0x0000000015f89000 18992       4       com.android.ide.common.resources.ResourceMergerItem::getDetailsXml (9 bytes)

GC Heap History (10 events):
Event: 14.785 GC heap before
{Heap before GC invocations=17 (full 3):
 PSYoungGen      total 316416K, used 316398K [0x00000000e0000000, 0x00000000fcf80000, 0x0000000100000000)
  eden space 268288K, 100% used [0x00000000e0000000,0x00000000f0600000,0x00000000f0600000)
  from space 48128K, 99% used [0x00000000f0600000,0x00000000f34fb988,0x00000000f3500000)
  to   space 71168K, 0% used [0x00000000f8a00000,0x00000000f8a00000,0x00000000fcf80000)
 ParOldGen       total 247296K, used 113681K [0x00000000a0000000, 0x00000000af180000, 0x00000000e0000000)
  object space 247296K, 45% used [0x00000000a0000000,0x00000000a6f04538,0x00000000af180000)
 Metaspace       used 81092K, capacity 83890K, committed 83968K, reserved 1122304K
  class space    used 10345K, capacity 10958K, committed 11008K, reserved 1048576K
Event: 14.849 GC heap after
Heap after GC invocations=17 (full 3):
 PSYoungGen      total 405504K, used 14041K [0x00000000e0000000, 0x00000000fd680000, 0x0000000100000000)
  eden space 334336K, 0% used [0x00000000e0000000,0x00000000e0000000,0x00000000f4680000)
  from space 71168K, 19% used [0x00000000f8a00000,0x00000000f97b66a8,0x00000000fcf80000)
  to   space 69120K, 0% used [0x00000000f4680000,0x00000000f4680000,0x00000000f8a00000)
 ParOldGen       total 247296K, used 147045K [0x00000000a0000000, 0x00000000af180000, 0x00000000e0000000)
  object space 247296K, 59% used [0x00000000a0000000,0x00000000a8f99608,0x00000000af180000)
 Metaspace       used 81092K, capacity 83890K, committed 83968K, reserved 1122304K
  class space    used 10345K, capacity 10958K, committed 11008K, reserved 1048576K
}
Event: 16.273 GC heap before
{Heap before GC invocations=18 (full 3):
 PSYoungGen      total 405504K, used 348377K [0x00000000e0000000, 0x00000000fd680000, 0x0000000100000000)
  eden space 334336K, 100% used [0x00000000e0000000,0x00000000f4680000,0x00000000f4680000)
  from space 71168K, 19% used [0x00000000f8a00000,0x00000000f97b66a8,0x00000000fcf80000)
  to   space 69120K, 0% used [0x00000000f4680000,0x00000000f4680000,0x00000000f8a00000)
 ParOldGen       total 247296K, used 147045K [0x00000000a0000000, 0x00000000af180000, 0x00000000e0000000)
  object space 247296K, 59% used [0x00000000a0000000,0x00000000a8f99608,0x00000000af180000)
 Metaspace       used 82701K, capacity 85702K, committed 85760K, reserved 1124352K
  class space    used 10527K, capacity 11220K, committed 11264K, reserved 1048576K
Event: 16.283 GC heap after
Heap after GC invocations=18 (full 3):
 PSYoungGen      total 403456K, used 5106K [0x00000000e0000000, 0x00000000ffd00000, 0x0000000100000000)
  eden space 334336K, 0% used [0x00000000e0000000,0x00000000e0000000,0x00000000f4680000)
  from space 69120K, 7% used [0x00000000f4680000,0x00000000f4b7c868,0x00000000f8a00000)
  to   space 68608K, 0% used [0x00000000fba00000,0x00000000fba00000,0x00000000ffd00000)
 ParOldGen       total 247296K, used 147053K [0x00000000a0000000, 0x00000000af180000, 0x00000000e0000000)
  object space 247296K, 59% used [0x00000000a0000000,0x00000000a8f9b608,0x00000000af180000)
 Metaspace       used 82701K, capacity 85702K, committed 85760K, reserved 1124352K
  class space    used 10527K, capacity 11220K, committed 11264K, reserved 1048576K
}
Event: 17.821 GC heap before
{Heap before GC invocations=19 (full 3):
 PSYoungGen      total 403456K, used 339442K [0x00000000e0000000, 0x00000000ffd00000, 0x0000000100000000)
  eden space 334336K, 100% used [0x00000000e0000000,0x00000000f4680000,0x00000000f4680000)
  from space 69120K, 7% used [0x00000000f4680000,0x00000000f4b7c868,0x00000000f8a00000)
  to   space 68608K, 0% used [0x00000000fba00000,0x00000000fba00000,0x00000000ffd00000)
 ParOldGen       total 247296K, used 147053K [0x00000000a0000000, 0x00000000af180000, 0x00000000e0000000)
  object space 247296K, 59% used [0x00000000a0000000,0x00000000a8f9b608,0x00000000af180000)
 Metaspace       used 83604K, capacity 86772K, committed 86912K, reserved 1124352K
  class space    used 10652K, capacity 11347K, committed 11392K, reserved 1048576K
Event: 17.834 GC heap after
Heap after GC invocations=19 (full 3):
 PSYoungGen      total 449536K, used 25666K [0x00000000e0000000, 0x00000000ff780000, 0x0000000100000000)
  eden space 386560K, 0% used [0x00000000e0000000,0x00000000e0000000,0x00000000f7980000)
  from space 62976K, 40% used [0x00000000fba00000,0x00000000fd310828,0x00000000ff780000)
  to   space 64512K, 0% used [0x00000000f7980000,0x00000000f7980000,0x00000000fb880000)
 ParOldGen       total 247296K, used 147061K [0x00000000a0000000, 0x00000000af180000, 0x00000000e0000000)
  object space 247296K, 59% used [0x00000000a0000000,0x00000000a8f9d608,0x00000000af180000)
 Metaspace       used 83604K, capacity 86772K, committed 86912K, reserved 1124352K
  class space    used 10652K, capacity 11347K, committed 11392K, reserved 1048576K
}
Event: 18.001 GC heap before
{Heap before GC invocations=20 (full 3):
 PSYoungGen      total 449536K, used 411279K [0x00000000e0000000, 0x00000000ff780000, 0x0000000100000000)
  eden space 386560K, 99% used [0x00000000e0000000,0x00000000f7893508,0x00000000f7980000)
  from space 62976K, 40% used [0x00000000fba00000,0x00000000fd310828,0x00000000ff780000)
  to   space 64512K, 0% used [0x00000000f7980000,0x00000000f7980000,0x00000000fb880000)
 ParOldGen       total 247296K, used 147061K [0x00000000a0000000, 0x00000000af180000, 0x00000000e0000000)
  object space 247296K, 59% used [0x00000000a0000000,0x00000000a8f9d608,0x00000000af180000)
 Metaspace       used 83804K, capacity 86984K, committed 87296K, reserved 1124352K
  class space    used 10678K, capacity 11415K, committed 11520K, reserved 1048576K
Event: 18.008 GC heap after
Heap after GC invocations=20 (full 3):
 PSYoungGen      total 451072K, used 7083K [0x00000000e0000000, 0x00000000fff80000, 0x0000000100000000)
  eden space 386560K, 0% used [0x00000000e0000000,0x00000000e0000000,0x00000000f7980000)
  from space 64512K, 10% used [0x00000000f7980000,0x00000000f806adc0,0x00000000fb880000)
  to   space 63488K, 0% used [0x00000000fc180000,0x00000000fc180000,0x00000000fff80000)
 ParOldGen       total 247296K, used 147069K [0x00000000a0000000, 0x00000000af180000, 0x00000000e0000000)
  object space 247296K, 59% used [0x00000000a0000000,0x00000000a8f9f608,0x00000000af180000)
 Metaspace       used 83804K, capacity 86984K, committed 87296K, reserved 1124352K
  class space    used 10678K, capacity 11415K, committed 11520K, reserved 1048576K
}
Event: 18.060 GC heap before
{Heap before GC invocations=21 (full 3):
 PSYoungGen      total 451072K, used 392940K [0x00000000e0000000, 0x00000000fff80000, 0x0000000100000000)
  eden space 386560K, 99% used [0x00000000e0000000,0x00000000f78d0410,0x00000000f7980000)
  from space 64512K, 10% used [0x00000000f7980000,0x00000000f806adc0,0x00000000fb880000)
  to   space 63488K, 0% used [0x00000000fc180000,0x00000000fc180000,0x00000000fff80000)
 ParOldGen       total 247296K, used 147069K [0x00000000a0000000, 0x00000000af180000, 0x00000000e0000000)
  object space 247296K, 59% used [0x00000000a0000000,0x00000000a8f9f608,0x00000000af180000)
 Metaspace       used 83804K, capacity 86984K, committed 87296K, reserved 1124352K
  class space    used 10678K, capacity 11415K, committed 11520K, reserved 1048576K
Event: 18.066 GC heap after
Heap after GC invocations=21 (full 3):
 PSYoungGen      total 457216K, used 6004K [0x00000000e0000000, 0x00000000ffd00000, 0x0000000100000000)
  eden space 396288K, 0% used [0x00000000e0000000,0x00000000e0000000,0x00000000f8300000)
  from space 60928K, 9% used [0x00000000fc180000,0x00000000fc75d098,0x00000000ffd00000)
  to   space 62464K, 0% used [0x00000000f8300000,0x00000000f8300000,0x00000000fc000000)
 ParOldGen       total 247296K, used 147077K [0x00000000a0000000, 0x00000000af180000, 0x00000000e0000000)
  object space 247296K, 59% used [0x00000000a0000000,0x00000000a8fa1608,0x00000000af180000)
 Metaspace       used 83804K, capacity 86984K, committed 87296K, reserved 1124352K
  class space    used 10678K, capacity 11415K, committed 11520K, reserved 1048576K
}

Deoptimization events (10 events):
Event: 18.470 Thread 0x000000001d0a9800 Uncommon trap: reason=unstable_if action=reinterpret pc=0x00000000055ac3ac method=sun.util.calendar.BaseCalendar$Date.hit(J)Z @ 15
Event: 18.484 Thread 0x000000001d0a9800 Uncommon trap: reason=predicate action=maybe_recompile pc=0x0000000005581900 method=sun.util.calendar.ZoneInfo.getTransitionIndex(JI)I @ 19
Event: 18.591 Thread 0x0000000018fef800 Uncommon trap: reason=unstable_if action=reinterpret pc=0x00000000041b723c method=com.google.common.cache.LocalCache$Segment.expireEntries(J)V @ 84
Event: 19.481 Thread 0x0000000018fef800 Uncommon trap: reason=class_check action=maybe_recompile pc=0x0000000004c0fb5c method=com.sun.org.apache.xerces.internal.dom.NamedNodeMapImpl.getNamedItemNS(Ljava/lang/String;Ljava/lang/String;)Lorg/w3c/dom/Node; @ 28
Event: 19.482 Thread 0x0000000018fef800 Uncommon trap: reason=class_check action=maybe_recompile pc=0x0000000004c0fb5c method=com.sun.org.apache.xerces.internal.dom.NamedNodeMapImpl.getNamedItemNS(Ljava/lang/String;Ljava/lang/String;)Lorg/w3c/dom/Node; @ 28
Event: 19.483 Thread 0x0000000018fef800 Uncommon trap: reason=class_check action=maybe_recompile pc=0x0000000004c0fb5c method=com.sun.org.apache.xerces.internal.dom.NamedNodeMapImpl.getNamedItemNS(Ljava/lang/String;Ljava/lang/String;)Lorg/w3c/dom/Node; @ 28
Event: 19.484 Thread 0x0000000018fef800 Uncommon trap: reason=class_check action=maybe_recompile pc=0x0000000004c0fb5c method=com.sun.org.apache.xerces.internal.dom.NamedNodeMapImpl.getNamedItemNS(Ljava/lang/String;Ljava/lang/String;)Lorg/w3c/dom/Node; @ 28
Event: 19.894 Thread 0x0000000018fef800 Uncommon trap: reason=unstable_if action=reinterpret pc=0x00000000044e2d2c method=com.android.utils.XmlUtils.toXmlTextValue(Ljava/lang/String;)Ljava/lang/String; @ 21
Event: 19.894 Thread 0x0000000018fef800 Uncommon trap: reason=unstable_if action=reinterpret pc=0x00000000044c9604 method=com.android.utils.XmlUtils.toXmlTextValue(Ljava/lang/String;)Ljava/lang/String; @ 21
Event: 20.669 Thread 0x0000000018fef800 Uncommon trap: reason=class_check action=maybe_recompile pc=0x0000000005637ac4 method=java.io.Writer.append(Ljava/lang/CharSequence;)Ljava/io/Writer; @ 20

Classes redefined (0 events):
No events

Internal exceptions (10 events):
Event: 18.779 Thread 0x000000001d0aa800 Exception <a 'sun/nio/fs/WindowsException'> (0x00000000eb8f2810) thrown at [D:\src\AOSP-openjdk-cygwin\jdk8u\hotspot\src\share\vm\prims\jni.cpp, line 709]
Event: 18.779 Thread 0x000000001d0aa800 Exception <a 'sun/nio/fs/WindowsException'> (0x00000000eb8f2f20) thrown at [D:\src\AOSP-openjdk-cygwin\jdk8u\hotspot\src\share\vm\prims\jni.cpp, line 709]
Event: 18.780 Thread 0x000000001d0aa800 Exception <a 'sun/nio/fs/WindowsException'> (0x00000000eb8f3e98) thrown at [D:\src\AOSP-openjdk-cygwin\jdk8u\hotspot\src\share\vm\prims\jni.cpp, line 709]
Event: 18.780 Thread 0x000000001d0aa800 Exception <a 'sun/nio/fs/WindowsException'> (0x00000000eb8f45b0) thrown at [D:\src\AOSP-openjdk-cygwin\jdk8u\hotspot\src\share\vm\prims\jni.cpp, line 709]
Event: 18.780 Thread 0x000000001d0aa800 Exception <a 'sun/nio/fs/WindowsException'> (0x00000000eb8f5640) thrown at [D:\src\AOSP-openjdk-cygwin\jdk8u\hotspot\src\share\vm\prims\jni.cpp, line 709]
Event: 18.780 Thread 0x000000001d0aa800 Exception <a 'sun/nio/fs/WindowsException'> (0x00000000eb8f5d50) thrown at [D:\src\AOSP-openjdk-cygwin\jdk8u\hotspot\src\share\vm\prims\jni.cpp, line 709]
Event: 18.780 Thread 0x000000001d0aa800 Exception <a 'sun/nio/fs/WindowsException'> (0x00000000eb8f6cf0) thrown at [D:\src\AOSP-openjdk-cygwin\jdk8u\hotspot\src\share\vm\prims\jni.cpp, line 709]
Event: 18.780 Thread 0x000000001d0aa800 Exception <a 'sun/nio/fs/WindowsException'> (0x00000000eb8f7408) thrown at [D:\src\AOSP-openjdk-cygwin\jdk8u\hotspot\src\share\vm\prims\jni.cpp, line 709]
Event: 18.873 Thread 0x0000000018fef800 Exception <a 'sun/nio/fs/WindowsException'> (0x00000000eba7f1e0) thrown at [D:\src\AOSP-openjdk-cygwin\jdk8u\hotspot\src\share\vm\prims\jni.cpp, line 709]
Event: 18.887 Thread 0x0000000018fef800 Exception <a 'sun/nio/fs/WindowsException'> (0x00000000eba95ab8) thrown at [D:\src\AOSP-openjdk-cygwin\jdk8u\hotspot\src\share\vm\prims\jni.cpp, line 709]

Events (10 events):
Event: 20.642 Thread 0x0000000018fef800 DEOPT UNPACKING pc=0x00000000026675d0 sp=0x000000001a33a558 mode 0
Event: 20.642 Thread 0x0000000018fef800 DEOPT PACKING pc=0x0000000003c711a4 sp=0x000000001a33a590
Event: 20.643 Thread 0x0000000018fef800 DEOPT UNPACKING pc=0x00000000026675d0 sp=0x000000001a33a558 mode 0
Event: 20.643 Thread 0x0000000018fef800 DEOPT PACKING pc=0x0000000003c711a4 sp=0x000000001a33a590
Event: 20.643 Thread 0x0000000018fef800 DEOPT UNPACKING pc=0x00000000026675d0 sp=0x000000001a33a558 mode 0
Event: 20.643 Thread 0x0000000018fef800 DEOPT PACKING pc=0x0000000003c711a4 sp=0x000000001a33a590
Event: 20.643 Thread 0x0000000018fef800 DEOPT UNPACKING pc=0x00000000026675d0 sp=0x000000001a33a558 mode 0
Event: 20.669 Thread 0x0000000018fef800 Uncommon trap: trap_request=0xffffffde fr.pc=0x0000000005637ac4
Event: 20.669 Thread 0x0000000018fef800 DEOPT PACKING pc=0x0000000005637ac4 sp=0x000000001a33a860
Event: 20.669 Thread 0x0000000018fef800 DEOPT UNPACKING pc=0x000000000266557b sp=0x000000001a33a850 mode 2


Dynamic libraries:
0x00007ff657bd0000 - 0x00007ff657c01000 	C:\Program Files\Android\Android Studio\jre\bin\java.exe
0x00007ffc29ed0000 - 0x00007ffc2a0b1000 	C:\WINDOWS\SYSTEM32\ntdll.dll
0x00007ffc27860000 - 0x00007ffc27912000 	C:\WINDOWS\System32\KERNEL32.DLL
0x00007ffc26ac0000 - 0x00007ffc26d33000 	C:\WINDOWS\System32\KERNELBASE.dll
0x00007ffc298b0000 - 0x00007ffc29951000 	C:\WINDOWS\System32\ADVAPI32.dll
0x00007ffc29cb0000 - 0x00007ffc29d4e000 	C:\WINDOWS\System32\msvcrt.dll
0x00007ffc27800000 - 0x00007ffc2785b000 	C:\WINDOWS\System32\sechost.dll
0x00007ffc29d60000 - 0x00007ffc29e84000 	C:\WINDOWS\System32\RPCRT4.dll
0x00007ffc27450000 - 0x00007ffc275e0000 	C:\WINDOWS\System32\USER32.dll
0x00007ffc26340000 - 0x00007ffc26360000 	C:\WINDOWS\System32\win32u.dll
0x00007ffc297e0000 - 0x00007ffc29808000 	C:\WINDOWS\System32\GDI32.dll
0x00007ffc26e50000 - 0x00007ffc26fe2000 	C:\WINDOWS\System32\gdi32full.dll
0x00007ffc262a0000 - 0x00007ffc2633f000 	C:\WINDOWS\System32\msvcp_win.dll
0x00007ffc27260000 - 0x00007ffc2735a000 	C:\WINDOWS\System32\ucrtbase.dll
0x00007ffc1b630000 - 0x00007ffc1b899000 	C:\WINDOWS\WinSxS\amd64_microsoft.windows.common-controls_6595b64144ccf1df_6.0.17134.590_none_fb3d9bff3069e088\COMCTL32.dll
0x00007ffc29980000 - 0x00007ffc29ca2000 	C:\WINDOWS\System32\combase.dll
0x00007ffc271e0000 - 0x00007ffc2725a000 	C:\WINDOWS\System32\bcryptPrimitives.dll
0x00007ffc29810000 - 0x00007ffc2983d000 	C:\WINDOWS\System32\IMM32.DLL
0x000000006e470000 - 0x000000006e542000 	C:\Program Files\Android\Android Studio\jre\jre\bin\msvcr100.dll
0x0000000070d10000 - 0x0000000071551000 	C:\Program Files\Android\Android Studio\jre\jre\bin\server\jvm.dll
0x00007ffc29840000 - 0x00007ffc29848000 	C:\WINDOWS\System32\PSAPI.DLL
0x00007ffc1fae0000 - 0x00007ffc1fae9000 	C:\WINDOWS\SYSTEM32\WSOCK32.dll
0x00007ffc244a0000 - 0x00007ffc244c3000 	C:\WINDOWS\SYSTEM32\WINMM.dll
0x00007ffc21610000 - 0x00007ffc2161a000 	C:\WINDOWS\SYSTEM32\VERSION.dll
0x00007ffc29770000 - 0x00007ffc297dc000 	C:\WINDOWS\System32\WS2_32.dll
0x00007ffc24420000 - 0x00007ffc2444a000 	C:\WINDOWS\SYSTEM32\WINMMBASE.dll
0x00007ffc26a70000 - 0x00007ffc26ab9000 	C:\WINDOWS\System32\cfgmgr32.dll
0x00007ffc244d0000 - 0x00007ffc244df000 	C:\Program Files\Android\Android Studio\jre\jre\bin\verify.dll
0x00007ffc22690000 - 0x00007ffc226b9000 	C:\Program Files\Android\Android Studio\jre\jre\bin\java.dll
0x00007ffc1faa0000 - 0x00007ffc1fab6000 	C:\Program Files\Android\Android Studio\jre\jre\bin\zip.dll
0x00007ffc28330000 - 0x00007ffc29770000 	C:\WINDOWS\System32\SHELL32.dll
0x00007ffc28280000 - 0x00007ffc28329000 	C:\WINDOWS\System32\shcore.dll
0x00007ffc26360000 - 0x00007ffc26a6d000 	C:\WINDOWS\System32\windows.storage.dll
0x00007ffc28220000 - 0x00007ffc28271000 	C:\WINDOWS\System32\shlwapi.dll
0x00007ffc26250000 - 0x00007ffc26261000 	C:\WINDOWS\System32\kernel.appcore.dll
0x00007ffc261e0000 - 0x00007ffc261ff000 	C:\WINDOWS\System32\profapi.dll
0x00007ffc26200000 - 0x00007ffc2624c000 	C:\WINDOWS\System32\powrprof.dll
0x00007ffc26270000 - 0x00007ffc2627a000 	C:\WINDOWS\System32\FLTLIB.DLL
0x00007ffc1fa80000 - 0x00007ffc1fa9a000 	C:\Program Files\Android\Android Studio\jre\jre\bin\net.dll
0x00007ffc25a60000 - 0x00007ffc25ac6000 	C:\WINDOWS\system32\mswsock.dll
0x00007ffc19580000 - 0x00007ffc19591000 	C:\Program Files\Android\Android Studio\jre\jre\bin\nio.dll
0x00007ffc15580000 - 0x00007ffc1559e000 	C:\Users\Kris\.gradle\native\25\windows-amd64\native-platform.dll
0x00007ffc22bf0000 - 0x00007ffc22bfd000 	C:\Program Files\Android\Android Studio\jre\jre\bin\management.dll
0x00007ffc25c20000 - 0x00007ffc25c37000 	C:\WINDOWS\SYSTEM32\CRYPTSP.dll
0x00007ffc25640000 - 0x00007ffc25673000 	C:\WINDOWS\system32\rsaenh.dll
0x00007ffc25d40000 - 0x00007ffc25d65000 	C:\WINDOWS\SYSTEM32\bcrypt.dll
0x00007ffc26110000 - 0x00007ffc26138000 	C:\WINDOWS\SYSTEM32\USERENV.dll
0x00007ffc25c10000 - 0x00007ffc25c1b000 	C:\WINDOWS\SYSTEM32\CRYPTBASE.dll
0x00007ffc257e0000 - 0x00007ffc25818000 	C:\WINDOWS\SYSTEM32\IPHLPAPI.DLL
0x00007ffc29d50000 - 0x00007ffc29d58000 	C:\WINDOWS\System32\NSI.dll
0x00007ffc1fe30000 - 0x00007ffc1fe46000 	C:\WINDOWS\SYSTEM32\dhcpcsvc6.DLL
0x00007ffc20a70000 - 0x00007ffc20a8a000 	C:\WINDOWS\SYSTEM32\dhcpcsvc.DLL
0x00007ffc252d0000 - 0x00007ffc25301000 	C:\WINDOWS\SYSTEM32\ntmarta.dll
0x00007ffc1f850000 - 0x00007ffc1fa19000 	C:\WINDOWS\SYSTEM32\dbghelp.dll

VM Arguments:
jvm_args: -Xmx1536m -Dfile.encoding=windows-1252 -Duser.country=US -Duser.language=en -Duser.variant 
java_command: org.gradle.launcher.daemon.bootstrap.GradleDaemon 4.10.1
java_class_path (initial): C:\Users\Kris\.gradle\wrapper\dists\gradle-4.10.1-all\455itskqi2qtf0v2sja68alqd\gradle-4.10.1\lib\gradle-launcher-4.10.1.jar
Launcher Type: SUN_STANDARD

Environment Variables:
PATH=C:\Windows\system32;C:\Windows;C:\Windows\System32\Wbem;C:\Windows\System32\WindowsPowerShell\v1.0\;C:\Program Files (x86)\NVIDIA Corporation\PhysX\Common;C:\Users\Kris\AppData\Local\Microsoft\WindowsApps;C:\Program Files (x86)\Common Files\Acronis\SnapAPI\;C:\WINDOWS\system32;C:\WINDOWS;C:\WINDOWS\System32\Wbem;C:\WINDOWS\System32\WindowsPowerShell\v1.0\;D:\Program Files\GnuPG\pub;C:\WINDOWS\System32\OpenSSH\;C:\Program Files\Java\jdk-10.0.2\bin;C:\Users\Kris\AppData\Local\Microsoft\WindowsApps;C:\Users\Kris\AppData\Local\GitHubDesktop\bin;%USERPROFILE%\AppData\Local\Microsoft\WindowsApps;;C:\Program Files (x86)\Common Files\Acronis\TibMounter64
USERNAME=Kris
OS=Windows_NT
PROCESSOR_IDENTIFIER=Intel64 Family 6 Model 94 Stepping 3, GenuineIntel



---------------  S Y S T E M  ---------------

OS: Windows 10.0 , 64 bit Build 17134 (10.0.17134.556)

CPU:total 4 (initial active 4) (4 cores per cpu, 1 threads per core) family 6 model 94 stepping 3, cmov, cx8, fxsr, mmx, sse, sse2, sse3, ssse3, sse4.1, sse4.2, popcnt, avx, avx2, aes, clmul, erms, rtm, 3dnowpref, lzcnt, tsc, tscinvbit, bmi1, bmi2, adx

Memory: 4k page, physical 16716864k(9442768k free), swap 19207232k(7373484k free)

vm_info: OpenJDK 64-Bit Server VM (25.152-b01) for windows-amd64 JRE (1.8.0_152-release-1248-b01), built by "builder" with MS VC++ 10.0 (VS2010)

time: Tue Mar 05 16:41:14 2019
elapsed time: 20 seconds (0d 0h 0m 20s)

