#
# A fatal error has been detected by the Java Runtime Environment:
#
#  EXCEPTION_ACCESS_VIOLATION (0xc0000005) at pc=0x00000000707e63be, pid=9740, tid=0x0000000000002280
#
# JRE version: OpenJDK Runtime Environment (8.0_152-b01) (build 1.8.0_152-release-1248-b01)
# Java VM: OpenJDK 64-Bit Server VM (25.152-b01 mixed mode windows-amd64 compressed oops)
# Problematic frame:
# V  [jvm.dll+0x4363be]
#
# Failed to write core dump. Minidumps are not enabled by default on client versions of Windows
#
# If you would like to submit a bug report, please visit:
#   http://bugreport.java.com/bugreport/crash.jsp
#

---------------  T H R E A D  ---------------

Current thread (0x0000000016198800):  JavaThread "C2 CompilerThread0" daemon [_thread_in_native, id=8832, stack(0x00000000177e0000,0x00000000178e0000)]

siginfo: ExceptionCode=0xc0000005, reading address 0x0000000000000018

Registers:
RAX=0x000000001b6e7380, RBX=0x000000001b6e7370, RCX=0x0000000000000006, RDX=0x0000000000000006
RSP=0x00000000178dbde0, RBP=0x00000000000002c6, RSI=0x00000000178dc190, RDI=0x000000000000026a
R8 =0x0000000000000040, R9 =0x0000000000000000, R10=0x00000000703b0000, R11=0x000000001b6f92f0
R12=0x0000000070b761c0, R13=0x00000000201236a0, R14=0x0000000000015af0, R15=0x00000000703b0000
RIP=0x00000000707e63be, EFLAGS=0x0000000000010202

Top of Stack: (sp=0x00000000178dbde0)
0x00000000178dbde0:   00000000178dc1b0 000000001b6e3090
0x00000000178dbdf0:   00000000000002c6 00000000178dc190
0x00000000178dbe00:   0000043900000000 0000000000000008
0x00000000178dbe10:   00000000209c2f20 0000000000000005
0x00000000178dbe20:   000000001b6ee0e0 0000000000000005
0x00000000178dbe30:   000000001b6ee0d0 0000044500000000
0x00000000178dbe40:   0000000000000008 00000000202bd0a0
0x00000000178dbe50:   0000000000000005 000000001b6ead00
0x00000000178dbe60:   0000000000000005 000000001b6eacf0
0x00000000178dbe70:   0000026b000fe983 0000000000000004
0x00000000178dbe80:   000000001c64b9a0 0000000000000003
0x00000000178dbe90:   00000000178dc1c0 0000000000000005
0x00000000178dbea0:   00000000178dc1b0 0000000000000005
0x00000000178dbeb0:   00000000273b52a0 00000000178dc190
0x00000000178dbec0:   00000000000002c6 000000001b6ee0d0
0x00000000178dbed0:   0000000000000319 00000000707e7e28 

Instructions: (pc=0x00000000707e63be)
0x00000000707e639e:   e8 ad 6e 03 00 4c 8b c8 8b d5 8b cd 41 b8 01 00
0x00000000707e63ae:   00 00 c1 ea 05 83 e1 1f 83 e2 07 41 d3 e0 8b ca
0x00000000707e63be:   41 8b 14 91 8b c2 41 0b c0 41 85 d0 41 89 04 89
0x00000000707e63ce:   0f 95 c0 84 c0 75 04 ff 03 84 c0 0f 94 c0 84 c0 


Register to memory mapping:

RAX=0x000000001b6e7380 is an unknown value
RBX=0x000000001b6e7370 is an unknown value
RCX=0x0000000000000006 is an unknown value
RDX=0x0000000000000006 is an unknown value
RSP=0x00000000178dbde0 is pointing into the stack for thread: 0x0000000016198800
RBP=0x00000000000002c6 is an unknown value
RSI=0x00000000178dc190 is pointing into the stack for thread: 0x0000000016198800
RDI=0x000000000000026a is an unknown value
R8 =0x0000000000000040 is an unknown value
R9 =0x0000000000000000 is an unknown value
R10=0x00000000703b0000 is an unknown value
R11=0x000000001b6f92f0 is an unknown value
R12=0x0000000070b761c0 is an unknown value
R13=0x00000000201236a0 is an unknown value
R14=0x0000000000015af0 is an unknown value
R15=0x00000000703b0000 is an unknown value


Stack: [0x00000000177e0000,0x00000000178e0000],  sp=0x00000000178dbde0,  free space=1007k
Native frames: (J=compiled Java code, j=interpreted, Vv=VM code, C=native code)
V  [jvm.dll+0x4363be]
V  [jvm.dll+0x437e28]
V  [jvm.dll+0x438016]
V  [jvm.dll+0x435ba4]
V  [jvm.dll+0x434c44]
V  [jvm.dll+0x43f99b]
V  [jvm.dll+0x44226e]
V  [jvm.dll+0x4252c2]
V  [jvm.dll+0x813d8]
V  [jvm.dll+0x81d0f]
V  [jvm.dll+0x21d41f]
V  [jvm.dll+0x26d9aa]
C  [msvcr100.dll+0x21d9f]
C  [msvcr100.dll+0x21e3b]
C  [KERNEL32.DLL+0x13dc4]
C  [ntdll.dll+0x73691]


Current CompileTask:
C2: 119082 18468 %     4       java.util.ComparableTimSort::mergeHi @ 185 (729 bytes)


---------------  P R O C E S S  ---------------

Java Threads: ( => current thread )
  0x000000001ab02800 JavaThread "Tasks limiter_4" daemon [_thread_blocked, id=10044, stack(0x0000000026dc0000,0x0000000026ec0000)]
  0x000000001ab07800 JavaThread "Tasks limiter_3" daemon [_thread_blocked, id=9624, stack(0x0000000026cc0000,0x0000000026dc0000)]
  0x000000001ab05800 JavaThread "Tasks limiter_2" daemon [_thread_blocked, id=7784, stack(0x0000000026bc0000,0x0000000026cc0000)]
  0x000000001ab04000 JavaThread "Tasks limiter_1" daemon [_thread_in_Java, id=7860, stack(0x0000000026ac0000,0x0000000026bc0000)]
  0x000000001aaf9800 JavaThread "Cache worker for Java compile cache (E:\Development\Android\WearCasts\.gradle\4.10.1\javaCompile)" [_thread_blocked, id=11112, stack(0x00000000269c0000,0x0000000026ac0000)]
  0x000000001ab00800 JavaThread "Cache worker for Java compile cache (C:\Users\Kris\.gradle\caches\4.10.1\javaCompile)" [_thread_blocked, id=8148, stack(0x00000000268c0000,0x00000000269c0000)]
  0x000000001aafd800 JavaThread "stdout" daemon [_thread_in_native, id=8912, stack(0x00000000267c0000,0x00000000268c0000)]
  0x000000001aafc800 JavaThread "stderr" daemon [_thread_in_native, id=8584, stack(0x00000000266c0000,0x00000000267c0000)]
  0x000000001aaff000 JavaThread "stdout" daemon [_thread_in_native, id=1540, stack(0x00000000265c0000,0x00000000266c0000)]
  0x000000001aafc000 JavaThread "stderr" daemon [_thread_in_native, id=5500, stack(0x00000000264c0000,0x00000000265c0000)]
  0x000000001aafb000 JavaThread "stdout" daemon [_thread_in_native, id=9748, stack(0x00000000263c0000,0x00000000264c0000)]
  0x000000001aafa800 JavaThread "stderr" daemon [_thread_in_native, id=1680, stack(0x00000000262c0000,0x00000000263c0000)]
  0x000000001aaf9000 JavaThread "pool-7-thread-1" [_thread_blocked, id=4904, stack(0x00000000261c0000,0x00000000262c0000)]
  0x000000001aafe000 JavaThread "ForkJoinPool.commonPool-worker-3" daemon [_thread_blocked, id=9840, stack(0x00000000260c0000,0x00000000261c0000)]
  0x000000001b69d000 JavaThread "Cache worker for Build Output Cleanup Cache (E:\Development\Android\WearCasts\.gradle\buildOutputCleanup)" [_thread_blocked, id=11068, stack(0x0000000025cc0000,0x0000000025dc0000)]
  0x000000001b69e800 JavaThread "Cache worker for task history cache (E:\Development\Android\WearCasts\.gradle\4.10.1\taskHistory)" [_thread_blocked, id=10232, stack(0x0000000025bc0000,0x0000000025cc0000)]
  0x000000001b69b000 JavaThread "Task worker for ':' Thread 3" [_thread_blocked, id=5028, stack(0x0000000025ac0000,0x0000000025bc0000)]
  0x000000001f158000 JavaThread "Task worker for ':' Thread 2" [_thread_blocked, id=2044, stack(0x00000000259c0000,0x0000000025ac0000)]
  0x000000001f14f000 JavaThread "Task worker for ':'" [_thread_blocked, id=10052, stack(0x00000000258c0000,0x00000000259c0000)]
  0x000000001f155800 JavaThread "Cache worker for file content cache (E:\Development\Android\WearCasts\.gradle\4.10.1\fileContent)" [_thread_blocked, id=3520, stack(0x00000000257c0000,0x00000000258c0000)]
  0x000000001f14e000 JavaThread "Cache worker for file content cache (C:\Users\Kris\.gradle\caches\4.10.1\fileContent)" [_thread_blocked, id=9320, stack(0x00000000256c0000,0x00000000257c0000)]
  0x000000001f150800 JavaThread "pool-6-thread-1" [_thread_blocked, id=9812, stack(0x00000000255c0000,0x00000000256c0000)]
  0x000000001f14c000 JavaThread "Build operations Thread 4" [_thread_blocked, id=10916, stack(0x00000000254c0000,0x00000000255c0000)]
  0x000000001f14b000 JavaThread "Build operations Thread 3" [_thread_blocked, id=9872, stack(0x00000000253c0000,0x00000000254c0000)]
  0x000000001f14f800 JavaThread "Build operations Thread 2" [_thread_blocked, id=9572, stack(0x00000000252c0000,0x00000000253c0000)]
  0x000000001f151000 JavaThread "Build operations" [_thread_blocked, id=9196, stack(0x00000000251c0000,0x00000000252c0000)]
  0x000000001ed79000 JavaThread "Cache worker for cache directory md-rule (C:\Users\Kris\.gradle\caches\4.10.1\md-rule)" [_thread_blocked, id=7616, stack(0x00000000250c0000,0x00000000251c0000)]
  0x000000001ed76000 JavaThread "Cache worker for cache directory md-supplier (C:\Users\Kris\.gradle\caches\4.10.1\md-supplier)" [_thread_blocked, id=8228, stack(0x0000000024fc0000,0x00000000250c0000)]
  0x000000001ed78800 JavaThread "Cache worker for file hash cache (E:\Development\Android\WearCasts\.gradle\4.10.1\fileHashes)" [_thread_blocked, id=5100, stack(0x0000000024ec0000,0x0000000024fc0000)]
  0x000000001ed75000 JavaThread "Stdin handler" [_thread_blocked, id=10272, stack(0x0000000024dc0000,0x0000000024ec0000)]
  0x000000001ed73800 JavaThread "Asynchronous log dispatcher for DefaultDaemonConnection: socket connection from /127.0.0.1:57157 to /127.0.0.1:57249" [_thread_blocked, id=9784, stack(0x0000000024cc0000,0x0000000024dc0000)]
  0x000000001ed77800 JavaThread "Daemon worker Thread 2" [_thread_blocked, id=10604, stack(0x0000000024bc0000,0x0000000024cc0000)]
  0x000000001ed7a000 JavaThread "Cancel handler" [_thread_blocked, id=2584, stack(0x0000000024ac0000,0x0000000024bc0000)]
  0x000000001ed73000 JavaThread "Handler for socket connection from /127.0.0.1:57157 to /127.0.0.1:57249" [_thread_in_native, id=9632, stack(0x00000000249c0000,0x0000000024ac0000)]
  0x000000001ed74800 JavaThread "Daemon Thread 2" [_thread_blocked, id=4380, stack(0x00000000248c0000,0x00000000249c0000)]
  0x000000001f14d800 JavaThread "Memory manager" [_thread_blocked, id=5320, stack(0x00000000232c0000,0x00000000233c0000)]
  0x000000001b69b800 JavaThread "Cache worker for Artifact transforms cache (C:\Users\Kris\.gradle\caches\transforms-1)" [_thread_blocked, id=5952, stack(0x000000001fae0000,0x000000001fbe0000)]
  0x000000001b6a0000 JavaThread "Cache worker for journal cache (C:\Users\Kris\.gradle\caches\journal-1)" [_thread_blocked, id=4316, stack(0x000000001e530000,0x000000001e630000)]
  0x000000001925d000 JavaThread "File lock request listener" [_thread_in_native, id=3360, stack(0x000000001cbd0000,0x000000001ccd0000)]
  0x000000001b626800 JavaThread "Cache worker for file hash cache (C:\Users\Kris\.gradle\caches\4.10.1\fileHashes)" [_thread_blocked, id=5488, stack(0x000000001cad0000,0x000000001cbd0000)]
  0x0000000018dc6000 JavaThread "Daemon periodic checks" [_thread_blocked, id=2180, stack(0x000000001a030000,0x000000001a130000)]
  0x00000000190c5000 JavaThread "Incoming local TCP Connector on port 57157" [_thread_in_native, id=10304, stack(0x0000000019df0000,0x0000000019ef0000)]
  0x00000000178e8000 JavaThread "Service Thread" daemon [_thread_blocked, id=8972, stack(0x0000000017ee0000,0x0000000017fe0000)]
  0x00000000161ee000 JavaThread "C1 CompilerThread2" daemon [_thread_blocked, id=3988, stack(0x0000000017de0000,0x0000000017ee0000)]
  0x00000000161ed000 JavaThread "C2 CompilerThread1" daemon [_thread_in_native, id=6944, stack(0x0000000017ce0000,0x0000000017de0000)]
=>0x0000000016198800 JavaThread "C2 CompilerThread0" daemon [_thread_in_native, id=8832, stack(0x00000000177e0000,0x00000000178e0000)]
  0x0000000016197000 JavaThread "Attach Listener" daemon [_thread_blocked, id=4840, stack(0x00000000176e0000,0x00000000177e0000)]
  0x0000000016195800 JavaThread "Signal Dispatcher" daemon [_thread_blocked, id=10720, stack(0x00000000175e0000,0x00000000176e0000)]
  0x0000000002815800 JavaThread "Finalizer" daemon [_thread_blocked, id=9964, stack(0x00000000173f0000,0x00000000174f0000)]
  0x0000000002810800 JavaThread "Reference Handler" daemon [_thread_blocked, id=10564, stack(0x00000000172f0000,0x00000000173f0000)]
  0x000000000271d800 JavaThread "main" [_thread_blocked, id=10244, stack(0x00000000025c0000,0x00000000026c0000)]

Other Threads:
  0x0000000016157000 VMThread [stack: 0x00000000171f0000,0x00000000172f0000] [id=5560]
  0x00000000178e9800 WatcherThread [stack: 0x0000000017fe0000,0x00000000180e0000] [id=1364]

VM state:not at safepoint (normal execution)

VM Mutex/Monitor currently owned by a thread: None

Heap:
 PSYoungGen      total 455680K, used 359385K [0x00000000e0000000, 0x0000000100000000, 0x0000000100000000)
  eden space 420864K, 82% used [0x00000000e0000000,0x00000000f55125a0,0x00000000f9b00000)
  from space 34816K, 29% used [0x00000000fde00000,0x00000000fe7e41b8,0x0000000100000000)
  to   space 51712K, 0% used [0x00000000f9b00000,0x00000000f9b00000,0x00000000fcd80000)
 ParOldGen       total 180224K, used 134214K [0x00000000a0000000, 0x00000000ab000000, 0x00000000e0000000)
  object space 180224K, 74% used [0x00000000a0000000,0x00000000a8311868,0x00000000ab000000)
 Metaspace       used 83779K, capacity 86806K, committed 87040K, reserved 1124352K
  class space    used 10668K, capacity 11441K, committed 11520K, reserved 1048576K

Card table byte_map: [0x0000000011be0000,0x0000000011ef0000] byte_map_base: 0x00000000116e0000

Marking Bits: (ParMarkBitMap*) 0x0000000070b75aa0
 Begin Bits: [0x00000000124f0000, 0x0000000013cf0000)
 End Bits:   [0x0000000013cf0000, 0x00000000154f0000)

Polling page: 0x0000000002530000

CodeCache: size=245760Kb used=51198Kb max_used=52541Kb free=194561Kb
 bounds [0x0000000002820000, 0x0000000005c00000, 0x0000000011820000]
 total_blobs=15570 nmethods=14702 adapters=779
 compilation: enabled

Compilation events (10 events):
Event: 118.965 Thread 0x00000000161ee000 18466       2       proguard.classfile.editor.ConstantPoolRemapper::visitConstantElementValue (25 bytes)
Event: 118.965 Thread 0x00000000161ee000 nmethod 18466 0x0000000004fe4dd0 code [0x0000000004fe4f40, 0x0000000004fe50f8]
Event: 118.976 Thread 0x0000000016198800 nmethod 18464 0x0000000003b1add0 code [0x0000000003b1af80, 0x0000000003b1c678]
Event: 118.976 Thread 0x0000000016198800 18465       4       java.util.TimSort::sort (229 bytes)
Event: 119.014 Thread 0x0000000016198800 nmethod 18465 0x00000000051f28d0 code [0x00000000051f2b00, 0x00000000051f5650]
Event: 119.015 Thread 0x0000000016198800 18467       4       java.util.ComparableTimSort::mergeHi (729 bytes)
Event: 119.030 Thread 0x00000000161ed000 nmethod 18379 0x000000000581cb90 code [0x000000000581d680, 0x00000000058270e8]
Event: 119.031 Thread 0x00000000161ed000 18461 %     4       proguard.classfile.editor.ConstantPoolSorter::visitProgramClass @ 42 (263 bytes)
Event: 119.032 Thread 0x0000000016198800 nmethod 18467 0x0000000003c85ad0 code [0x0000000003c85ca0, 0x0000000003c874b8]
Event: 119.032 Thread 0x0000000016198800 18468 %     4       java.util.ComparableTimSort::mergeHi @ 185 (729 bytes)

GC Heap History (10 events):
Event: 35.592 GC heap before
{Heap before GC invocations=13 (full 3):
 PSYoungGen      total 262656K, used 240128K [0x00000000e0000000, 0x00000000f9700000, 0x0000000100000000)
  eden space 240128K, 100% used [0x00000000e0000000,0x00000000eea80000,0x00000000eea80000)
  from space 22528K, 0% used [0x00000000eea80000,0x00000000eea80000,0x00000000f0080000)
  to   space 22016K, 0% used [0x00000000f8180000,0x00000000f8180000,0x00000000f9700000)
 ParOldGen       total 180224K, used 28806K [0x00000000a0000000, 0x00000000ab000000, 0x00000000e0000000)
  object space 180224K, 15% used [0x00000000a0000000,0x00000000a1c21858,0x00000000ab000000)
 Metaspace       used 68382K, capacity 71038K, committed 71168K, reserved 1110016K
  class space    used 8972K, capacity 9675K, committed 9728K, reserved 1048576K
Event: 35.613 GC heap after
Heap after GC invocations=13 (full 3):
 PSYoungGen      total 360960K, used 18885K [0x00000000e0000000, 0x00000000f9400000, 0x0000000100000000)
  eden space 342016K, 0% used [0x00000000e0000000,0x00000000e0000000,0x00000000f4e00000)
  from space 18944K, 99% used [0x00000000f8180000,0x00000000f93f1638,0x00000000f9400000)
  to   space 23552K, 0% used [0x00000000f6600000,0x00000000f6600000,0x00000000f7d00000)
 ParOldGen       total 180224K, used 28806K [0x00000000a0000000, 0x00000000ab000000, 0x00000000e0000000)
  object space 180224K, 15% used [0x00000000a0000000,0x00000000a1c21858,0x00000000ab000000)
 Metaspace       used 68382K, capacity 71038K, committed 71168K, reserved 1110016K
  class space    used 8972K, capacity 9675K, committed 9728K, reserved 1048576K
}
Event: 106.802 GC heap before
{Heap before GC invocations=14 (full 3):
 PSYoungGen      total 360960K, used 360901K [0x00000000e0000000, 0x00000000f9400000, 0x0000000100000000)
  eden space 342016K, 100% used [0x00000000e0000000,0x00000000f4e00000,0x00000000f4e00000)
  from space 18944K, 99% used [0x00000000f8180000,0x00000000f93f1638,0x00000000f9400000)
  to   space 23552K, 0% used [0x00000000f6600000,0x00000000f6600000,0x00000000f7d00000)
 ParOldGen       total 180224K, used 28806K [0x00000000a0000000, 0x00000000ab000000, 0x00000000e0000000)
  object space 180224K, 15% used [0x00000000a0000000,0x00000000a1c21858,0x00000000ab000000)
 Metaspace       used 72003K, capacity 74790K, committed 74880K, reserved 1114112K
  class space    used 9368K, capacity 10093K, committed 10112K, reserved 1048576K
Event: 106.834 GC heap after
Heap after GC invocations=14 (full 3):
 PSYoungGen      total 390144K, used 23520K [0x00000000e0000000, 0x0000000100000000, 0x0000000100000000)
  eden space 366592K, 0% used [0x00000000e0000000,0x00000000e0000000,0x00000000f6600000)
  from space 23552K, 99% used [0x00000000f6600000,0x00000000f7cf8070,0x00000000f7d00000)
  to   space 34816K, 0% used [0x00000000fde00000,0x00000000fde00000,0x0000000100000000)
 ParOldGen       total 180224K, used 51941K [0x00000000a0000000, 0x00000000ab000000, 0x00000000e0000000)
  object space 180224K, 28% used [0x00000000a0000000,0x00000000a32b96b8,0x00000000ab000000)
 Metaspace       used 72003K, capacity 74790K, committed 74880K, reserved 1114112K
  class space    used 9368K, capacity 10093K, committed 10112K, reserved 1048576K
}
Event: 112.934 GC heap before
{Heap before GC invocations=15 (full 3):
 PSYoungGen      total 390144K, used 390112K [0x00000000e0000000, 0x0000000100000000, 0x0000000100000000)
  eden space 366592K, 100% used [0x00000000e0000000,0x00000000f6600000,0x00000000f6600000)
  from space 23552K, 99% used [0x00000000f6600000,0x00000000f7cf8070,0x00000000f7d00000)
  to   space 34816K, 0% used [0x00000000fde00000,0x00000000fde00000,0x0000000100000000)
 ParOldGen       total 180224K, used 51941K [0x00000000a0000000, 0x00000000ab000000, 0x00000000e0000000)
  object space 180224K, 28% used [0x00000000a0000000,0x00000000a32b96b8,0x00000000ab000000)
 Metaspace       used 80201K, capacity 83244K, committed 83456K, reserved 1122304K
  class space    used 10198K, capacity 10982K, committed 11008K, reserved 1048576K
Event: 112.960 GC heap after
Heap after GC invocations=15 (full 3):
 PSYoungGen      total 491008K, used 14864K [0x00000000e0000000, 0x0000000100000000, 0x0000000100000000)
  eden space 456192K, 0% used [0x00000000e0000000,0x00000000e0000000,0x00000000fbd80000)
  from space 34816K, 42% used [0x00000000fde00000,0x00000000fec84178,0x0000000100000000)
  to   space 33280K, 0% used [0x00000000fbd80000,0x00000000fbd80000,0x00000000fde00000)
 ParOldGen       total 180224K, used 72234K [0x00000000a0000000, 0x00000000ab000000, 0x00000000e0000000)
  object space 180224K, 40% used [0x00000000a0000000,0x00000000a468aa58,0x00000000ab000000)
 Metaspace       used 80201K, capacity 83244K, committed 83456K, reserved 1122304K
  class space    used 10198K, capacity 10982K, committed 11008K, reserved 1048576K
}
Event: 114.977 GC heap before
{Heap before GC invocations=16 (full 3):
 PSYoungGen      total 491008K, used 471056K [0x00000000e0000000, 0x0000000100000000, 0x0000000100000000)
  eden space 456192K, 100% used [0x00000000e0000000,0x00000000fbd80000,0x00000000fbd80000)
  from space 34816K, 42% used [0x00000000fde00000,0x00000000fec84178,0x0000000100000000)
  to   space 33280K, 0% used [0x00000000fbd80000,0x00000000fbd80000,0x00000000fde00000)
 ParOldGen       total 180224K, used 72234K [0x00000000a0000000, 0x00000000ab000000, 0x00000000e0000000)
  object space 180224K, 40% used [0x00000000a0000000,0x00000000a468aa58,0x00000000ab000000)
 Metaspace       used 82751K, capacity 85718K, committed 85888K, reserved 1124352K
  class space    used 10537K, capacity 11313K, committed 11392K, reserved 1048576K
Event: 115.025 GC heap after
Heap after GC invocations=16 (full 3):
 PSYoungGen      total 489472K, used 33276K [0x00000000e0000000, 0x0000000100000000, 0x0000000100000000)
  eden space 456192K, 0% used [0x00000000e0000000,0x00000000e0000000,0x00000000fbd80000)
  from space 33280K, 99% used [0x00000000fbd80000,0x00000000fddff310,0x00000000fde00000)
  to   space 34816K, 0% used [0x00000000fde00000,0x00000000fde00000,0x0000000100000000)
 ParOldGen       total 180224K, used 112519K [0x00000000a0000000, 0x00000000ab000000, 0x00000000e0000000)
  object space 180224K, 62% used [0x00000000a0000000,0x00000000a6de1ce0,0x00000000ab000000)
 Metaspace       used 82751K, capacity 85718K, committed 85888K, reserved 1124352K
  class space    used 10537K, capacity 11313K, committed 11392K, reserved 1048576K
}
Event: 117.087 GC heap before
{Heap before GC invocations=17 (full 3):
 PSYoungGen      total 489472K, used 489468K [0x00000000e0000000, 0x0000000100000000, 0x0000000100000000)
  eden space 456192K, 100% used [0x00000000e0000000,0x00000000fbd80000,0x00000000fbd80000)
  from space 33280K, 99% used [0x00000000fbd80000,0x00000000fddff310,0x00000000fde00000)
  to   space 34816K, 0% used [0x00000000fde00000,0x00000000fde00000,0x0000000100000000)
 ParOldGen       total 180224K, used 112519K [0x00000000a0000000, 0x00000000ab000000, 0x00000000e0000000)
  object space 180224K, 62% used [0x00000000a0000000,0x00000000a6de1ce0,0x00000000ab000000)
 Metaspace       used 83526K, capacity 86518K, committed 86784K, reserved 1124352K
  class space    used 10641K, capacity 11409K, committed 11520K, reserved 1048576K
Event: 117.108 GC heap after
Heap after GC invocations=17 (full 3):
 PSYoungGen      total 455680K, used 10128K [0x00000000e0000000, 0x0000000100000000, 0x0000000100000000)
  eden space 420864K, 0% used [0x00000000e0000000,0x00000000e0000000,0x00000000f9b00000)
  from space 34816K, 29% used [0x00000000fde00000,0x00000000fe7e41b8,0x0000000100000000)
  to   space 51712K, 0% used [0x00000000f9b00000,0x00000000f9b00000,0x00000000fcd80000)
 ParOldGen       total 180224K, used 134214K [0x00000000a0000000, 0x00000000ab000000, 0x00000000e0000000)
  object space 180224K, 74% used [0x00000000a0000000,0x00000000a8311868,0x00000000ab000000)
 Metaspace       used 83526K, capacity 86518K, committed 86784K, reserved 1124352K
  class space    used 10641K, capacity 11409K, committed 11520K, reserved 1048576K
}

Deoptimization events (10 events):
Event: 118.929 Thread 0x000000001ab04000 Uncommon trap: reason=array_check action=maybe_recompile pc=0x00000000056c75cc method=java.util.TimSort.binarySort([Ljava/lang/Object;IIILjava/util/Comparator;)V @ 193
Event: 118.962 Thread 0x000000001ab04000 Uncommon trap: reason=array_check action=maybe_recompile pc=0x0000000005655518 method=java.util.TimSort.binarySort([Ljava/lang/Object;IIILjava/util/Comparator;)V @ 215
Event: 118.963 Thread 0x000000001ab04000 Uncommon trap: reason=array_check action=maybe_recompile pc=0x0000000005655518 method=java.util.TimSort.binarySort([Ljava/lang/Object;IIILjava/util/Comparator;)V @ 215
Event: 118.988 Thread 0x000000001ab04000 Uncommon trap: reason=array_check action=maybe_recompile pc=0x0000000003b1c318 method=java.util.ComparableTimSort.mergeHi(IIII)V @ 101
Event: 118.988 Thread 0x000000001ab04000 Uncommon trap: reason=array_check action=maybe_recompile pc=0x0000000003b1c318 method=java.util.ComparableTimSort.mergeHi(IIII)V @ 101
Event: 118.988 Thread 0x000000001ab04000 Uncommon trap: reason=array_check action=maybe_recompile pc=0x0000000003b1c318 method=java.util.ComparableTimSort.mergeHi(IIII)V @ 101
Event: 118.988 Thread 0x000000001ab04000 Uncommon trap: reason=array_check action=maybe_recompile pc=0x0000000003b1c318 method=java.util.ComparableTimSort.mergeHi(IIII)V @ 101
Event: 118.988 Thread 0x000000001ab04000 Uncommon trap: reason=array_check action=maybe_recompile pc=0x0000000004f1aef4 method=java.util.ComparableTimSort.mergeHi(IIII)V @ 277
Event: 118.989 Thread 0x000000001ab04000 Uncommon trap: reason=array_check action=maybe_recompile pc=0x0000000004f1aef4 method=java.util.ComparableTimSort.mergeHi(IIII)V @ 277
Event: 119.032 Thread 0x000000001ab04000 Uncommon trap: reason=predicate action=maybe_recompile pc=0x0000000003c8712c method=java.util.ComparableTimSort.mergeHi(IIII)V @ 185

Classes redefined (0 events):
No events

Internal exceptions (10 events):
Event: 114.030 Thread 0x000000001ab04000 Implicit null exception at 0x0000000005542e07 to 0x0000000005543d75
Event: 114.095 Thread 0x000000001ab04000 Implicit null exception at 0x00000000052a5b94 to 0x00000000052a5c11
Event: 114.099 Thread 0x000000001ab04000 Implicit null exception at 0x00000000036548d9 to 0x00000000036549d1
Event: 114.269 Thread 0x000000001ab04000 Implicit null exception at 0x000000000502c84a to 0x000000000502cfb5
Event: 116.550 Thread 0x000000001ab04000 Implicit null exception at 0x0000000005a47436 to 0x0000000005a48054
Event: 116.959 Thread 0x000000001ab04000 Implicit null exception at 0x0000000005ac98f9 to 0x0000000005aca089
Event: 117.085 Thread 0x000000001ab04000 Implicit null exception at 0x0000000005b01220 to 0x0000000005b01635
Event: 117.251 Thread 0x000000001ab04000 Implicit null exception at 0x0000000002b3028c to 0x0000000002b305e9
Event: 118.075 Thread 0x000000001ab04000 Implicit null exception at 0x000000000510707a to 0x0000000005107b25
Event: 118.075 Thread 0x000000001ab04000 Implicit null exception at 0x00000000047aa080 to 0x00000000047aa359

Events (10 events):
Event: 119.023 Thread 0x000000001ab04000 DEOPT UNPACKING pc=0x00000000028675d0 sp=0x0000000026bbed28 mode 0
Event: 119.032 Thread 0x000000001ab04000 Uncommon trap: trap_request=0xffffff86 fr.pc=0x0000000003c8712c
Event: 119.032 Thread 0x000000001ab04000 DEOPT PACKING pc=0x0000000003c8712c sp=0x0000000026bbed50
Event: 119.032 Thread 0x000000001ab04000 DEOPT UNPACKING pc=0x000000000286557b sp=0x0000000026bbed50 mode 2
Event: 119.032 Thread 0x000000001ab04000 DEOPT PACKING pc=0x0000000005047dc6 sp=0x0000000026bbefa0
Event: 119.032 Thread 0x000000001ab04000 DEOPT UNPACKING pc=0x00000000028675d0 sp=0x0000000026bbed28 mode 0
Event: 119.036 Thread 0x000000001ab04000 DEOPT PACKING pc=0x0000000005047dc6 sp=0x0000000026bbefa0
Event: 119.036 Thread 0x000000001ab04000 DEOPT UNPACKING pc=0x00000000028675d0 sp=0x0000000026bbed28 mode 0
Event: 119.038 Thread 0x000000001ab04000 DEOPT PACKING pc=0x0000000005047dc6 sp=0x0000000026bbefa0
Event: 119.038 Thread 0x000000001ab04000 DEOPT UNPACKING pc=0x00000000028675d0 sp=0x0000000026bbed28 mode 0


Dynamic libraries:
0x00007ff657bd0000 - 0x00007ff657c01000 	C:\Program Files\Android\Android Studio\jre\bin\java.exe
0x00007ffc29ed0000 - 0x00007ffc2a0b1000 	C:\WINDOWS\SYSTEM32\ntdll.dll
0x00007ffc27860000 - 0x00007ffc27912000 	C:\WINDOWS\System32\KERNEL32.DLL
0x00007ffc26ac0000 - 0x00007ffc26d33000 	C:\WINDOWS\System32\KERNELBASE.dll
0x00007ffc298b0000 - 0x00007ffc29951000 	C:\WINDOWS\System32\ADVAPI32.dll
0x00007ffc29cb0000 - 0x00007ffc29d4e000 	C:\WINDOWS\System32\msvcrt.dll
0x00007ffc27800000 - 0x00007ffc2785b000 	C:\WINDOWS\System32\sechost.dll
0x00007ffc29d60000 - 0x00007ffc29e84000 	C:\WINDOWS\System32\RPCRT4.dll
0x00007ffc27450000 - 0x00007ffc275e0000 	C:\WINDOWS\System32\USER32.dll
0x00007ffc26340000 - 0x00007ffc26360000 	C:\WINDOWS\System32\win32u.dll
0x00007ffc297e0000 - 0x00007ffc29808000 	C:\WINDOWS\System32\GDI32.dll
0x00007ffc26e50000 - 0x00007ffc26fe2000 	C:\WINDOWS\System32\gdi32full.dll
0x00007ffc262a0000 - 0x00007ffc2633f000 	C:\WINDOWS\System32\msvcp_win.dll
0x00007ffc27260000 - 0x00007ffc2735a000 	C:\WINDOWS\System32\ucrtbase.dll
0x00007ffc1b630000 - 0x00007ffc1b899000 	C:\WINDOWS\WinSxS\amd64_microsoft.windows.common-controls_6595b64144ccf1df_6.0.17134.590_none_fb3d9bff3069e088\COMCTL32.dll
0x00007ffc29980000 - 0x00007ffc29ca2000 	C:\WINDOWS\System32\combase.dll
0x00007ffc271e0000 - 0x00007ffc2725a000 	C:\WINDOWS\System32\bcryptPrimitives.dll
0x00007ffc29810000 - 0x00007ffc2983d000 	C:\WINDOWS\System32\IMM32.DLL
0x0000000070f10000 - 0x0000000070fe2000 	C:\Program Files\Android\Android Studio\jre\jre\bin\msvcr100.dll
0x00000000703b0000 - 0x0000000070bf1000 	C:\Program Files\Android\Android Studio\jre\jre\bin\server\jvm.dll
0x00007ffc29840000 - 0x00007ffc29848000 	C:\WINDOWS\System32\PSAPI.DLL
0x00007ffc244a0000 - 0x00007ffc244c3000 	C:\WINDOWS\SYSTEM32\WINMM.dll
0x00007ffc21610000 - 0x00007ffc2161a000 	C:\WINDOWS\SYSTEM32\VERSION.dll
0x00007ffc24420000 - 0x00007ffc2444a000 	C:\WINDOWS\SYSTEM32\WINMMBASE.dll
0x00007ffc1fae0000 - 0x00007ffc1fae9000 	C:\WINDOWS\SYSTEM32\WSOCK32.dll
0x00007ffc26a70000 - 0x00007ffc26ab9000 	C:\WINDOWS\System32\cfgmgr32.dll
0x00007ffc29770000 - 0x00007ffc297dc000 	C:\WINDOWS\System32\ws2_32.DLL
0x00007ffc244d0000 - 0x00007ffc244df000 	C:\Program Files\Android\Android Studio\jre\jre\bin\verify.dll
0x00007ffc22c10000 - 0x00007ffc22c39000 	C:\Program Files\Android\Android Studio\jre\jre\bin\java.dll
0x00007ffc22c50000 - 0x00007ffc22c66000 	C:\Program Files\Android\Android Studio\jre\jre\bin\zip.dll
0x00007ffc28330000 - 0x00007ffc29770000 	C:\WINDOWS\System32\SHELL32.dll
0x00007ffc28280000 - 0x00007ffc28329000 	C:\WINDOWS\System32\shcore.dll
0x00007ffc26360000 - 0x00007ffc26a6d000 	C:\WINDOWS\System32\windows.storage.dll
0x00007ffc28220000 - 0x00007ffc28271000 	C:\WINDOWS\System32\shlwapi.dll
0x00007ffc26250000 - 0x00007ffc26261000 	C:\WINDOWS\System32\kernel.appcore.dll
0x00007ffc261e0000 - 0x00007ffc261ff000 	C:\WINDOWS\System32\profapi.dll
0x00007ffc26200000 - 0x00007ffc2624c000 	C:\WINDOWS\System32\powrprof.dll
0x00007ffc26270000 - 0x00007ffc2627a000 	C:\WINDOWS\System32\FLTLIB.DLL
0x00007ffc22bf0000 - 0x00007ffc22c0a000 	C:\Program Files\Android\Android Studio\jre\jre\bin\net.dll
0x00007ffc25a60000 - 0x00007ffc25ac6000 	C:\WINDOWS\system32\mswsock.dll
0x00007ffc226c0000 - 0x00007ffc226d1000 	C:\Program Files\Android\Android Studio\jre\jre\bin\nio.dll
0x00007ffc19450000 - 0x00007ffc1946e000 	C:\Users\Kris\.gradle\native\25\windows-amd64\native-platform.dll
0x00007ffc226b0000 - 0x00007ffc226bd000 	C:\Program Files\Android\Android Studio\jre\jre\bin\management.dll
0x00007ffc25c20000 - 0x00007ffc25c37000 	C:\WINDOWS\SYSTEM32\CRYPTSP.dll
0x00007ffc25640000 - 0x00007ffc25673000 	C:\WINDOWS\system32\rsaenh.dll
0x00007ffc25d40000 - 0x00007ffc25d65000 	C:\WINDOWS\SYSTEM32\bcrypt.dll
0x00007ffc26110000 - 0x00007ffc26138000 	C:\WINDOWS\SYSTEM32\USERENV.dll
0x00007ffc25c10000 - 0x00007ffc25c1b000 	C:\WINDOWS\SYSTEM32\CRYPTBASE.dll
0x00007ffc257e0000 - 0x00007ffc25818000 	C:\WINDOWS\SYSTEM32\IPHLPAPI.DLL
0x00007ffc29d50000 - 0x00007ffc29d58000 	C:\WINDOWS\System32\NSI.dll
0x00007ffc1fe30000 - 0x00007ffc1fe46000 	C:\WINDOWS\SYSTEM32\dhcpcsvc6.DLL
0x00007ffc20a70000 - 0x00007ffc20a8a000 	C:\WINDOWS\SYSTEM32\dhcpcsvc.DLL
0x00007ffc252d0000 - 0x00007ffc25301000 	C:\WINDOWS\SYSTEM32\ntmarta.dll
0x00007ffc1f850000 - 0x00007ffc1fa19000 	C:\WINDOWS\SYSTEM32\dbghelp.dll

VM Arguments:
jvm_args: -Xmx1536m -Dfile.encoding=windows-1252 -Duser.country=US -Duser.language=en -Duser.variant 
java_command: org.gradle.launcher.daemon.bootstrap.GradleDaemon 4.10.1
java_class_path (initial): C:\Users\Kris\.gradle\wrapper\dists\gradle-4.10.1-all\455itskqi2qtf0v2sja68alqd\gradle-4.10.1\lib\gradle-launcher-4.10.1.jar
Launcher Type: SUN_STANDARD

Environment Variables:
PATH=C:\Windows\system32;C:\Windows;C:\Windows\System32\Wbem;C:\Windows\System32\WindowsPowerShell\v1.0\;C:\Program Files (x86)\NVIDIA Corporation\PhysX\Common;C:\Users\Kris\AppData\Local\Microsoft\WindowsApps;C:\Program Files (x86)\Common Files\Acronis\SnapAPI\;C:\WINDOWS\system32;C:\WINDOWS;C:\WINDOWS\System32\Wbem;C:\WINDOWS\System32\WindowsPowerShell\v1.0\;D:\Program Files\GnuPG\pub;C:\WINDOWS\System32\OpenSSH\;C:\Program Files\Java\jdk-10.0.2\bin;C:\Users\Kris\AppData\Local\Microsoft\WindowsApps;C:\Users\Kris\AppData\Local\GitHubDesktop\bin;%USERPROFILE%\AppData\Local\Microsoft\WindowsApps;;C:\Program Files (x86)\Common Files\Acronis\TibMounter64
USERNAME=Kris
OS=Windows_NT
PROCESSOR_IDENTIFIER=Intel64 Family 6 Model 94 Stepping 3, GenuineIntel



---------------  S Y S T E M  ---------------

OS: Windows 10.0 , 64 bit Build 17134 (10.0.17134.556)

CPU:total 4 (initial active 4) (4 cores per cpu, 1 threads per core) family 6 model 94 stepping 3, cmov, cx8, fxsr, mmx, sse, sse2, sse3, ssse3, sse4.1, sse4.2, popcnt, avx, avx2, aes, clmul, erms, rtm, 3dnowpref, lzcnt, tsc, tscinvbit, bmi1, bmi2, adx

Memory: 4k page, physical 16716864k(7936648k free), swap 19207232k(4689444k free)

vm_info: OpenJDK 64-Bit Server VM (25.152-b01) for windows-amd64 JRE (1.8.0_152-release-1248-b01), built by "builder" with MS VC++ 10.0 (VS2010)

time: Sun Mar 03 18:32:07 2019
elapsed time: 119 seconds (0d 0h 1m 59s)

