#
# A fatal error has been detected by the Java Runtime Environment:
#
#  EXCEPTION_ACCESS_VIOLATION (0xc0000005) at pc=0x00000000708190ed, pid=9276, tid=0x0000000000001d5c
#
# JRE version: OpenJDK Runtime Environment (8.0_152-b01) (build 1.8.0_152-release-1248-b01)
# Java VM: OpenJDK 64-Bit Server VM (25.152-b01 mixed mode windows-amd64 compressed oops)
# Problematic frame:
# V  [jvm.dll+0x4690ed]
#
# Failed to write core dump. Minidumps are not enabled by default on client versions of Windows
#
# If you would like to submit a bug report, please visit:
#   http://bugreport.java.com/bugreport/crash.jsp
#

---------------  T H R E A D  ---------------

Current thread (0x00000000161e8000):  JavaThread "C2 CompilerThread0" daemon [_thread_in_native, id=7516, stack(0x0000000017830000,0x0000000017930000)]

siginfo: ExceptionCode=0xc0000005, reading address 0x0000000000000000

Registers:
RAX=0x0000000026675760, RBX=0x00000000195a0e60, RCX=0x0000000000000000, RDX=0x0000000000000003
RSP=0x000000001792bfb0, RBP=0x000000000000007a, RSI=0x0000000000000003, RDI=0x000000001792c1e0
R8 =0x0000000000000001, R9 =0x0000000019443600, R10=0x00000000000000b4, R11=0x0000000026675750
R12=0x0000000000004c40, R13=0x000000001dc44610, R14=0x00000000703b0000, R15=0x00000000000003d8
RIP=0x00000000708190ed, EFLAGS=0x0000000000010206

Top of Stack: (sp=0x000000001792bfb0)
0x000000001792bfb0:   0000000026680dd0 00000000195a0e60
0x000000001792bfc0:   000000000000007a 0000000000000003
0x000000001792bfd0:   000000b900000000 0000000000000006
0x000000001792bfe0:   000000001df0ae40 0000000000000001
0x000000001792bff0:   0000000026673320 0000000000000006
0x000000001792c000:   0000000026673310 00000000000002c3
0x000000001792c010:   000000001dc449e8 000000001dc44610
0x000000001792c020:   0000000000000000 00000000707e20e1
0x000000001792c030:   000000001792c4d0 0000000000000000
0x000000001792c040:   00000000703b0000 000000000000007a
0x000000001792c050:   000001d900000000 0000000000000008
0x000000001792c060:   0000000019443260 0000000000000006
0x000000001792c070:   0000000026680de0 0000000000000006
0x000000001792c080:   0000000026680dd0 0000000000000000
0x000000001792c090:   0000000000000000 0000000070837664
0x000000001792c0a0:   0000000000000000 0000000000000000 

Instructions: (pc=0x00000000708190ed)
0x00000000708190cd:   48 8b cd 48 c1 e9 08 83 e2 07 4f 8d 1c 92 49 c1
0x00000000708190dd:   e3 05 41 b8 01 00 00 00 4c 03 5f 10 49 8b 43 08
0x00000000708190ed:   4c 8b 0c c8 8b cd 83 e1 1f 41 d3 e0 8b ca 41 8b
0x00000000708190fd:   14 91 41 8b c0 f7 d0 23 c2 41 89 04 89 41 85 d0 


Register to memory mapping:

RAX=0x0000000026675760 is an unknown value
RBX=0x00000000195a0e60 is an unknown value
RCX=0x0000000000000000 is an unknown value
RDX=0x0000000000000003 is an unknown value
RSP=0x000000001792bfb0 is pointing into the stack for thread: 0x00000000161e8000
RBP=0x000000000000007a is an unknown value
RSI=0x0000000000000003 is an unknown value
RDI=0x000000001792c1e0 is pointing into the stack for thread: 0x00000000161e8000
R8 =0x0000000000000001 is an unknown value
R9 =0x0000000019443600 is an unknown value
R10=0x00000000000000b4 is an unknown value
R11=0x0000000026675750 is an unknown value
R12=0x0000000000004c40 is an unknown value
R13=0x000000001dc44610 is an unknown value
R14=0x00000000703b0000 is an unknown value
R15=0x00000000000003d8 is an unknown value


Stack: [0x0000000017830000,0x0000000017930000],  sp=0x000000001792bfb0,  free space=1007k
Native frames: (J=compiled Java code, j=interpreted, Vv=VM code, C=native code)
V  [jvm.dll+0x4690ed]
V  [jvm.dll+0x4320e1]
V  [jvm.dll+0x434c74]
V  [jvm.dll+0x43f99b]
V  [jvm.dll+0x44226e]
V  [jvm.dll+0x4252c2]
V  [jvm.dll+0x813d8]
V  [jvm.dll+0x81d0f]
V  [jvm.dll+0x21d41f]
V  [jvm.dll+0x26d9aa]
C  [msvcr100.dll+0x21d9f]
C  [msvcr100.dll+0x21e3b]
C  [KERNEL32.DLL+0x13dc4]
C  [ntdll.dll+0x73691]


Current CompileTask:
C2:  99149 30117       4       com.intellij.openapi.vfs.impl.jar.CoreJarHandler::getOrCreateFile (106 bytes)


---------------  P R O C E S S  ---------------

Java Threads: ( => current thread )
  0x000000001b160000 JavaThread "ForkJoinPool.commonPool-worker-2" daemon [_thread_blocked, id=10204, stack(0x0000000032590000,0x0000000032690000)]
  0x000000001b163000 JavaThread "Exec process Thread 3" [_thread_blocked, id=6700, stack(0x0000000032490000,0x0000000032590000)]
  0x000000001b162000 JavaThread "Exec process Thread 2" [_thread_blocked, id=10928, stack(0x0000000032390000,0x0000000032490000)]
  0x000000001b157000 JavaThread "Exec process" [_thread_blocked, id=7920, stack(0x0000000032290000,0x0000000032390000)]
  0x000000001b158800 JavaThread "Tasks limiter_4" daemon [_thread_blocked, id=6496, stack(0x000000002cb80000,0x000000002cc80000)]
  0x000000001d10c000 JavaThread "Tasks limiter_3" daemon [_thread_blocked, id=9348, stack(0x000000002ca80000,0x000000002cb80000)]
  0x000000001d104800 JavaThread "Tasks limiter_2" daemon [_thread_blocked, id=5032, stack(0x000000002c980000,0x000000002ca80000)]
  0x000000001d10b800 JavaThread "Tasks limiter_1" daemon [_thread_blocked, id=6400, stack(0x000000002c880000,0x000000002c980000)]
  0x000000001d10a800 JavaThread "Cache worker for Java compile cache (E:\Development\Android\WearCasts\.gradle\4.10.1\javaCompile)" [_thread_blocked, id=8748, stack(0x000000002c780000,0x000000002c880000)]
  0x000000001d10a000 JavaThread "stdout" daemon [_thread_in_native, id=10776, stack(0x000000002c680000,0x000000002c780000)]
  0x000000001d107800 JavaThread "stderr" daemon [_thread_in_native, id=10748, stack(0x000000002c580000,0x000000002c680000)]
  0x000000001d109000 JavaThread "stdout" daemon [_thread_in_native, id=10988, stack(0x000000002c480000,0x000000002c580000)]
  0x000000001d101800 JavaThread "stderr" daemon [_thread_in_native, id=5156, stack(0x000000002c380000,0x000000002c480000)]
  0x000000001d106000 JavaThread "stdout" daemon [_thread_in_native, id=4000, stack(0x000000002c180000,0x000000002c280000)]
  0x000000001d108800 JavaThread "stderr" daemon [_thread_in_native, id=7592, stack(0x000000002c080000,0x000000002c180000)]
  0x000000001d107000 JavaThread "pool-11-thread-1" [_thread_blocked, id=4348, stack(0x000000002bf80000,0x000000002c080000)]
  0x000000001d102000 JavaThread "ForkJoinPool.commonPool-worker-3" daemon [_thread_blocked, id=3836, stack(0x000000002be80000,0x000000002bf80000)]
  0x000000001aba3800 JavaThread "Cache worker for Build Output Cleanup Cache (E:\Development\Android\WearCasts\.gradle\buildOutputCleanup)" [_thread_blocked, id=7356, stack(0x000000002bc80000,0x000000002bd80000)]
  0x000000001aba2800 JavaThread "Cache worker for task history cache (E:\Development\Android\WearCasts\.gradle\4.10.1\taskHistory)" [_thread_blocked, id=10220, stack(0x000000002bb80000,0x000000002bc80000)]
  0x000000001aba2000 JavaThread "Task worker for ':' Thread 3" [_thread_in_vm, id=8276, stack(0x000000002ba80000,0x000000002bb80000)]
  0x000000001aba0800 JavaThread "Task worker for ':' Thread 2" [_thread_blocked, id=4896, stack(0x000000002b980000,0x000000002ba80000)]
  0x000000001aba4000 JavaThread "Task worker for ':'" [_thread_blocked, id=8504, stack(0x000000002b880000,0x000000002b980000)]
  0x000000001aba5800 JavaThread "Cache worker for file content cache (E:\Development\Android\WearCasts\.gradle\4.10.1\fileContent)" [_thread_blocked, id=8908, stack(0x000000002b780000,0x000000002b880000)]
  0x000000001aba1000 JavaThread "pool-10-thread-1" [_thread_blocked, id=7860, stack(0x000000002b680000,0x000000002b780000)]
  0x000000001aba5000 JavaThread "Build operations Thread 4" [_thread_blocked, id=7784, stack(0x000000002b580000,0x000000002b680000)]
  0x000000001ab99000 JavaThread "Build operations Thread 3" [_thread_blocked, id=9624, stack(0x000000002b480000,0x000000002b580000)]
  0x000000001ab9d800 JavaThread "Build operations Thread 2" [_thread_blocked, id=8148, stack(0x000000002b380000,0x000000002b480000)]
  0x000000001ab9f800 JavaThread "Build operations" [_thread_blocked, id=11112, stack(0x000000002b280000,0x000000002b380000)]
  0x000000001ab98000 JavaThread "Cache worker for cache directory md-rule (C:\Users\Kris\.gradle\caches\4.10.1\md-rule)" [_thread_blocked, id=10044, stack(0x000000002b180000,0x000000002b280000)]
  0x000000001ab9f000 JavaThread "Cache worker for cache directory md-supplier (C:\Users\Kris\.gradle\caches\4.10.1\md-supplier)" [_thread_blocked, id=8912, stack(0x000000002b080000,0x000000002b180000)]
  0x000000001ab9c000 JavaThread "Cache worker for file hash cache (E:\Development\Android\WearCasts\.gradle\4.10.1\fileHashes)" [_thread_blocked, id=1540, stack(0x000000002af80000,0x000000002b080000)]
  0x000000001ab97800 JavaThread "Stdin handler" [_thread_blocked, id=9748, stack(0x000000002ae80000,0x000000002af80000)]
  0x000000001ab99800 JavaThread "Asynchronous log dispatcher for DefaultDaemonConnection: socket connection from /127.0.0.1:57316 to /127.0.0.1:57375" [_thread_blocked, id=1680, stack(0x000000002ad80000,0x000000002ae80000)]
  0x000000001ab9c800 JavaThread "Cancel handler" [_thread_blocked, id=5028, stack(0x000000002ac80000,0x000000002ad80000)]
  0x000000001ab9a800 JavaThread "Handler for socket connection from /127.0.0.1:57316 to /127.0.0.1:57375" [_thread_in_native, id=5500, stack(0x000000002ab80000,0x000000002ac80000)]
  0x000000001b163800 JavaThread "Cache worker for Java compile cache (C:\Users\Kris\.gradle\caches\4.10.1\javaCompile)" [_thread_blocked, id=9132, stack(0x00000000284b0000,0x00000000285b0000)]
  0x000000001d100000 JavaThread "Cache worker for file content cache (C:\Users\Kris\.gradle\caches\4.10.1\fileContent)" [_thread_blocked, id=1532, stack(0x0000000025410000,0x0000000025510000)]
  0x000000001d0fe800 JavaThread "Memory manager" [_thread_blocked, id=6688, stack(0x0000000022ff0000,0x00000000230f0000)]
  0x000000001a993800 JavaThread "Cache worker for Artifact transforms cache (C:\Users\Kris\.gradle\caches\transforms-1)" [_thread_blocked, id=6884, stack(0x000000001ffc0000,0x00000000200c0000)]
  0x000000001a992800 JavaThread "Cache worker for journal cache (C:\Users\Kris\.gradle\caches\journal-1)" [_thread_blocked, id=11088, stack(0x000000001ce20000,0x000000001cf20000)]
  0x000000001ac4e800 JavaThread "File lock request listener" [_thread_in_native, id=9380, stack(0x000000001bc50000,0x000000001bd50000)]
  0x000000001ac4d800 JavaThread "Cache worker for file hash cache (C:\Users\Kris\.gradle\caches\4.10.1\fileHashes)" [_thread_blocked, id=10964, stack(0x000000001bb50000,0x000000001bc50000)]
  0x000000001937f000 JavaThread "Daemon worker" [_thread_blocked, id=9612, stack(0x000000001a480000,0x000000001a580000)]
  0x000000001938a800 JavaThread "Daemon" [_thread_blocked, id=456, stack(0x000000001a180000,0x000000001a280000)]
  0x000000001903f800 JavaThread "Daemon periodic checks" [_thread_blocked, id=3760, stack(0x000000001a080000,0x000000001a180000)]
  0x0000000019036000 JavaThread "Incoming local TCP Connector on port 57316" [_thread_in_native, id=4032, stack(0x0000000019e40000,0x0000000019f40000)]
  0x0000000017b59000 JavaThread "Service Thread" daemon [_thread_blocked, id=220, stack(0x0000000017f30000,0x0000000018030000)]
  0x0000000016220800 JavaThread "C1 CompilerThread2" daemon [_thread_blocked, id=7132, stack(0x0000000017a30000,0x0000000017b30000)]
  0x00000000161ec000 JavaThread "C2 CompilerThread1" daemon [_thread_in_native, id=8948, stack(0x0000000017930000,0x0000000017a30000)]
=>0x00000000161e8000 JavaThread "C2 CompilerThread0" daemon [_thread_in_native, id=7516, stack(0x0000000017830000,0x0000000017930000)]
  0x00000000161f6000 JavaThread "Attach Listener" daemon [_thread_blocked, id=4196, stack(0x0000000017730000,0x0000000017830000)]
  0x00000000161f4800 JavaThread "Signal Dispatcher" daemon [_thread_blocked, id=6764, stack(0x0000000017630000,0x0000000017730000)]
  0x000000000287c000 JavaThread "Finalizer" daemon [_thread_blocked, id=2536, stack(0x0000000017440000,0x0000000017540000)]
  0x0000000002871000 JavaThread "Reference Handler" daemon [_thread_blocked, id=6260, stack(0x0000000017340000,0x0000000017440000)]
  0x00000000025cd800 JavaThread "main" [_thread_blocked, id=9208, stack(0x0000000002680000,0x0000000002780000)]

Other Threads:
  0x00000000161b6800 VMThread [stack: 0x0000000017240000,0x0000000017340000] [id=7916]
  0x000000001624c000 WatcherThread [stack: 0x0000000018030000,0x0000000018130000] [id=6508]

VM state:not at safepoint (normal execution)

VM Mutex/Monitor currently owned by a thread: None

Heap:
 PSYoungGen      total 428032K, used 234298K [0x00000000e0000000, 0x00000000fff00000, 0x0000000100000000)
  eden space 336896K, 55% used [0x00000000e0000000,0x00000000eb711d30,0x00000000f4900000)
  from space 91136K, 51% used [0x00000000fa280000,0x00000000fd03ce98,0x00000000ffb80000)
  to   space 91648K, 0% used [0x00000000f4900000,0x00000000f4900000,0x00000000fa280000)
 ParOldGen       total 331264K, used 258125K [0x00000000a0000000, 0x00000000b4380000, 0x00000000e0000000)
  object space 331264K, 77% used [0x00000000a0000000,0x00000000afc13700,0x00000000b4380000)
 Metaspace       used 108574K, capacity 113006K, committed 113280K, reserved 1148928K
  class space    used 13491K, capacity 14424K, committed 14464K, reserved 1048576K

Card table byte_map: [0x0000000011c40000,0x0000000011f50000] byte_map_base: 0x0000000011740000

Marking Bits: (ParMarkBitMap*) 0x0000000070b75aa0
 Begin Bits: [0x0000000012550000, 0x0000000013d50000)
 End Bits:   [0x0000000013d50000, 0x0000000015550000)

Polling page: 0x0000000000810000

CodeCache: size=245760Kb used=76027Kb max_used=76039Kb free=169732Kb
 bounds [0x0000000002880000, 0x0000000007370000, 0x0000000011880000]
 total_blobs=22820 nmethods=21915 adapters=814
 compilation: enabled

Compilation events (10 events):
Event: 99.092 Thread 0x0000000016220800 30119       3       gnu.trove.THashMap$Entry::<init> (26 bytes)
Event: 99.092 Thread 0x0000000016220800 nmethod 30119 0x0000000006a6a2d0 code [0x0000000006a6a420, 0x0000000006a6a610]
Event: 99.092 Thread 0x0000000016220800 30120       3       com.intellij.util.containers.FactoryMap$2::fun (9 bytes)
Event: 99.092 Thread 0x0000000016220800 nmethod 30120 0x0000000006a69450 code [0x0000000006a69640, 0x0000000006a69ed8]
Event: 99.092 Thread 0x0000000016220800 30121       3       java.util.AbstractMap$SimpleEntry::hashCode (38 bytes)
Event: 99.093 Thread 0x0000000016220800 nmethod 30121 0x0000000006a688d0 code [0x0000000006a68a60, 0x0000000006a68df8]
Event: 99.099 Thread 0x0000000016220800 30123       1       com.intellij.util.containers.hash.LinkedHashMap$Entry::access$200 (5 bytes)
Event: 99.099 Thread 0x0000000016220800 nmethod 30123 0x0000000006a67110 code [0x0000000006a67260, 0x0000000006a67350]
Event: 99.100 Thread 0x00000000161e8000 nmethod 30116 0x0000000005ecf010 code [0x0000000005ecf1c0, 0x0000000005ecfbb8]
Event: 99.100 Thread 0x00000000161e8000 30117       4       com.intellij.openapi.vfs.impl.jar.CoreJarHandler::getOrCreateFile (106 bytes)

GC Heap History (10 events):
Event: 93.202 GC heap before
{Heap before GC invocations=40 (full 4):
 PSYoungGen      total 415232K, used 345782K [0x00000000e0000000, 0x00000000ff600000, 0x0000000100000000)
  eden space 315904K, 100% used [0x00000000e0000000,0x00000000f3480000,0x00000000f3480000)
  from space 99328K, 30% used [0x00000000f3480000,0x00000000f51ad850,0x00000000f9580000)
  to   space 95232K, 0% used [0x00000000f9900000,0x00000000f9900000,0x00000000ff600000)
 ParOldGen       total 331264K, used 172561K [0x00000000a0000000, 0x00000000b4380000, 0x00000000e0000000)
  object space 331264K, 52% used [0x00000000a0000000,0x00000000aa8845a8,0x00000000b4380000)
 Metaspace       used 96838K, capacity 100954K, committed 101248K, reserved 1138688K
  class space    used 12047K, capacity 12864K, committed 12928K, reserved 1048576K
Event: 93.215 GC heap after
Heap after GC invocations=40 (full 4):
 PSYoungGen      total 419840K, used 13018K [0x00000000e0000000, 0x00000000ffa00000, 0x0000000100000000)
  eden space 324608K, 0% used [0x00000000e0000000,0x00000000e0000000,0x00000000f3d00000)
  from space 95232K, 13% used [0x00000000f9900000,0x00000000fa5b6a90,0x00000000ff600000)
  to   space 94208K, 0% used [0x00000000f3d00000,0x00000000f3d00000,0x00000000f9900000)
 ParOldGen       total 331264K, used 179377K [0x00000000a0000000, 0x00000000b4380000, 0x00000000e0000000)
  object space 331264K, 54% used [0x00000000a0000000,0x00000000aaf2c5f8,0x00000000b4380000)
 Metaspace       used 96838K, capacity 100954K, committed 101248K, reserved 1138688K
  class space    used 12047K, capacity 12864K, committed 12928K, reserved 1048576K
}
Event: 93.798 GC heap before
{Heap before GC invocations=41 (full 4):
 PSYoungGen      total 419840K, used 337490K [0x00000000e0000000, 0x00000000ffa00000, 0x0000000100000000)
  eden space 324608K, 99% used [0x00000000e0000000,0x00000000f3cdddc0,0x00000000f3d00000)
  from space 95232K, 13% used [0x00000000f9900000,0x00000000fa5b6a90,0x00000000ff600000)
  to   space 94208K, 0% used [0x00000000f3d00000,0x00000000f3d00000,0x00000000f9900000)
 ParOldGen       total 331264K, used 243890K [0x00000000a0000000, 0x00000000b4380000, 0x00000000e0000000)
  object space 331264K, 73% used [0x00000000a0000000,0x00000000aee2c9e8,0x00000000b4380000)
 Metaspace       used 96843K, capacity 100954K, committed 101248K, reserved 1138688K
  class space    used 12047K, capacity 12864K, committed 12928K, reserved 1048576K
Event: 93.804 GC heap after
Heap after GC invocations=41 (full 4):
 PSYoungGen      total 418816K, used 8140K [0x00000000e0000000, 0x00000000ffe00000, 0x0000000100000000)
  eden space 324608K, 0% used [0x00000000e0000000,0x00000000e0000000,0x00000000f3d00000)
  from space 94208K, 8% used [0x00000000f3d00000,0x00000000f44f32f0,0x00000000f9900000)
  to   space 93696K, 0% used [0x00000000fa280000,0x00000000fa280000,0x00000000ffe00000)
 ParOldGen       total 331264K, used 252378K [0x00000000a0000000, 0x00000000b4380000, 0x00000000e0000000)
  object space 331264K, 76% used [0x00000000a0000000,0x00000000af676b48,0x00000000b4380000)
 Metaspace       used 96843K, capacity 100954K, committed 101248K, reserved 1138688K
  class space    used 12047K, capacity 12864K, committed 12928K, reserved 1048576K
}
Event: 93.840 GC heap before
{Heap before GC invocations=42 (full 4):
 PSYoungGen      total 418816K, used 332461K [0x00000000e0000000, 0x00000000ffe00000, 0x0000000100000000)
  eden space 324608K, 99% used [0x00000000e0000000,0x00000000f3cb81e0,0x00000000f3d00000)
  from space 94208K, 8% used [0x00000000f3d00000,0x00000000f44f32f0,0x00000000f9900000)
  to   space 93696K, 0% used [0x00000000fa280000,0x00000000fa280000,0x00000000ffe00000)
 ParOldGen       total 331264K, used 252378K [0x00000000a0000000, 0x00000000b4380000, 0x00000000e0000000)
  object space 331264K, 76% used [0x00000000a0000000,0x00000000af676b48,0x00000000b4380000)
 Metaspace       used 96843K, capacity 100954K, committed 101248K, reserved 1138688K
  class space    used 12047K, capacity 12864K, committed 12928K, reserved 1048576K
Event: 93.843 GC heap after
Heap after GC invocations=42 (full 4):
 PSYoungGen      total 429056K, used 96K [0x00000000e0000000, 0x00000000ffe80000, 0x0000000100000000)
  eden space 335360K, 0% used [0x00000000e0000000,0x00000000e0000000,0x00000000f4780000)
  from space 93696K, 0% used [0x00000000fa280000,0x00000000fa298000,0x00000000ffe00000)
  to   space 93184K, 0% used [0x00000000f4780000,0x00000000f4780000,0x00000000fa280000)
 ParOldGen       total 331264K, used 256977K [0x00000000a0000000, 0x00000000b4380000, 0x00000000e0000000)
  object space 331264K, 77% used [0x00000000a0000000,0x00000000afaf4638,0x00000000b4380000)
 Metaspace       used 96843K, capacity 100954K, committed 101248K, reserved 1138688K
  class space    used 12047K, capacity 12864K, committed 12928K, reserved 1048576K
}
Event: 94.367 GC heap before
{Heap before GC invocations=43 (full 4):
 PSYoungGen      total 429056K, used 335456K [0x00000000e0000000, 0x00000000ffe80000, 0x0000000100000000)
  eden space 335360K, 100% used [0x00000000e0000000,0x00000000f4780000,0x00000000f4780000)
  from space 93696K, 0% used [0x00000000fa280000,0x00000000fa298000,0x00000000ffe00000)
  to   space 93184K, 0% used [0x00000000f4780000,0x00000000f4780000,0x00000000fa280000)
 ParOldGen       total 331264K, used 256977K [0x00000000a0000000, 0x00000000b4380000, 0x00000000e0000000)
  object space 331264K, 77% used [0x00000000a0000000,0x00000000afaf4638,0x00000000b4380000)
 Metaspace       used 96996K, capacity 101116K, committed 101248K, reserved 1138688K
  class space    used 12071K, capacity 12897K, committed 12928K, reserved 1048576K
Event: 94.373 GC heap after
Heap after GC invocations=43 (full 4):
 PSYoungGen      total 428544K, used 8760K [0x00000000e0000000, 0x00000000ffb80000, 0x0000000100000000)
  eden space 335360K, 0% used [0x00000000e0000000,0x00000000e0000000,0x00000000f4780000)
  from space 93184K, 9% used [0x00000000f4780000,0x00000000f500e320,0x00000000fa280000)
  to   space 91136K, 0% used [0x00000000fa280000,0x00000000fa280000,0x00000000ffb80000)
 ParOldGen       total 331264K, used 257009K [0x00000000a0000000, 0x00000000b4380000, 0x00000000e0000000)
  object space 331264K, 77% used [0x00000000a0000000,0x00000000afafc638,0x00000000b4380000)
 Metaspace       used 96996K, capacity 101116K, committed 101248K, reserved 1138688K
  class space    used 12071K, capacity 12897K, committed 12928K, reserved 1048576K
}
Event: 97.406 GC heap before
{Heap before GC invocations=44 (full 4):
 PSYoungGen      total 428544K, used 344120K [0x00000000e0000000, 0x00000000ffb80000, 0x0000000100000000)
  eden space 335360K, 100% used [0x00000000e0000000,0x00000000f4780000,0x00000000f4780000)
  from space 93184K, 9% used [0x00000000f4780000,0x00000000f500e320,0x00000000fa280000)
  to   space 91136K, 0% used [0x00000000fa280000,0x00000000fa280000,0x00000000ffb80000)
 ParOldGen       total 331264K, used 257009K [0x00000000a0000000, 0x00000000b4380000, 0x00000000e0000000)
  object space 331264K, 77% used [0x00000000a0000000,0x00000000afafc638,0x00000000b4380000)
 Metaspace       used 97347K, capacity 101548K, committed 101888K, reserved 1138688K
  class space    used 12094K, capacity 12937K, committed 13056K, reserved 1048576K
Event: 97.434 GC heap after
Heap after GC invocations=44 (full 4):
 PSYoungGen      total 428032K, used 46835K [0x00000000e0000000, 0x00000000fff00000, 0x0000000100000000)
  eden space 336896K, 0% used [0x00000000e0000000,0x00000000e0000000,0x00000000f4900000)
  from space 91136K, 51% used [0x00000000fa280000,0x00000000fd03ce98,0x00000000ffb80000)
  to   space 91648K, 0% used [0x00000000f4900000,0x00000000f4900000,0x00000000fa280000)
 ParOldGen       total 331264K, used 258125K [0x00000000a0000000, 0x00000000b4380000, 0x00000000e0000000)
  object space 331264K, 77% used [0x00000000a0000000,0x00000000afc13700,0x00000000b4380000)
 Metaspace       used 97347K, capacity 101548K, committed 101888K, reserved 1138688K
  class space    used 12094K, capacity 12937K, committed 13056K, reserved 1048576K
}

Deoptimization events (10 events):
Event: 98.464 Thread 0x000000001aba2000 Uncommon trap: reason=class_check action=maybe_recompile pc=0x00000000070db0ac method=com.sun.org.apache.xerces.internal.dom.ElementImpl.getAttributeNS(Ljava/lang/String;Ljava/lang/String;)Ljava/lang/String; @ 30
Event: 98.464 Thread 0x000000001aba2000 Uncommon trap: reason=class_check action=maybe_recompile pc=0x00000000070db0ac method=com.sun.org.apache.xerces.internal.dom.ElementImpl.getAttributeNS(Ljava/lang/String;Ljava/lang/String;)Ljava/lang/String; @ 30
Event: 98.465 Thread 0x000000001aba2000 Uncommon trap: reason=class_check action=maybe_recompile pc=0x00000000070db0ac method=com.sun.org.apache.xerces.internal.dom.ElementImpl.getAttributeNS(Ljava/lang/String;Ljava/lang/String;)Ljava/lang/String; @ 30
Event: 98.563 Thread 0x000000001aba2000 Uncommon trap: reason=bimorphic action=maybe_recompile pc=0x0000000003732a88 method=com.google.common.collect.ImmutableList.copyOf(Ljava/util/Collection;)Lcom/google/common/collect/ImmutableList; @ 11
Event: 98.696 Thread 0x000000001aba2000 Uncommon trap: reason=unstable_if action=reinterpret pc=0x0000000006afdf04 method=java.util.regex.Pattern.group0()Ljava/util/regex/Pattern$Node; @ 151
Event: 98.880 Thread 0x000000001aba2000 Uncommon trap: reason=null_check action=make_not_entrant pc=0x00000000045a62bc method=java.lang.reflect.Array.newInstance(Ljava/lang/Class;I)Ljava/lang/Object; @ 2
Event: 99.029 Thread 0x000000001aba2000 Uncommon trap: reason=unstable_if action=reinterpret pc=0x0000000002e25db4 method=java.lang.ref.SoftReference.get()Ljava/lang/Object; @ 6
Event: 99.033 Thread 0x000000001aba2000 Uncommon trap: reason=unstable_if action=reinterpret pc=0x0000000004fa7588 method=sun.nio.fs.WindowsFileSystemProvider.readAttributes(Ljava/nio/file/Path;Ljava/lang/Class;[Ljava/nio/file/LinkOption;)Ljava/nio/file/attribute/BasicFileAttributes; @ 3
Event: 99.036 Thread 0x000000001aba2000 Uncommon trap: reason=null_assert action=make_not_entrant pc=0x00000000056bc6d0 method=sun.nio.fs.WindowsFileSystemProvider.getFileAttributeView(Ljava/nio/file/Path;Ljava/lang/Class;[Ljava/nio/file/LinkOption;)Ljava/nio/file/attribute/FileAttributeView; @
Event: 99.055 Thread 0x000000001aba2000 Uncommon trap: reason=unstable_if action=reinterpret pc=0x000000000488c4d0 method=java.util.zip.ZipEntry.setExtra0([BZ)V @ 288

Classes redefined (0 events):
No events

Internal exceptions (10 events):
Event: 97.929 Thread 0x000000001aba2000 Exception <a 'java/lang/ClassNotFoundException': org/gradle/api/AntBuilderBeanInfo> (0x00000000e43595e0) thrown at [D:\src\AOSP-openjdk-cygwin\jdk8u\hotspot\src\share\vm\classfile\systemDictionary.cpp, line 210]
Event: 97.930 Thread 0x000000001aba2000 Exception <a 'java/lang/ClassNotFoundException': groovy/util/AntBuilderBeanInfo> (0x00000000e43883a0) thrown at [D:\src\AOSP-openjdk-cygwin\jdk8u\hotspot\src\share\vm\classfile\systemDictionary.cpp, line 210]
Event: 97.930 Thread 0x000000001aba2000 Exception <a 'java/lang/ClassNotFoundException': groovy/util/BuilderSupportBeanInfo> (0x00000000e442a2f0) thrown at [D:\src\AOSP-openjdk-cygwin\jdk8u\hotspot\src\share\vm\classfile\systemDictionary.cpp, line 210]
Event: 97.931 Thread 0x000000001aba2000 Exception <a 'java/lang/ClassNotFoundException': groovy/util/BuilderSupportCustomizer> (0x00000000e445d620) thrown at [D:\src\AOSP-openjdk-cygwin\jdk8u\hotspot\src\share\vm\classfile\systemDictionary.cpp, line 210]
Event: 97.932 Thread 0x000000001aba2000 Exception <a 'java/lang/ClassNotFoundException': groovy/util/AntBuilderCustomizer> (0x00000000e4490858) thrown at [D:\src\AOSP-openjdk-cygwin\jdk8u\hotspot\src\share\vm\classfile\systemDictionary.cpp, line 210]
Event: 97.933 Thread 0x000000001aba2000 Exception <a 'java/lang/ClassNotFoundException': org/gradle/api/AntBuilderCustomizer> (0x00000000e44bbcb8) thrown at [D:\src\AOSP-openjdk-cygwin\jdk8u\hotspot\src\share\vm\classfile\systemDictionary.cpp, line 210]
Event: 97.933 Thread 0x000000001aba2000 Exception <a 'java/lang/ClassNotFoundException': org/gradle/api/internal/project/ant/BasicAntBuilderCustomizer> (0x00000000e44fd288) thrown at [D:\src\AOSP-openjdk-cygwin\jdk8u\hotspot\src\share\vm\classfile\systemDictionary.cpp, line 210]
Event: 97.934 Thread 0x000000001aba2000 Exception <a 'java/lang/ClassNotFoundException': org/gradle/api/internal/project/DefaultAntBuilderCustomizer> (0x00000000e4545e80) thrown at [D:\src\AOSP-openjdk-cygwin\jdk8u\hotspot\src\share\vm\classfile\systemDictionary.cpp, line 210]
Event: 98.949 Thread 0x000000001aba2000 Exception <a 'java/lang/NoSuchMethodError': java.lang.Object.lambda$static$0(I)[Lcom/intellij/openapi/editor/event/DocumentListener;> (0x00000000ea1e7730) thrown at [D:\src\AOSP-openjdk-cygwin\jdk8u\hotspot\src\share\vm\interpreter\linkResolver.cpp, line 
Event: 98.971 Thread 0x000000001aba2000 Exception <a 'java/lang/NoSuchMethodError': java.lang.Object.lambda$static$0(I)[Lcom/intellij/psi/PsiAnnotation;> (0x00000000ea34f660) thrown at [D:\src\AOSP-openjdk-cygwin\jdk8u\hotspot\src\share\vm\interpreter\linkResolver.cpp, line 584]

Events (10 events):
Event: 99.042 loading class com/intellij/util/containers/FactoryMap done
Event: 99.043 loading class com/intellij/util/containers/FactoryMap$3
Event: 99.043 loading class com/intellij/util/containers/FactoryMap$3 done
Event: 99.043 loading class com/intellij/util/containers/FactoryMap$2
Event: 99.043 loading class com/intellij/util/containers/FactoryMap$2 done
Event: 99.043 loading class java/util/AbstractMap$SimpleEntry
Event: 99.043 loading class java/util/AbstractMap$SimpleEntry done
Event: 99.055 Thread 0x000000001aba2000 Uncommon trap: trap_request=0xffffff65 fr.pc=0x000000000488c4d0
Event: 99.055 Thread 0x000000001aba2000 DEOPT PACKING pc=0x000000000488c4d0 sp=0x000000002bb7bf00
Event: 99.055 Thread 0x000000001aba2000 DEOPT UNPACKING pc=0x00000000028c557b sp=0x000000002bb7bea0 mode 2


Dynamic libraries:
0x00007ff657bd0000 - 0x00007ff657c01000 	C:\Program Files\Android\Android Studio\jre\bin\java.exe
0x00007ffc29ed0000 - 0x00007ffc2a0b1000 	C:\WINDOWS\SYSTEM32\ntdll.dll
0x00007ffc27860000 - 0x00007ffc27912000 	C:\WINDOWS\System32\KERNEL32.DLL
0x00007ffc26ac0000 - 0x00007ffc26d33000 	C:\WINDOWS\System32\KERNELBASE.dll
0x00007ffc298b0000 - 0x00007ffc29951000 	C:\WINDOWS\System32\ADVAPI32.dll
0x00007ffc29cb0000 - 0x00007ffc29d4e000 	C:\WINDOWS\System32\msvcrt.dll
0x00007ffc27800000 - 0x00007ffc2785b000 	C:\WINDOWS\System32\sechost.dll
0x00007ffc29d60000 - 0x00007ffc29e84000 	C:\WINDOWS\System32\RPCRT4.dll
0x00007ffc27450000 - 0x00007ffc275e0000 	C:\WINDOWS\System32\USER32.dll
0x00007ffc26340000 - 0x00007ffc26360000 	C:\WINDOWS\System32\win32u.dll
0x00007ffc297e0000 - 0x00007ffc29808000 	C:\WINDOWS\System32\GDI32.dll
0x00007ffc26e50000 - 0x00007ffc26fe2000 	C:\WINDOWS\System32\gdi32full.dll
0x00007ffc262a0000 - 0x00007ffc2633f000 	C:\WINDOWS\System32\msvcp_win.dll
0x00007ffc27260000 - 0x00007ffc2735a000 	C:\WINDOWS\System32\ucrtbase.dll
0x00007ffc1b630000 - 0x00007ffc1b899000 	C:\WINDOWS\WinSxS\amd64_microsoft.windows.common-controls_6595b64144ccf1df_6.0.17134.590_none_fb3d9bff3069e088\COMCTL32.dll
0x00007ffc29980000 - 0x00007ffc29ca2000 	C:\WINDOWS\System32\combase.dll
0x00007ffc271e0000 - 0x00007ffc2725a000 	C:\WINDOWS\System32\bcryptPrimitives.dll
0x00007ffc29810000 - 0x00007ffc2983d000 	C:\WINDOWS\System32\IMM32.DLL
0x0000000070f10000 - 0x0000000070fe2000 	C:\Program Files\Android\Android Studio\jre\jre\bin\msvcr100.dll
0x00000000703b0000 - 0x0000000070bf1000 	C:\Program Files\Android\Android Studio\jre\jre\bin\server\jvm.dll
0x00007ffc29840000 - 0x00007ffc29848000 	C:\WINDOWS\System32\PSAPI.DLL
0x00007ffc244a0000 - 0x00007ffc244c3000 	C:\WINDOWS\SYSTEM32\WINMM.dll
0x00007ffc1fae0000 - 0x00007ffc1fae9000 	C:\WINDOWS\SYSTEM32\WSOCK32.dll
0x00007ffc29770000 - 0x00007ffc297dc000 	C:\WINDOWS\System32\WS2_32.dll
0x00007ffc21610000 - 0x00007ffc2161a000 	C:\WINDOWS\SYSTEM32\VERSION.dll
0x00007ffc24420000 - 0x00007ffc2444a000 	C:\WINDOWS\SYSTEM32\WINMMBASE.dll
0x00007ffc26a70000 - 0x00007ffc26ab9000 	C:\WINDOWS\System32\cfgmgr32.dll
0x00007ffc244d0000 - 0x00007ffc244df000 	C:\Program Files\Android\Android Studio\jre\jre\bin\verify.dll
0x00007ffc22c10000 - 0x00007ffc22c39000 	C:\Program Files\Android\Android Studio\jre\jre\bin\java.dll
0x00007ffc22c50000 - 0x00007ffc22c66000 	C:\Program Files\Android\Android Studio\jre\jre\bin\zip.dll
0x00007ffc28330000 - 0x00007ffc29770000 	C:\WINDOWS\System32\SHELL32.dll
0x00007ffc28280000 - 0x00007ffc28329000 	C:\WINDOWS\System32\shcore.dll
0x00007ffc26360000 - 0x00007ffc26a6d000 	C:\WINDOWS\System32\windows.storage.dll
0x00007ffc28220000 - 0x00007ffc28271000 	C:\WINDOWS\System32\shlwapi.dll
0x00007ffc26250000 - 0x00007ffc26261000 	C:\WINDOWS\System32\kernel.appcore.dll
0x00007ffc261e0000 - 0x00007ffc261ff000 	C:\WINDOWS\System32\profapi.dll
0x00007ffc26200000 - 0x00007ffc2624c000 	C:\WINDOWS\System32\powrprof.dll
0x00007ffc26270000 - 0x00007ffc2627a000 	C:\WINDOWS\System32\FLTLIB.DLL
0x00007ffc22bf0000 - 0x00007ffc22c0a000 	C:\Program Files\Android\Android Studio\jre\jre\bin\net.dll
0x00007ffc25a60000 - 0x00007ffc25ac6000 	C:\WINDOWS\system32\mswsock.dll
0x00007ffc226c0000 - 0x00007ffc226d1000 	C:\Program Files\Android\Android Studio\jre\jre\bin\nio.dll
0x00007ffc19450000 - 0x00007ffc1946e000 	C:\Users\Kris\.gradle\native\25\windows-amd64\native-platform.dll
0x00007ffc226b0000 - 0x00007ffc226bd000 	C:\Program Files\Android\Android Studio\jre\jre\bin\management.dll
0x00007ffc25c20000 - 0x00007ffc25c37000 	C:\WINDOWS\SYSTEM32\CRYPTSP.dll
0x00007ffc25640000 - 0x00007ffc25673000 	C:\WINDOWS\system32\rsaenh.dll
0x00007ffc25d40000 - 0x00007ffc25d65000 	C:\WINDOWS\SYSTEM32\bcrypt.dll
0x00007ffc26110000 - 0x00007ffc26138000 	C:\WINDOWS\SYSTEM32\USERENV.dll
0x00007ffc25c10000 - 0x00007ffc25c1b000 	C:\WINDOWS\SYSTEM32\CRYPTBASE.dll
0x00007ffc257e0000 - 0x00007ffc25818000 	C:\WINDOWS\SYSTEM32\IPHLPAPI.DLL
0x00007ffc29d50000 - 0x00007ffc29d58000 	C:\WINDOWS\System32\NSI.dll
0x00007ffc1fe30000 - 0x00007ffc1fe46000 	C:\WINDOWS\SYSTEM32\dhcpcsvc6.DLL
0x00007ffc20a70000 - 0x00007ffc20a8a000 	C:\WINDOWS\SYSTEM32\dhcpcsvc.DLL
0x00007ffc252d0000 - 0x00007ffc25301000 	C:\WINDOWS\SYSTEM32\ntmarta.dll
0x00007ffc1f850000 - 0x00007ffc1fa19000 	C:\WINDOWS\SYSTEM32\dbghelp.dll

VM Arguments:
jvm_args: -Xmx1536m -Dfile.encoding=windows-1252 -Duser.country=US -Duser.language=en -Duser.variant 
java_command: org.gradle.launcher.daemon.bootstrap.GradleDaemon 4.10.1
java_class_path (initial): C:\Users\Kris\.gradle\wrapper\dists\gradle-4.10.1-all\455itskqi2qtf0v2sja68alqd\gradle-4.10.1\lib\gradle-launcher-4.10.1.jar
Launcher Type: SUN_STANDARD

Environment Variables:
PATH=C:\Windows\system32;C:\Windows;C:\Windows\System32\Wbem;C:\Windows\System32\WindowsPowerShell\v1.0\;C:\Program Files (x86)\NVIDIA Corporation\PhysX\Common;C:\Users\Kris\AppData\Local\Microsoft\WindowsApps;C:\Program Files (x86)\Common Files\Acronis\SnapAPI\;C:\WINDOWS\system32;C:\WINDOWS;C:\WINDOWS\System32\Wbem;C:\WINDOWS\System32\WindowsPowerShell\v1.0\;D:\Program Files\GnuPG\pub;C:\WINDOWS\System32\OpenSSH\;C:\Program Files\Java\jdk-10.0.2\bin;C:\Users\Kris\AppData\Local\Microsoft\WindowsApps;C:\Users\Kris\AppData\Local\GitHubDesktop\bin;%USERPROFILE%\AppData\Local\Microsoft\WindowsApps;;C:\Program Files (x86)\Common Files\Acronis\TibMounter64
USERNAME=Kris
OS=Windows_NT
PROCESSOR_IDENTIFIER=Intel64 Family 6 Model 94 Stepping 3, GenuineIntel



---------------  S Y S T E M  ---------------

OS: Windows 10.0 , 64 bit Build 17134 (10.0.17134.556)

CPU:total 4 (initial active 4) (4 cores per cpu, 1 threads per core) family 6 model 94 stepping 3, cmov, cx8, fxsr, mmx, sse, sse2, sse3, ssse3, sse4.1, sse4.2, popcnt, avx, avx2, aes, clmul, erms, rtm, 3dnowpref, lzcnt, tsc, tscinvbit, bmi1, bmi2, adx

Memory: 4k page, physical 16716864k(7244368k free), swap 19207232k(4232256k free)

vm_info: OpenJDK 64-Bit Server VM (25.152-b01) for windows-amd64 JRE (1.8.0_152-release-1248-b01), built by "builder" with MS VC++ 10.0 (VS2010)

time: Sun Mar 03 18:35:11 2019
elapsed time: 99 seconds (0d 0h 1m 39s)

