#
# A fatal error has been detected by the Java Runtime Environment:
#
#  EXCEPTION_ACCESS_VIOLATION (0xc0000005) at pc=0x000000006e1bd9fd, pid=4848, tid=0x0000000000001c58
#
# JRE version: OpenJDK Runtime Environment (8.0_152-b01) (build 1.8.0_152-release-1248-b01)
# Java VM: OpenJDK 64-Bit Server VM (25.152-b01 mixed mode windows-amd64 compressed oops)
# Problematic frame:
# V  [jvm.dll+0x48d9fd]
#
# Failed to write core dump. Minidumps are not enabled by default on client versions of Windows
#
# If you would like to submit a bug report, please visit:
#   http://bugreport.java.com/bugreport/crash.jsp
#

---------------  T H R E A D  ---------------

Current thread (0x000000001640b000):  JavaThread "C2 CompilerThread1" daemon [_thread_in_native, id=7256, stack(0x0000000017b60000,0x0000000017c60000)]

siginfo: ExceptionCode=0xc0000005, reading address 0x0000000000000008

Registers:
RAX=0x000000001c0502f0, RBX=0x000000001f3fc5d8, RCX=0x0000000000000000, RDX=0x0000000000004000
RSP=0x0000000017c5b890, RBP=0x000000001f3fc640, RSI=0x0000000017c5bde0, RDI=0x0000000000000000
R8 =0x0000000000000000, R9 =0x0000000000000000, R10=0x000000001db19a50, R11=0x0000000000100000
R12=0x000000001b33bc00, R13=0x00000000000000fb, R14=0x000000001f3fd320, R15=0x0000000000000002
RIP=0x000000006e1bd9fd, EFLAGS=0x0000000000010202

Top of Stack: (sp=0x0000000017c5b890)
0x0000000017c5b890:   00000000000000fb 0000000017c5bde0
0x0000000017c5b8a0:   0000000000000200 000000006e1f0eaa
0x0000000017c5b8b0:   0000000000000004 0000000017c5b9f8
0x0000000017c5b8c0:   000000001f3fd320 0000000017c5be00
0x0000000017c5b8d0:   0000000017c5bde0 000000006e1bea88
0x0000000017c5b8e0:   000000000000260e 0000000000000010
0x0000000017c5b8f0:   0000000017c5b9a8 0000000017c5b988
0x0000000017c5b900:   000000001d8e8ca0 00000000163d52c0
0x0000000017c5b910:   0000000000000005 0000000000000002
0x0000000017c5b920:   000000001b33bc70 00000000193f3a20
0x0000000017c5b930:   00000000163d52c0 0000000017c5bde0
0x0000000017c5b940:   0000000017c5ba50 000000006e1c0a3b
0x0000000017c5b950:   0000000017c5bde0 0000000017c5b9a8
0x0000000017c5b960:   0000000000000004 0000000017c5b9f8
0x0000000017c5b970:   00000000193f3a70 00000000193fba08
0x0000000017c5b980:   00000000000e81a8 00000000163d52c0 

Instructions: (pc=0x000000006e1bd9fd)
0x000000006e1bd9dd:   48 83 38 00 74 dd 48 8b 86 f8 09 00 00 4a 89 1c
0x000000006e1bd9ed:   c0 48 8b 86 f8 09 00 00 44 8b 47 28 4a 8b 3c c0
0x000000006e1bd9fd:   48 8b 47 08 48 83 38 00 75 2c 8b 56 28 66 0f 1f
0x000000006e1bda0d:   44 00 00 8b 47 28 3b c2 73 0c 8b c8 48 8b 46 30 


Register to memory mapping:

RAX=0x000000001c0502f0 is an unknown value
RBX=0x000000001f3fc5d8 is an unknown value
RCX=0x0000000000000000 is an unknown value
RDX=0x0000000000004000 is an unknown value
RSP=0x0000000017c5b890 is pointing into the stack for thread: 0x000000001640b000
RBP=0x000000001f3fc640 is an unknown value
RSI=0x0000000017c5bde0 is pointing into the stack for thread: 0x000000001640b000
RDI=0x0000000000000000 is an unknown value
R8 =0x0000000000000000 is an unknown value
R9 =0x0000000000000000 is an unknown value
R10=0x000000001db19a50 is an unknown value
R11=0x0000000000100000 is an unknown value
R12=0x000000001b33bc00 is an unknown value
R13=0x00000000000000fb is an unknown value
R14=0x000000001f3fd320 is an unknown value
R15=0x0000000000000002 is an unknown value


Stack: [0x0000000017b60000,0x0000000017c60000],  sp=0x0000000017c5b890,  free space=1006k
Native frames: (J=compiled Java code, j=interpreted, Vv=VM code, C=native code)
V  [jvm.dll+0x48d9fd]
V  [jvm.dll+0x48ea88]
V  [jvm.dll+0x490a3b]
V  [jvm.dll+0x440dac]
V  [jvm.dll+0x4421d2]
V  [jvm.dll+0x4252c2]
V  [jvm.dll+0x813d8]
V  [jvm.dll+0x81d0f]
V  [jvm.dll+0x21d41f]
V  [jvm.dll+0x26d9aa]
C  [msvcr100.dll+0x21d9f]
C  [msvcr100.dll+0x21e3b]
C  [KERNEL32.DLL+0x13dc4]
C  [ntdll.dll+0x73691]


Current CompileTask:
C2:   8111 7512   !   4       java.io.ObjectOutputStream::writeObject0 (619 bytes)


---------------  P R O C E S S  ---------------

Java Threads: ( => current thread )
  0x000000001d171800 JavaThread "Cache worker for Build Output Cleanup Cache (E:\Development\Android\WearCasts\.gradle\buildOutputCleanup)" [_thread_blocked, id=6612, stack(0x0000000023960000,0x0000000023a60000)]
  0x000000001d178800 JavaThread "Cache worker for task history cache (E:\Development\Android\WearCasts\.gradle\4.10.1\taskHistory)" [_thread_blocked, id=9140, stack(0x0000000023860000,0x0000000023960000)]
  0x000000001d177800 JavaThread "Task worker for ':' Thread 3" [_thread_blocked, id=5520, stack(0x0000000023760000,0x0000000023860000)]
  0x000000001d175800 JavaThread "Task worker for ':' Thread 2" [_thread_blocked, id=5576, stack(0x0000000023660000,0x0000000023760000)]
  0x000000001d173000 JavaThread "Task worker for ':'" [_thread_blocked, id=4428, stack(0x0000000023560000,0x0000000023660000)]
  0x000000001d747800 JavaThread "Cache worker for file content cache (E:\Development\Android\WearCasts\.gradle\4.10.1\fileContent)" [_thread_blocked, id=8116, stack(0x0000000023260000,0x0000000023360000)]
  0x000000001d746800 JavaThread "Cache worker for file content cache (C:\Users\Kris\.gradle\caches\4.10.1\fileContent)" [_thread_blocked, id=3792, stack(0x0000000023160000,0x0000000023260000)]
  0x000000001d746000 JavaThread "Memory manager" [_thread_blocked, id=1656, stack(0x0000000022810000,0x0000000022910000)]
  0x000000001d740800 JavaThread "pool-1-thread-1" [_thread_blocked, id=5528, stack(0x0000000021f10000,0x0000000022010000)]
  0x000000001d73f000 JavaThread "Build operations Thread 4" [_thread_blocked, id=5884, stack(0x0000000021e10000,0x0000000021f10000)]
  0x000000001d743800 JavaThread "Build operations Thread 3" [_thread_in_native, id=1000, stack(0x0000000021d10000,0x0000000021e10000)]
  0x000000001d73c000 JavaThread "Build operations Thread 2" [_thread_blocked, id=7112, stack(0x0000000021c10000,0x0000000021d10000)]
  0x000000001d743000 JavaThread "Build operations" [_thread_blocked, id=1236, stack(0x0000000021b10000,0x0000000021c10000)]
  0x000000001d742000 JavaThread "Cache worker for Artifact transforms cache (C:\Users\Kris\.gradle\caches\transforms-1)" [_thread_blocked, id=6464, stack(0x000000001ff50000,0x0000000020050000)]
  0x000000001d740000 JavaThread "Cache worker for cache directory md-rule (C:\Users\Kris\.gradle\caches\4.10.1\md-rule)" [_thread_blocked, id=8488, stack(0x000000001fe50000,0x000000001ff50000)]
  0x000000001d741800 JavaThread "Cache worker for cache directory md-supplier (C:\Users\Kris\.gradle\caches\4.10.1\md-supplier)" [_thread_blocked, id=4196, stack(0x000000001fd50000,0x000000001fe50000)]
  0x000000001d739800 JavaThread "Cache worker for journal cache (C:\Users\Kris\.gradle\caches\journal-1)" [_thread_blocked, id=1240, stack(0x000000001f950000,0x000000001fa50000)]
  0x000000001d739000 JavaThread "Cache worker for file hash cache (E:\Development\Android\WearCasts\.gradle\4.10.1\fileHashes)" [_thread_blocked, id=8336, stack(0x000000001df20000,0x000000001e020000)]
  0x00000000190a1000 JavaThread "File lock request listener" [_thread_in_native, id=1780, stack(0x000000001ce50000,0x000000001cf50000)]
  0x00000000190a4000 JavaThread "Cache worker for file hash cache (C:\Users\Kris\.gradle\caches\4.10.1\fileHashes)" [_thread_blocked, id=6460, stack(0x000000001cd50000,0x000000001ce50000)]
  0x00000000190a7000 JavaThread "Stdin handler" [_thread_blocked, id=8380, stack(0x000000001aab0000,0x000000001abb0000)]
  0x00000000190a2800 JavaThread "Asynchronous log dispatcher for DefaultDaemonConnection: socket connection from /127.0.0.1:59305 to /127.0.0.1:59306" [_thread_blocked, id=7908, stack(0x000000001a9b0000,0x000000001aab0000)]
  0x00000000190a5800 JavaThread "Daemon worker" [_thread_blocked, id=6624, stack(0x000000001a6b0000,0x000000001a7b0000)]
  0x00000000190a5000 JavaThread "Cancel handler" [_thread_blocked, id=4252, stack(0x000000001a5b0000,0x000000001a6b0000)]
  0x00000000190a6800 JavaThread "Handler for socket connection from /127.0.0.1:59305 to /127.0.0.1:59306" [_thread_in_native, id=2920, stack(0x000000001a4b0000,0x000000001a5b0000)]
  0x00000000190a2000 JavaThread "Daemon" [_thread_blocked, id=3460, stack(0x000000001a3b0000,0x000000001a4b0000)]
  0x00000000190a0800 JavaThread "Daemon periodic checks" [_thread_blocked, id=8328, stack(0x000000001a2b0000,0x000000001a3b0000)]
  0x00000000190a3800 JavaThread "Incoming local TCP Connector on port 59305" [_thread_in_native, id=4164, stack(0x000000001a070000,0x000000001a170000)]
  0x0000000017d70800 JavaThread "Service Thread" daemon [_thread_blocked, id=1720, stack(0x0000000018160000,0x0000000018260000)]
  0x000000001640e800 JavaThread "C1 CompilerThread2" daemon [_thread_blocked, id=2620, stack(0x0000000017c60000,0x0000000017d60000)]
=>0x000000001640b000 JavaThread "C2 CompilerThread1" daemon [_thread_in_native, id=7256, stack(0x0000000017b60000,0x0000000017c60000)]
  0x0000000016417000 JavaThread "C2 CompilerThread0" daemon [_thread_in_native, id=7844, stack(0x0000000017a60000,0x0000000017b60000)]
  0x0000000016415800 JavaThread "Attach Listener" daemon [_thread_blocked, id=368, stack(0x0000000017960000,0x0000000017a60000)]
  0x0000000016414000 JavaThread "Signal Dispatcher" daemon [_thread_blocked, id=5124, stack(0x0000000017860000,0x0000000017960000)]
  0x0000000002a9b800 JavaThread "Finalizer" daemon [_thread_blocked, id=9108, stack(0x0000000017670000,0x0000000017770000)]
  0x0000000002a90800 JavaThread "Reference Handler" daemon [_thread_blocked, id=4576, stack(0x0000000017570000,0x0000000017670000)]
  0x0000000000c5e000 JavaThread "main" [_thread_blocked, id=2308, stack(0x0000000002830000,0x0000000002930000)]

Other Threads:
  0x00000000163d6000 VMThread [stack: 0x0000000017470000,0x0000000017570000] [id=7956]
  0x000000001646a800 WatcherThread [stack: 0x0000000018260000,0x0000000018360000] [id=5468]

VM state:not at safepoint (normal execution)

VM Mutex/Monitor currently owned by a thread: None

Heap:
 PSYoungGen      total 253440K, used 89961K [0x00000000e0000000, 0x00000000f6400000, 0x0000000100000000)
  eden space 230912K, 38% used [0x00000000e0000000,0x00000000e57da618,0x00000000ee180000)
  from space 22528K, 0% used [0x00000000ee180000,0x00000000ee180000,0x00000000ef780000)
  to   space 23552K, 0% used [0x00000000f4d00000,0x00000000f4d00000,0x00000000f6400000)
 ParOldGen       total 205824K, used 31661K [0x00000000a0000000, 0x00000000ac900000, 0x00000000e0000000)
  object space 205824K, 15% used [0x00000000a0000000,0x00000000a1eeb578,0x00000000ac900000)
 Metaspace       used 59733K, capacity 61646K, committed 61872K, reserved 1101824K
  class space    used 8060K, capacity 8584K, committed 8624K, reserved 1048576K

Card table byte_map: [0x0000000011e60000,0x0000000012170000] byte_map_base: 0x0000000011960000

Marking Bits: (ParMarkBitMap*) 0x000000006e4f5aa0
 Begin Bits: [0x0000000012770000, 0x0000000013f70000)
 End Bits:   [0x0000000013f70000, 0x0000000015770000)

Polling page: 0x00000000007f0000

CodeCache: size=245760Kb used=21301Kb max_used=21301Kb free=224458Kb
 bounds [0x0000000002aa0000, 0x0000000003f90000, 0x0000000011aa0000]
 total_blobs=7488 nmethods=6700 adapters=701
 compilation: enabled

Compilation events (10 events):
Event: 8.075 Thread 0x000000001640e800 7519       3       java.io.ObjectOutputStream$BlockDataOutputStream::setBlockDataMode (35 bytes)
Event: 8.075 Thread 0x000000001640e800 nmethod 7519 0x0000000003f6be90 code [0x0000000003f6c000, 0x0000000003f6c268]
Event: 8.075 Thread 0x000000001640e800 7520       3       org.gradle.internal.operations.CurrentBuildOperationRef::instance (4 bytes)
Event: 8.075 Thread 0x000000001640e800 nmethod 7520 0x0000000003f72b50 code [0x0000000003f72ca0, 0x0000000003f72dd0]
Event: 8.076 Thread 0x000000001640e800 7521       3       org.gradle.internal.operations.CurrentBuildOperationRef::set (23 bytes)
Event: 8.077 Thread 0x000000001640e800 nmethod 7521 0x0000000003f71e50 code [0x0000000003f72020, 0x0000000003f72808]
Event: 8.096 Thread 0x000000001640e800 7528       3       com.esotericsoftware.kryo.io.Input::readUtf8_slow (255 bytes)
Event: 8.096 Thread 0x000000001640e800 nmethod 7528 0x0000000003f71350 code [0x0000000003f71500, 0x0000000003f71a88]
Event: 8.096 Thread 0x000000001640e800 7529       1       com.google.common.collect.AbstractMapBasedMultimap::size (5 bytes)
Event: 8.096 Thread 0x000000001640e800 nmethod 7529 0x0000000003f71090 code [0x0000000003f711e0, 0x0000000003f712f0]

GC Heap History (10 events):
Event: 3.918 GC heap before
{Heap before GC invocations=8 (full 2):
 PSYoungGen      total 161792K, used 8292K [0x00000000e0000000, 0x00000000eee00000, 0x0000000100000000)
  eden space 147456K, 0% used [0x00000000e0000000,0x00000000e0000000,0x00000000e9000000)
  from space 14336K, 57% used [0x00000000e9d80000,0x00000000ea599070,0x00000000eab80000)
  to   space 13824K, 0% used [0x00000000e9000000,0x00000000e9000000,0x00000000e9d80000)
 ParOldGen       total 106496K, used 11943K [0x00000000a0000000, 0x00000000a6800000, 0x00000000e0000000)
  object space 106496K, 11% used [0x00000000a0000000,0x00000000a0ba9c90,0x00000000a6800000)
 Metaspace       used 34728K, capacity 35352K, committed 35496K, reserved 1079296K
  class space    used 4842K, capacity 5094K, committed 5168K, reserved 1048576K
Event: 3.952 GC heap after
Heap after GC invocations=8 (full 2):
 PSYoungGen      total 161792K, used 0K [0x00000000e0000000, 0x00000000eee00000, 0x0000000100000000)
  eden space 147456K, 0% used [0x00000000e0000000,0x00000000e0000000,0x00000000e9000000)
  from space 14336K, 0% used [0x00000000e9d80000,0x00000000e9d80000,0x00000000eab80000)
  to   space 13824K, 0% used [0x00000000e9000000,0x00000000e9000000,0x00000000e9d80000)
 ParOldGen       total 147456K, used 15176K [0x00000000a0000000, 0x00000000a9000000, 0x00000000e0000000)
  object space 147456K, 10% used [0x00000000a0000000,0x00000000a0ed21c8,0x00000000a9000000)
 Metaspace       used 34728K, capacity 35352K, committed 35496K, reserved 1079296K
  class space    used 4842K, capacity 5094K, committed 5168K, reserved 1048576K
}
Event: 5.311 GC heap before
{Heap before GC invocations=9 (full 2):
 PSYoungGen      total 161792K, used 147456K [0x00000000e0000000, 0x00000000eee00000, 0x0000000100000000)
  eden space 147456K, 100% used [0x00000000e0000000,0x00000000e9000000,0x00000000e9000000)
  from space 14336K, 0% used [0x00000000e9d80000,0x00000000e9d80000,0x00000000eab80000)
  to   space 13824K, 0% used [0x00000000e9000000,0x00000000e9000000,0x00000000e9d80000)
 ParOldGen       total 147456K, used 15176K [0x00000000a0000000, 0x00000000a9000000, 0x00000000e0000000)
  object space 147456K, 10% used [0x00000000a0000000,0x00000000a0ed21c8,0x00000000a9000000)
 Metaspace       used 47939K, capacity 48790K, committed 49072K, reserved 1091584K
  class space    used 6469K, capacity 6784K, committed 6832K, reserved 1048576K
Event: 5.322 GC heap after
Heap after GC invocations=9 (full 2):
 PSYoungGen      total 161280K, used 13799K [0x00000000e0000000, 0x00000000f0980000, 0x0000000100000000)
  eden space 147456K, 0% used [0x00000000e0000000,0x00000000e0000000,0x00000000e9000000)
  from space 13824K, 99% used [0x00000000e9000000,0x00000000e9d79fb8,0x00000000e9d80000)
  to   space 17920K, 0% used [0x00000000ef800000,0x00000000ef800000,0x00000000f0980000)
 ParOldGen       total 147456K, used 19817K [0x00000000a0000000, 0x00000000a9000000, 0x00000000e0000000)
  object space 147456K, 13% used [0x00000000a0000000,0x00000000a135a5b0,0x00000000a9000000)
 Metaspace       used 47939K, capacity 48790K, committed 49072K, reserved 1091584K
  class space    used 6469K, capacity 6784K, committed 6832K, reserved 1048576K
}
Event: 6.739 GC heap before
{Heap before GC invocations=10 (full 2):
 PSYoungGen      total 161280K, used 161255K [0x00000000e0000000, 0x00000000f0980000, 0x0000000100000000)
  eden space 147456K, 100% used [0x00000000e0000000,0x00000000e9000000,0x00000000e9000000)
  from space 13824K, 99% used [0x00000000e9000000,0x00000000e9d79fb8,0x00000000e9d80000)
  to   space 17920K, 0% used [0x00000000ef800000,0x00000000ef800000,0x00000000f0980000)
 ParOldGen       total 147456K, used 19817K [0x00000000a0000000, 0x00000000a9000000, 0x00000000e0000000)
  object space 147456K, 13% used [0x00000000a0000000,0x00000000a135a5b0,0x00000000a9000000)
 Metaspace       used 56230K, capacity 57896K, committed 58032K, reserved 1099776K
  class space    used 7598K, capacity 8075K, committed 8112K, reserved 1048576K
Event: 6.756 GC heap after
Heap after GC invocations=10 (full 2):
 PSYoungGen      total 248832K, used 17892K [0x00000000e0000000, 0x00000000f0d80000, 0x0000000100000000)
  eden space 230912K, 0% used [0x00000000e0000000,0x00000000e0000000,0x00000000ee180000)
  from space 17920K, 99% used [0x00000000ef800000,0x00000000f0979040,0x00000000f0980000)
  to   space 22528K, 0% used [0x00000000ee180000,0x00000000ee180000,0x00000000ef780000)
 ParOldGen       total 147456K, used 25582K [0x00000000a0000000, 0x00000000a9000000, 0x00000000e0000000)
  object space 147456K, 17% used [0x00000000a0000000,0x00000000a18fbba0,0x00000000a9000000)
 Metaspace       used 56230K, capacity 57896K, committed 58032K, reserved 1099776K
  class space    used 7598K, capacity 8075K, committed 8112K, reserved 1048576K
}
Event: 6.947 GC heap before
{Heap before GC invocations=11 (full 2):
 PSYoungGen      total 248832K, used 38596K [0x00000000e0000000, 0x00000000f0d80000, 0x0000000100000000)
  eden space 230912K, 8% used [0x00000000e0000000,0x00000000e14382f8,0x00000000ee180000)
  from space 17920K, 99% used [0x00000000ef800000,0x00000000f0979040,0x00000000f0980000)
  to   space 22528K, 0% used [0x00000000ee180000,0x00000000ee180000,0x00000000ef780000)
 ParOldGen       total 147456K, used 25582K [0x00000000a0000000, 0x00000000a9000000, 0x00000000e0000000)
  object space 147456K, 17% used [0x00000000a0000000,0x00000000a18fbba0,0x00000000a9000000)
 Metaspace       used 57302K, capacity 59064K, committed 59160K, reserved 1099776K
  class space    used 7762K, capacity 8275K, committed 8368K, reserved 1048576K
Event: 6.956 GC heap after
Heap after GC invocations=11 (full 2):
 PSYoungGen      total 253440K, used 17632K [0x00000000e0000000, 0x00000000f6400000, 0x0000000100000000)
  eden space 230912K, 0% used [0x00000000e0000000,0x00000000e0000000,0x00000000ee180000)
  from space 22528K, 78% used [0x00000000ee180000,0x00000000ef2b8088,0x00000000ef780000)
  to   space 23552K, 0% used [0x00000000f4d00000,0x00000000f4d00000,0x00000000f6400000)
 ParOldGen       total 147456K, used 25590K [0x00000000a0000000, 0x00000000a9000000, 0x00000000e0000000)
  object space 147456K, 17% used [0x00000000a0000000,0x00000000a18fdba0,0x00000000a9000000)
 Metaspace       used 57302K, capacity 59064K, committed 59160K, reserved 1099776K
  class space    used 7762K, capacity 8275K, committed 8368K, reserved 1048576K
}
Event: 6.957 GC heap before
{Heap before GC invocations=12 (full 3):
 PSYoungGen      total 253440K, used 17632K [0x00000000e0000000, 0x00000000f6400000, 0x0000000100000000)
  eden space 230912K, 0% used [0x00000000e0000000,0x00000000e0000000,0x00000000ee180000)
  from space 22528K, 78% used [0x00000000ee180000,0x00000000ef2b8088,0x00000000ef780000)
  to   space 23552K, 0% used [0x00000000f4d00000,0x00000000f4d00000,0x00000000f6400000)
 ParOldGen       total 147456K, used 25590K [0x00000000a0000000, 0x00000000a9000000, 0x00000000e0000000)
  object space 147456K, 17% used [0x00000000a0000000,0x00000000a18fdba0,0x00000000a9000000)
 Metaspace       used 57302K, capacity 59064K, committed 59160K, reserved 1099776K
  class space    used 7762K, capacity 8275K, committed 8368K, reserved 1048576K
Event: 7.104 GC heap after
Heap after GC invocations=12 (full 3):
 PSYoungGen      total 253440K, used 0K [0x00000000e0000000, 0x00000000f6400000, 0x0000000100000000)
  eden space 230912K, 0% used [0x00000000e0000000,0x00000000e0000000,0x00000000ee180000)
  from space 22528K, 0% used [0x00000000ee180000,0x00000000ee180000,0x00000000ef780000)
  to   space 23552K, 0% used [0x00000000f4d00000,0x00000000f4d00000,0x00000000f6400000)
 ParOldGen       total 205824K, used 31661K [0x00000000a0000000, 0x00000000ac900000, 0x00000000e0000000)
  object space 205824K, 15% used [0x00000000a0000000,0x00000000a1eeb578,0x00000000ac900000)
 Metaspace       used 57302K, capacity 59064K, committed 59160K, reserved 1099776K
  class space    used 7762K, capacity 8275K, committed 8368K, reserved 1048576K
}

Deoptimization events (10 events):
Event: 7.777 Thread 0x00000000190a5800 Uncommon trap: reason=unstable_if action=reinterpret pc=0x000000000325d190 method=java.lang.String.regionMatches(ZILjava/lang/String;II)Z @ 123
Event: 8.020 Thread 0x000000001d177800 Uncommon trap: reason=class_check action=maybe_recompile pc=0x0000000003b783d8 method=com.sun.org.apache.xerces.internal.impl.XMLEntityManager$RewindableInputStream.read([BII)I @ 89
Event: 8.055 Thread 0x00000000190a5800 Uncommon trap: reason=class_check action=maybe_recompile pc=0x0000000002bdd204 method=java.io.ObjectOutputStream$BlockDataOutputStream.drain()V @ 36
Event: 8.057 Thread 0x00000000190a5800 Uncommon trap: reason=class_check action=maybe_recompile pc=0x0000000003f2949c method=java.io.ObjectOutputStream$BlockDataOutputStream.drain()V @ 36
Event: 8.058 Thread 0x00000000190a5800 Uncommon trap: reason=class_check action=maybe_recompile pc=0x0000000003f01548 method=java.io.ObjectOutputStream$BlockDataOutputStream.drain()V @ 36
Event: 8.058 Thread 0x00000000190a5800 Uncommon trap: reason=class_check action=maybe_recompile pc=0x0000000002c77c8c method=java.io.ObjectOutputStream$BlockDataOutputStream.drain()V @ 36
Event: 8.058 Thread 0x00000000190a5800 Uncommon trap: reason=class_check action=maybe_recompile pc=0x0000000003f2949c method=java.io.ObjectOutputStream$BlockDataOutputStream.drain()V @ 36
Event: 8.058 Thread 0x00000000190a5800 Uncommon trap: reason=class_check action=maybe_recompile pc=0x0000000002bdd204 method=java.io.ObjectOutputStream$BlockDataOutputStream.drain()V @ 36
Event: 8.059 Thread 0x00000000190a5800 Uncommon trap: reason=class_check action=maybe_recompile pc=0x0000000003f01548 method=java.io.ObjectOutputStream$BlockDataOutputStream.drain()V @ 36
Event: 8.059 Thread 0x00000000190a5800 Uncommon trap: reason=class_check action=maybe_recompile pc=0x0000000002f580a4 method=java.io.ObjectOutputStream$BlockDataOutputStream.drain()V @ 36

Classes redefined (0 events):
No events

Internal exceptions (10 events):
Event: 7.249 Thread 0x00000000190a5800 Exception <a 'java/lang/NoSuchMethodError': <clinit>> (0x00000000e0be16b0) thrown at [D:\src\AOSP-openjdk-cygwin\jdk8u\hotspot\src\share\vm\prims\jni.cpp, line 1613]
Event: 7.250 Thread 0x00000000190a5800 Exception <a 'java/lang/NoSuchMethodError': <clinit>> (0x00000000e0beef50) thrown at [D:\src\AOSP-openjdk-cygwin\jdk8u\hotspot\src\share\vm\prims\jni.cpp, line 1613]
Event: 7.258 Thread 0x00000000190a5800 Exception <a 'java/lang/NoSuchMethodError': <clinit>> (0x00000000e0c81ba8) thrown at [D:\src\AOSP-openjdk-cygwin\jdk8u\hotspot\src\share\vm\prims\jni.cpp, line 1613]
Event: 7.260 Thread 0x00000000190a5800 Exception <a 'java/lang/NoSuchMethodError': <clinit>> (0x00000000e0c9a900) thrown at [D:\src\AOSP-openjdk-cygwin\jdk8u\hotspot\src\share\vm\prims\jni.cpp, line 1613]
Event: 7.260 Thread 0x00000000190a5800 Exception <a 'java/lang/NoSuchMethodError': <clinit>> (0x00000000e0c9c768) thrown at [D:\src\AOSP-openjdk-cygwin\jdk8u\hotspot\src\share\vm\prims\jni.cpp, line 1613]
Event: 7.274 Thread 0x00000000190a5800 Exception <a 'java/lang/NoSuchMethodError': <clinit>> (0x00000000e11158f0) thrown at [D:\src\AOSP-openjdk-cygwin\jdk8u\hotspot\src\share\vm\prims\jni.cpp, line 1613]
Event: 8.057 Thread 0x00000000190a5800 Exception <a 'java/lang/NoSuchMethodError': <clinit>> (0x00000000e3dcd260) thrown at [D:\src\AOSP-openjdk-cygwin\jdk8u\hotspot\src\share\vm\prims\jni.cpp, line 1613]
Event: 8.057 Thread 0x00000000190a5800 Exception <a 'java/lang/NoSuchMethodError': <clinit>> (0x00000000e3dd7ee8) thrown at [D:\src\AOSP-openjdk-cygwin\jdk8u\hotspot\src\share\vm\prims\jni.cpp, line 1613]
Event: 8.059 Thread 0x00000000190a5800 Exception <a 'java/lang/NoSuchMethodError': <clinit>> (0x00000000e3df48b8) thrown at [D:\src\AOSP-openjdk-cygwin\jdk8u\hotspot\src\share\vm\prims\jni.cpp, line 1613]
Event: 8.061 Thread 0x00000000190a5800 Exception <a 'java/lang/NoSuchMethodError': <clinit>> (0x00000000e3e02eb8) thrown at [D:\src\AOSP-openjdk-cygwin\jdk8u\hotspot\src\share\vm\prims\jni.cpp, line 1613]

Events (10 events):
Event: 8.058 Thread 0x00000000190a5800 DEOPT PACKING pc=0x0000000002bdd204 sp=0x000000001a7aaed0
Event: 8.058 Thread 0x00000000190a5800 DEOPT UNPACKING pc=0x0000000002ae557b sp=0x000000001a7aae88 mode 2
Event: 8.059 Thread 0x00000000190a5800 Uncommon trap: trap_request=0xffffffde fr.pc=0x0000000003f01548
Event: 8.059 Thread 0x00000000190a5800 DEOPT PACKING pc=0x0000000003f01548 sp=0x000000001a7ab060
Event: 8.059 Thread 0x00000000190a5800 DEOPT UNPACKING pc=0x0000000002ae557b sp=0x000000001a7aaf38 mode 2
Event: 8.059 Thread 0x00000000190a5800 Uncommon trap: trap_request=0xffffffde fr.pc=0x0000000002f580a4
Event: 8.059 Thread 0x00000000190a5800 DEOPT PACKING pc=0x0000000002f580a4 sp=0x000000001a7aa330
Event: 8.059 Thread 0x00000000190a5800 DEOPT UNPACKING pc=0x0000000002ae557b sp=0x000000001a7aa2a8 mode 2
Event: 8.059 Executing VM operation: BulkRevokeBias
Event: 8.060 Executing VM operation: BulkRevokeBias done


Dynamic libraries:
0x00007ff7ecd50000 - 0x00007ff7ecd81000 	C:\Program Files\Android\Android Studio\jre\bin\java.exe
0x00007ffaaf400000 - 0x00007ffaaf5e1000 	C:\WINDOWS\SYSTEM32\ntdll.dll
0x00007ffaad270000 - 0x00007ffaad322000 	C:\WINDOWS\System32\KERNEL32.DLL
0x00007ffaab850000 - 0x00007ffaabac3000 	C:\WINDOWS\System32\KERNELBASE.dll
0x00007ffaaf080000 - 0x00007ffaaf121000 	C:\WINDOWS\System32\ADVAPI32.dll
0x00007ffaaef20000 - 0x00007ffaaefbe000 	C:\WINDOWS\System32\msvcrt.dll
0x00007ffaaf1e0000 - 0x00007ffaaf23b000 	C:\WINDOWS\System32\sechost.dll
0x00007ffaaced0000 - 0x00007ffaacff4000 	C:\WINDOWS\System32\RPCRT4.dll
0x00007ffaaf240000 - 0x00007ffaaf3d0000 	C:\WINDOWS\System32\USER32.dll
0x00007ffaab830000 - 0x00007ffaab850000 	C:\WINDOWS\System32\win32u.dll
0x00007ffaad330000 - 0x00007ffaad358000 	C:\WINDOWS\System32\GDI32.dll
0x00007ffaac6f0000 - 0x00007ffaac882000 	C:\WINDOWS\System32\gdi32full.dll
0x00007ffaabcd0000 - 0x00007ffaabd6f000 	C:\WINDOWS\System32\msvcp_win.dll
0x00007ffaabad0000 - 0x00007ffaabbca000 	C:\WINDOWS\System32\ucrtbase.dll
0x00007ffa9b2c0000 - 0x00007ffa9b529000 	C:\WINDOWS\WinSxS\amd64_microsoft.windows.common-controls_6595b64144ccf1df_6.0.17134.590_none_fb3d9bff3069e088\COMCTL32.dll
0x00007ffaaeb70000 - 0x00007ffaaee92000 	C:\WINDOWS\System32\combase.dll
0x00007ffaabd70000 - 0x00007ffaabdea000 	C:\WINDOWS\System32\bcryptPrimitives.dll
0x00007ffaacd40000 - 0x00007ffaacd6d000 	C:\WINDOWS\System32\IMM32.DLL
0x000000006b490000 - 0x000000006b562000 	C:\Program Files\Android\Android Studio\jre\jre\bin\msvcr100.dll
0x000000006dd30000 - 0x000000006e571000 	C:\Program Files\Android\Android Studio\jre\jre\bin\server\jvm.dll
0x00007ffaae920000 - 0x00007ffaae928000 	C:\WINDOWS\System32\PSAPI.DLL
0x00007ffaa6d90000 - 0x00007ffaa6d99000 	C:\WINDOWS\SYSTEM32\WSOCK32.dll
0x00007ffaaeb00000 - 0x00007ffaaeb6c000 	C:\WINDOWS\System32\WS2_32.dll
0x00007ffaa9120000 - 0x00007ffaa9143000 	C:\WINDOWS\SYSTEM32\WINMM.dll
0x00007ffaa6d20000 - 0x00007ffaa6d2a000 	C:\WINDOWS\SYSTEM32\VERSION.dll
0x00007ffaa8fb0000 - 0x00007ffaa8fda000 	C:\WINDOWS\SYSTEM32\WINMMBASE.dll
0x00007ffaabbd0000 - 0x00007ffaabc19000 	C:\WINDOWS\System32\cfgmgr32.dll
0x00007ffaa7b20000 - 0x00007ffaa7b2f000 	C:\Program Files\Android\Android Studio\jre\jre\bin\verify.dll
0x00007ffa9f6b0000 - 0x00007ffa9f6d9000 	C:\Program Files\Android\Android Studio\jre\jre\bin\java.dll
0x00007ffaa1d30000 - 0x00007ffaa1d46000 	C:\Program Files\Android\Android Studio\jre\jre\bin\zip.dll
0x00007ffaad360000 - 0x00007ffaae7a0000 	C:\WINDOWS\System32\SHELL32.dll
0x00007ffaaf130000 - 0x00007ffaaf1d9000 	C:\WINDOWS\System32\shcore.dll
0x00007ffaabdf0000 - 0x00007ffaac4fd000 	C:\WINDOWS\System32\windows.storage.dll
0x00007ffaac890000 - 0x00007ffaac8e1000 	C:\WINDOWS\System32\shlwapi.dll
0x00007ffaab750000 - 0x00007ffaab761000 	C:\WINDOWS\System32\kernel.appcore.dll
0x00007ffaab730000 - 0x00007ffaab74f000 	C:\WINDOWS\System32\profapi.dll
0x00007ffaab780000 - 0x00007ffaab7cc000 	C:\WINDOWS\System32\powrprof.dll
0x00007ffaab770000 - 0x00007ffaab77a000 	C:\WINDOWS\System32\FLTLIB.DLL
0x00007ffaa1bf0000 - 0x00007ffaa1c0a000 	C:\Program Files\Android\Android Studio\jre\jre\bin\net.dll
0x00007ffaaac30000 - 0x00007ffaaac96000 	C:\WINDOWS\system32\mswsock.dll
0x00007ffa9f690000 - 0x00007ffa9f6a1000 	C:\Program Files\Android\Android Studio\jre\jre\bin\nio.dll
0x00007ffa9e8f0000 - 0x00007ffa9e90e000 	C:\Users\Kris\.gradle\native\25\windows-amd64\native-platform.dll
0x00007ffaa78a0000 - 0x00007ffaa78ad000 	C:\Program Files\Android\Android Studio\jre\jre\bin\management.dll
0x00007ffaab430000 - 0x00007ffaab447000 	C:\WINDOWS\SYSTEM32\CRYPTSP.dll
0x00007ffaaa810000 - 0x00007ffaaa843000 	C:\WINDOWS\system32\rsaenh.dll
0x00007ffaab030000 - 0x00007ffaab055000 	C:\WINDOWS\SYSTEM32\bcrypt.dll
0x00007ffaab640000 - 0x00007ffaab668000 	C:\WINDOWS\SYSTEM32\USERENV.dll
0x00007ffaaade0000 - 0x00007ffaaadeb000 	C:\WINDOWS\SYSTEM32\CRYPTBASE.dll
0x00007ffaaa9b0000 - 0x00007ffaaa9e8000 	C:\WINDOWS\SYSTEM32\IPHLPAPI.DLL
0x00007ffaae930000 - 0x00007ffaae938000 	C:\WINDOWS\System32\NSI.dll
0x00007ffaa4ff0000 - 0x00007ffaa5006000 	C:\WINDOWS\SYSTEM32\dhcpcsvc6.DLL
0x00007ffaa50f0000 - 0x00007ffaa510a000 	C:\WINDOWS\SYSTEM32\dhcpcsvc.DLL
0x00007ffaab260000 - 0x00007ffaab429000 	C:\WINDOWS\SYSTEM32\dbghelp.dll

VM Arguments:
jvm_args: -Xmx1536m -Dfile.encoding=windows-1252 -Duser.country=US -Duser.language=en -Duser.variant 
java_command: org.gradle.launcher.daemon.bootstrap.GradleDaemon 4.10.1
java_class_path (initial): C:\Users\Kris\.gradle\wrapper\dists\gradle-4.10.1-all\455itskqi2qtf0v2sja68alqd\gradle-4.10.1\lib\gradle-launcher-4.10.1.jar
Launcher Type: SUN_STANDARD

Environment Variables:
PATH=C:\Windows\system32;C:\Windows;C:\Windows\System32\Wbem;C:\Windows\System32\WindowsPowerShell\v1.0\;C:\Program Files (x86)\NVIDIA Corporation\PhysX\Common;C:\Users\Kris\AppData\Local\Microsoft\WindowsApps;C:\Program Files (x86)\Common Files\Acronis\SnapAPI\;C:\WINDOWS\system32;C:\WINDOWS;C:\WINDOWS\System32\Wbem;C:\WINDOWS\System32\WindowsPowerShell\v1.0\;D:\Program Files\GnuPG\pub;C:\WINDOWS\System32\OpenSSH\;C:\Program Files\Java\jdk-10.0.2\bin;C:\Users\Kris\AppData\Local\Microsoft\WindowsApps;C:\Users\Kris\AppData\Local\GitHubDesktop\bin;%USERPROFILE%\AppData\Local\Microsoft\WindowsApps;;C:\Program Files (x86)\Common Files\Acronis\TibMounter64
USERNAME=Kris
OS=Windows_NT
PROCESSOR_IDENTIFIER=Intel64 Family 6 Model 94 Stepping 3, GenuineIntel



---------------  S Y S T E M  ---------------

OS: Windows 10.0 , 64 bit Build 17134 (10.0.17134.556)

CPU:total 4 (initial active 4) (4 cores per cpu, 1 threads per core) family 6 model 94 stepping 3, cmov, cx8, fxsr, mmx, sse, sse2, sse3, ssse3, sse4.1, sse4.2, popcnt, avx, avx2, aes, clmul, erms, rtm, 3dnowpref, lzcnt, tsc, tscinvbit, bmi1, bmi2, adx

Memory: 4k page, physical 16716864k(10384960k free), swap 19207232k(10046296k free)

vm_info: OpenJDK 64-Bit Server VM (25.152-b01) for windows-amd64 JRE (1.8.0_152-release-1248-b01), built by "builder" with MS VC++ 10.0 (VS2010)

time: Wed Feb 27 16:13:08 2019
elapsed time: 8 seconds (0d 0h 0m 8s)

