#
# A fatal error has been detected by the Java Runtime Environment:
#
#  EXCEPTION_ACCESS_VIOLATION (0xc0000005) at pc=0x000000007087e240, pid=2260, tid=0x00000000000026f0
#
# JRE version: OpenJDK Runtime Environment (8.0_152-b01) (build 1.8.0_152-release-1248-b01)
# Java VM: OpenJDK 64-Bit Server VM (25.152-b01 mixed mode windows-amd64 compressed oops)
# Problematic frame:
# V  [jvm.dll+0x4ce240]
#
# Failed to write core dump. Minidumps are not enabled by default on client versions of Windows
#
# If you would like to submit a bug report, please visit:
#   http://bugreport.java.com/bugreport/crash.jsp
#

---------------  T H R E A D  ---------------

Current thread (0x00000000162c8800):  JavaThread "C2 CompilerThread0" daemon [_thread_in_native, id=9968, stack(0x0000000017910000,0x0000000017a10000)]

siginfo: ExceptionCode=0xc0000005, reading address 0x0000000000000000

Registers:
RAX=0x000000001f5cacf0, RBX=0x0000000017a0d340, RCX=0x000000001c06ab00, RDX=0x0000000017a0ed60
RSP=0x0000000017a0d200, RBP=0x000000001f5cacf0, RSI=0x0000000000000000, RDI=0x0000000000000006
R8 =0x000000001c06aa56, R9 =0x0000000000000006, R10=0x000000001f0a08b8, R11=0x000000001f0a0868
R12=0x0000000000000000, R13=0x0000000000000000, R14=0x00000000703b0000, R15=0x0000000000000000
RIP=0x000000007087e240, EFLAGS=0x0000000000010246

Top of Stack: (sp=0x0000000017a0d200)
0x0000000017a0d200:   000000001f5cacf0 0000000017a0d340
0x0000000017a0d210:   000000001f5cacf0 000000007088b6cd
0x0000000017a0d220:   000000001f09ff98 0000000017a0e2f0
0x0000000017a0d230:   0000000000000000 000000001f5cacf0
0x0000000017a0d240:   0000000000000000 000000007087e609
0x0000000017a0d250:   0000000017a0d340 0000000000000001
0x0000000017a0d260:   00000000000000d0 00000000709d57d8
0x0000000017a0d270:   000000001c06b000 000000001c06b114
0x0000000017a0d280:   00000000000000d0 0000000000000000
0x0000000017a0d290:   000000001f09fd68 0000000017a0d340
0x0000000017a0d2a0:   0000000000000000 000000007087eb9f
0x0000000017a0d2b0:   0000000017a0e201 0000000017a0d300
0x0000000017a0d2c0:   0000000000000000 000000001f5cacf0
0x0000000017a0d2d0:   0000000020200c10 00000000708b6b0e
0x0000000017a0d2e0:   00000000bf800000 0000000000000000
0x0000000017a0d2f0:   00000000fffffffc 00000000703b0000 

Instructions: (pc=0x000000007087e240)
0x000000007087e220:   78 24 74 07 c7 40 28 ff ff ff ff 89 78 24 49 89
0x000000007087e230:   04 24 48 8b 83 f0 00 00 00 44 8b 4b 38 48 8b 08
0x000000007087e240:   48 8b 01 44 3b 48 08 0f 84 95 00 00 00 48 85 f6
0x000000007087e250:   74 16 44 8b 83 38 01 00 00 48 8d 15 28 3b 15 00 


Register to memory mapping:

RAX=0x000000001f5cacf0 is an unknown value
RBX=0x0000000017a0d340 is pointing into the stack for thread: 0x00000000162c8800
RCX=0x000000001c06ab00 is an unknown value
RDX=0x0000000017a0ed60 is pointing into the stack for thread: 0x00000000162c8800
RSP=0x0000000017a0d200 is pointing into the stack for thread: 0x00000000162c8800
RBP=0x000000001f5cacf0 is an unknown value
RSI=0x0000000000000000 is an unknown value
RDI=0x0000000000000006 is an unknown value
R8 =0x000000001c06aa56 is an unknown value
R9 =0x0000000000000006 is an unknown value
R10=0x000000001f0a08b8 is an unknown value
R11=0x000000001f0a0868 is an unknown value
R12=0x0000000000000000 is an unknown value
R13=0x0000000000000000 is an unknown value
R14=0x00000000703b0000 is an unknown value
R15=0x0000000000000000 is an unknown value


Stack: [0x0000000017910000,0x0000000017a10000],  sp=0x0000000017a0d200,  free space=1012k
Native frames: (J=compiled Java code, j=interpreted, Vv=VM code, C=native code)
V  [jvm.dll+0x4ce240]
V  [jvm.dll+0x4ce609]
V  [jvm.dll+0x4ceb9f]
V  [jvm.dll+0x426210]
V  [jvm.dll+0x44b2d6]
V  [jvm.dll+0x4d579d]
V  [jvm.dll+0x4ce287]
V  [jvm.dll+0x4ce609]
V  [jvm.dll+0x4ceb9f]
V  [jvm.dll+0x426210]
V  [jvm.dll+0x44b2d6]
V  [jvm.dll+0x4d579d]
V  [jvm.dll+0x4ce287]
V  [jvm.dll+0x4ce609]
V  [jvm.dll+0x4ceb9f]
V  [jvm.dll+0x426210]
V  [jvm.dll+0x44b2d6]
V  [jvm.dll+0x4d579d]
V  [jvm.dll+0x4ce287]
V  [jvm.dll+0x4ce609]
V  [jvm.dll+0x4ceb9f]
V  [jvm.dll+0x426210]
V  [jvm.dll+0x441fc5]
V  [jvm.dll+0x4252c2]
V  [jvm.dll+0x813d8]
V  [jvm.dll+0x81d0f]
V  [jvm.dll+0x21d41f]
V  [jvm.dll+0x26d9aa]
C  [msvcr100.dll+0x21d9f]
C  [msvcr100.dll+0x21e3b]
C  [KERNEL32.DLL+0x13dc4]
C  [ntdll.dll+0x73691]


Current CompileTask:
C2:  20083 13438       4       com.android.tools.r8.code.BaseInstructionFactory::create (3362 bytes)


---------------  P R O C E S S  ---------------

Java Threads: ( => current thread )
  0x000000001b1c8000 JavaThread "ForkJoinPool-3-worker-0" daemon [_thread_in_Java, id=11072, stack(0x0000000026480000,0x0000000026580000)]
  0x000000001b1c4000 JavaThread "ForkJoinPool-3-worker-3" daemon [_thread_in_Java, id=9900, stack(0x0000000026380000,0x0000000026480000)]
  0x000000001b1c5800 JavaThread "ForkJoinPool-3-worker-2" daemon [_thread_in_vm, id=116, stack(0x0000000026280000,0x0000000026380000)]
  0x000000001b1c3000 JavaThread "ForkJoinPool-3-worker-1" daemon [_thread_blocked, id=7956, stack(0x0000000025f80000,0x0000000026080000)]
  0x000000001d802800 JavaThread "Cache worker for Java compile cache (E:\Development\Android\WearCasts\.gradle\4.10.1\javaCompile)" [_thread_blocked, id=8132, stack(0x0000000025e80000,0x0000000025f80000)]
  0x000000001f5da800 JavaThread "Cache worker for Java compile cache (C:\Users\Kris\.gradle\caches\4.10.1\javaCompile)" [_thread_blocked, id=8108, stack(0x0000000025d80000,0x0000000025e80000)]
  0x000000001f5dd800 JavaThread "stdout" daemon [_thread_in_native, id=4740, stack(0x0000000025c80000,0x0000000025d80000)]
  0x000000001f5dd000 JavaThread "stderr" daemon [_thread_in_native, id=5780, stack(0x0000000025b80000,0x0000000025c80000)]
  0x000000001f5d8800 JavaThread "stdout" daemon [_thread_in_native, id=9476, stack(0x0000000025a80000,0x0000000025b80000)]
  0x000000001f5df000 JavaThread "stderr" daemon [_thread_in_native, id=6728, stack(0x0000000025980000,0x0000000025a80000)]
  0x000000001f5de800 JavaThread "stdout" daemon [_thread_in_native, id=10068, stack(0x0000000025880000,0x0000000025980000)]
  0x000000001f5dc000 JavaThread "stderr" daemon [_thread_in_native, id=9388, stack(0x0000000025780000,0x0000000025880000)]
  0x000000001f5d1800 JavaThread "pool-2-thread-1" [_thread_blocked, id=5004, stack(0x0000000025680000,0x0000000025780000)]
  0x000000001f5d1000 JavaThread "ForkJoinPool.commonPool-worker-3" daemon [_thread_blocked, id=10856, stack(0x0000000025380000,0x0000000025480000)]
  0x000000001f5d4000 JavaThread "ForkJoinPool.commonPool-worker-1" daemon [_thread_blocked, id=3276, stack(0x0000000024f30000,0x0000000025030000)]
  0x000000001f5d3000 JavaThread "Cache worker for Build Output Cleanup Cache (E:\Development\Android\WearCasts\.gradle\buildOutputCleanup)" [_thread_blocked, id=932, stack(0x0000000024830000,0x0000000024930000)]
  0x000000001f5d5800 JavaThread "Cache worker for task history cache (E:\Development\Android\WearCasts\.gradle\4.10.1\taskHistory)" [_thread_blocked, id=980, stack(0x0000000024730000,0x0000000024830000)]
  0x000000001f5d2800 JavaThread "Task worker for ':' Thread 3" [_thread_blocked, id=11168, stack(0x0000000024630000,0x0000000024730000)]
  0x000000001d803800 JavaThread "Task worker for ':' Thread 2" [_thread_blocked, id=8568, stack(0x0000000024530000,0x0000000024630000)]
  0x000000001d802000 JavaThread "Task worker for ':'" [_thread_blocked, id=7172, stack(0x0000000023f80000,0x0000000024080000)]
  0x000000001d801000 JavaThread "Cache worker for file content cache (E:\Development\Android\WearCasts\.gradle\4.10.1\fileContent)" [_thread_blocked, id=9492, stack(0x0000000023e80000,0x0000000023f80000)]
  0x000000001d800800 JavaThread "Cache worker for file content cache (C:\Users\Kris\.gradle\caches\4.10.1\fileContent)" [_thread_blocked, id=2292, stack(0x0000000023d80000,0x0000000023e80000)]
  0x000000001d807000 JavaThread "Memory manager" [_thread_blocked, id=7656, stack(0x00000000231c0000,0x00000000232c0000)]
  0x000000001d804000 JavaThread "pool-1-thread-1" [_thread_blocked, id=4924, stack(0x0000000021450000,0x0000000021550000)]
  0x000000001d805000 JavaThread "Build operations Thread 4" [_thread_blocked, id=8464, stack(0x0000000021150000,0x0000000021250000)]
  0x000000001aac9800 JavaThread "Build operations Thread 3" [_thread_blocked, id=7024, stack(0x0000000021050000,0x0000000021150000)]
  0x000000001aac9000 JavaThread "Build operations Thread 2" [_thread_blocked, id=5936, stack(0x0000000020f50000,0x0000000021050000)]
  0x000000001aac8000 JavaThread "Build operations" [_thread_blocked, id=8076, stack(0x0000000020e50000,0x0000000020f50000)]
  0x000000001aac7800 JavaThread "Cache worker for Artifact transforms cache (C:\Users\Kris\.gradle\caches\transforms-1)" [_thread_blocked, id=4104, stack(0x0000000020b50000,0x0000000020c50000)]
  0x000000001aacc000 JavaThread "Cache worker for cache directory md-rule (C:\Users\Kris\.gradle\caches\4.10.1\md-rule)" [_thread_blocked, id=10528, stack(0x0000000020a50000,0x0000000020b50000)]
  0x000000001aacb000 JavaThread "Cache worker for cache directory md-supplier (C:\Users\Kris\.gradle\caches\4.10.1\md-supplier)" [_thread_blocked, id=6464, stack(0x000000001e2d0000,0x000000001e3d0000)]
  0x000000001aaca800 JavaThread "Cache worker for journal cache (C:\Users\Kris\.gradle\caches\journal-1)" [_thread_blocked, id=7720, stack(0x000000001cf00000,0x000000001d000000)]
  0x000000001aac5800 JavaThread "Cache worker for file hash cache (E:\Development\Android\WearCasts\.gradle\4.10.1\fileHashes)" [_thread_blocked, id=10456, stack(0x000000001be30000,0x000000001bf30000)]
  0x000000001ab71000 JavaThread "File lock request listener" [_thread_in_native, id=10204, stack(0x000000001bd30000,0x000000001be30000)]
  0x000000001aae4800 JavaThread "Cache worker for file hash cache (C:\Users\Kris\.gradle\caches\4.10.1\fileHashes)" [_thread_blocked, id=6476, stack(0x000000001bc30000,0x000000001bd30000)]
  0x0000000019122800 JavaThread "Stdin handler" [_thread_blocked, id=5104, stack(0x000000001a760000,0x000000001a860000)]
  0x0000000019119000 JavaThread "Asynchronous log dispatcher for DefaultDaemonConnection: socket connection from /127.0.0.1:57302 to /127.0.0.1:57303" [_thread_blocked, id=11100, stack(0x000000001a660000,0x000000001a760000)]
  0x0000000019115000 JavaThread "Daemon worker" [_thread_blocked, id=10372, stack(0x000000001a560000,0x000000001a660000)]
  0x000000001910f000 JavaThread "Cancel handler" [_thread_blocked, id=5680, stack(0x000000001a460000,0x000000001a560000)]
  0x000000001918d000 JavaThread "Handler for socket connection from /127.0.0.1:57302 to /127.0.0.1:57303" [_thread_in_native, id=6672, stack(0x000000001a360000,0x000000001a460000)]
  0x0000000019195800 JavaThread "Daemon" [_thread_blocked, id=4936, stack(0x000000001a260000,0x000000001a360000)]
  0x0000000019193800 JavaThread "Daemon periodic checks" [_thread_blocked, id=7716, stack(0x000000001a160000,0x000000001a260000)]
  0x0000000019172800 JavaThread "Incoming local TCP Connector on port 57302" [_thread_in_native, id=8028, stack(0x0000000019f20000,0x000000001a020000)]
  0x0000000017c3a000 JavaThread "Service Thread" daemon [_thread_blocked, id=4556, stack(0x0000000018010000,0x0000000018110000)]
  0x00000000162c9000 JavaThread "C1 CompilerThread2" daemon [_thread_blocked, id=10028, stack(0x0000000017b10000,0x0000000017c10000)]
  0x00000000162bb800 JavaThread "C2 CompilerThread1" daemon [_thread_in_native, id=10080, stack(0x0000000017a10000,0x0000000017b10000)]
=>0x00000000162c8800 JavaThread "C2 CompilerThread0" daemon [_thread_in_native, id=9968, stack(0x0000000017910000,0x0000000017a10000)]
  0x00000000162c7000 JavaThread "Attach Listener" daemon [_thread_blocked, id=4876, stack(0x0000000017810000,0x0000000017910000)]
  0x00000000162c5800 JavaThread "Signal Dispatcher" daemon [_thread_blocked, id=10444, stack(0x0000000017710000,0x0000000017810000)]
  0x000000000294b800 JavaThread "Finalizer" daemon [_thread_blocked, id=2648, stack(0x0000000017520000,0x0000000017620000)]
  0x0000000002940800 JavaThread "Reference Handler" daemon [_thread_blocked, id=4884, stack(0x0000000017420000,0x0000000017520000)]
  0x0000000000d9d800 JavaThread "main" [_thread_blocked, id=10176, stack(0x0000000002750000,0x0000000002850000)]

Other Threads:
  0x0000000016287000 VMThread [stack: 0x0000000017320000,0x0000000017420000] [id=8240]
  0x0000000017c3b800 WatcherThread [stack: 0x0000000018110000,0x0000000018210000] [id=5628]

VM state:not at safepoint (normal execution)

VM Mutex/Monitor currently owned by a thread: None

Heap:
 PSYoungGen      total 362496K, used 76565K [0x00000000e0000000, 0x00000000f9a00000, 0x0000000100000000)
  eden space 339968K, 15% used [0x00000000e0000000,0x00000000e34c6e40,0x00000000f4c00000)
  from space 22528K, 99% used [0x00000000f6980000,0x00000000f7f7e8c8,0x00000000f7f80000)
  to   space 30208K, 0% used [0x00000000f4c00000,0x00000000f4c00000,0x00000000f6980000)
 ParOldGen       total 218112K, used 44889K [0x00000000a0000000, 0x00000000ad500000, 0x00000000e0000000)
  object space 218112K, 20% used [0x00000000a0000000,0x00000000a2bd6690,0x00000000ad500000)
 Metaspace       used 74422K, capacity 76520K, committed 76800K, reserved 1116160K
  class space    used 9666K, capacity 10213K, committed 10240K, reserved 1048576K

Card table byte_map: [0x0000000011d10000,0x0000000012020000] byte_map_base: 0x0000000011810000

Marking Bits: (ParMarkBitMap*) 0x0000000070b75aa0
 Begin Bits: [0x0000000012620000, 0x0000000013e20000)
 End Bits:   [0x0000000013e20000, 0x0000000015620000)

Polling page: 0x00000000005f0000

CodeCache: size=245760Kb used=38851Kb max_used=38851Kb free=206908Kb
 bounds [0x0000000002950000, 0x0000000004f80000, 0x0000000011950000]
 total_blobs=12080 nmethods=11237 adapters=754
 compilation: enabled

Compilation events (10 events):
Event: 20.058 Thread 0x00000000162c9000 13433       2       com.android.tools.r8.code.IputBoolean::<init> (11 bytes)
Event: 20.058 Thread 0x00000000162c9000 nmethod 13433 0x0000000004ae8b50 code [0x0000000004ae8cc0, 0x0000000004ae8e28]
Event: 20.058 Thread 0x00000000162c9000 13422       2       com.android.tools.r8.code.SgetObject::<init> (11 bytes)
Event: 20.058 Thread 0x00000000162c9000 nmethod 13422 0x0000000004ae84d0 code [0x0000000004ae8640, 0x0000000004ae88a8]
Event: 20.058 Thread 0x00000000162c9000 13435       2       com.android.tools.r8.code.Move::<init> (7 bytes)
Event: 20.058 Thread 0x00000000162c9000 nmethod 13435 0x0000000004ae8090 code [0x0000000004ae81e0, 0x0000000004ae8390]
Event: 20.058 Thread 0x00000000162c9000 13434       2       com.android.tools.r8.code.IgetBoolean::<init> (11 bytes)
Event: 20.058 Thread 0x00000000162c9000 nmethod 13434 0x0000000004ae7cd0 code [0x0000000004ae7e40, 0x0000000004ae7fa8]
Event: 20.059 Thread 0x00000000162c9000 13440       2       com.android.tools.r8.code.Throw::<init> (7 bytes)
Event: 20.059 Thread 0x00000000162c9000 nmethod 13440 0x0000000004ae7890 code [0x0000000004ae79e0, 0x0000000004ae7b70]

GC Heap History (10 events):
Event: 5.829 GC heap before
{Heap before GC invocations=11 (full 2):
 PSYoungGen      total 239616K, used 29247K [0x00000000e0000000, 0x00000000f0680000, 0x0000000100000000)
  eden space 222720K, 5% used [0x00000000e0000000,0x00000000e0c0ff08,0x00000000ed980000)
  from space 16896K, 99% used [0x00000000eef80000,0x00000000efffffb0,0x00000000f0000000)
  to   space 22528K, 0% used [0x00000000ed980000,0x00000000ed980000,0x00000000eef80000)
 ParOldGen       total 155648K, used 28789K [0x00000000a0000000, 0x00000000a9800000, 0x00000000e0000000)
  object space 155648K, 18% used [0x00000000a0000000,0x00000000a1c1d428,0x00000000a9800000)
 Metaspace       used 57197K, capacity 58884K, committed 59008K, reserved 1099776K
  class space    used 7754K, capacity 8227K, committed 8320K, reserved 1048576K
Event: 5.839 GC heap after
Heap after GC invocations=11 (full 2):
 PSYoungGen      total 245248K, used 17540K [0x00000000e0000000, 0x00000000f5600000, 0x0000000100000000)
  eden space 222720K, 0% used [0x00000000e0000000,0x00000000e0000000,0x00000000ed980000)
  from space 22528K, 77% used [0x00000000ed980000,0x00000000eeaa1268,0x00000000eef80000)
  to   space 23552K, 0% used [0x00000000f3f00000,0x00000000f3f00000,0x00000000f5600000)
 ParOldGen       total 155648K, used 28797K [0x00000000a0000000, 0x00000000a9800000, 0x00000000e0000000)
  object space 155648K, 18% used [0x00000000a0000000,0x00000000a1c1f428,0x00000000a9800000)
 Metaspace       used 57197K, capacity 58884K, committed 59008K, reserved 1099776K
  class space    used 7754K, capacity 8227K, committed 8320K, reserved 1048576K
}
Event: 5.839 GC heap before
{Heap before GC invocations=12 (full 3):
 PSYoungGen      total 245248K, used 17540K [0x00000000e0000000, 0x00000000f5600000, 0x0000000100000000)
  eden space 222720K, 0% used [0x00000000e0000000,0x00000000e0000000,0x00000000ed980000)
  from space 22528K, 77% used [0x00000000ed980000,0x00000000eeaa1268,0x00000000eef80000)
  to   space 23552K, 0% used [0x00000000f3f00000,0x00000000f3f00000,0x00000000f5600000)
 ParOldGen       total 155648K, used 28797K [0x00000000a0000000, 0x00000000a9800000, 0x00000000e0000000)
  object space 155648K, 18% used [0x00000000a0000000,0x00000000a1c1f428,0x00000000a9800000)
 Metaspace       used 57197K, capacity 58884K, committed 59008K, reserved 1099776K
  class space    used 7754K, capacity 8227K, committed 8320K, reserved 1048576K
Event: 5.973 GC heap after
Heap after GC invocations=12 (full 3):
 PSYoungGen      total 245248K, used 0K [0x00000000e0000000, 0x00000000f5600000, 0x0000000100000000)
  eden space 222720K, 0% used [0x00000000e0000000,0x00000000e0000000,0x00000000ed980000)
  from space 22528K, 0% used [0x00000000ed980000,0x00000000ed980000,0x00000000eef80000)
  to   space 23552K, 0% used [0x00000000f3f00000,0x00000000f3f00000,0x00000000f5600000)
 ParOldGen       total 218112K, used 31472K [0x00000000a0000000, 0x00000000ad500000, 0x00000000e0000000)
  object space 218112K, 14% used [0x00000000a0000000,0x00000000a1ebc100,0x00000000ad500000)
 Metaspace       used 57197K, capacity 58884K, committed 59008K, reserved 1099776K
  class space    used 7754K, capacity 8227K, committed 8320K, reserved 1048576K
}
Event: 13.620 GC heap before
{Heap before GC invocations=13 (full 3):
 PSYoungGen      total 245248K, used 222720K [0x00000000e0000000, 0x00000000f5600000, 0x0000000100000000)
  eden space 222720K, 100% used [0x00000000e0000000,0x00000000ed980000,0x00000000ed980000)
  from space 22528K, 0% used [0x00000000ed980000,0x00000000ed980000,0x00000000eef80000)
  to   space 23552K, 0% used [0x00000000f3f00000,0x00000000f3f00000,0x00000000f5600000)
 ParOldGen       total 218112K, used 31472K [0x00000000a0000000, 0x00000000ad500000, 0x00000000e0000000)
  object space 218112K, 14% used [0x00000000a0000000,0x00000000a1ebc100,0x00000000ad500000)
 Metaspace       used 68511K, capacity 70490K, committed 70656K, reserved 1110016K
  class space    used 9027K, capacity 9606K, committed 9728K, reserved 1048576K
Event: 13.641 GC heap after
Heap after GC invocations=13 (full 3):
 PSYoungGen      total 297472K, used 14999K [0x00000000e0000000, 0x00000000f4e00000, 0x0000000100000000)
  eden space 282112K, 0% used [0x00000000e0000000,0x00000000e0000000,0x00000000f1380000)
  from space 15360K, 97% used [0x00000000f3f00000,0x00000000f4da5c08,0x00000000f4e00000)
  to   space 23040K, 0% used [0x00000000f2100000,0x00000000f2100000,0x00000000f3780000)
 ParOldGen       total 218112K, used 31488K [0x00000000a0000000, 0x00000000ad500000, 0x00000000e0000000)
  object space 218112K, 14% used [0x00000000a0000000,0x00000000a1ec0100,0x00000000ad500000)
 Metaspace       used 68511K, capacity 70490K, committed 70656K, reserved 1110016K
  class space    used 9027K, capacity 9606K, committed 9728K, reserved 1048576K
}
Event: 16.117 GC heap before
{Heap before GC invocations=14 (full 3):
 PSYoungGen      total 297472K, used 297111K [0x00000000e0000000, 0x00000000f4e00000, 0x0000000100000000)
  eden space 282112K, 100% used [0x00000000e0000000,0x00000000f1380000,0x00000000f1380000)
  from space 15360K, 97% used [0x00000000f3f00000,0x00000000f4da5c08,0x00000000f4e00000)
  to   space 23040K, 0% used [0x00000000f2100000,0x00000000f2100000,0x00000000f3780000)
 ParOldGen       total 218112K, used 31488K [0x00000000a0000000, 0x00000000ad500000, 0x00000000e0000000)
  object space 218112K, 14% used [0x00000000a0000000,0x00000000a1ec0100,0x00000000ad500000)
 Metaspace       used 69552K, capacity 71578K, committed 71680K, reserved 1112064K
  class space    used 9090K, capacity 9682K, committed 9728K, reserved 1048576K
Event: 16.126 GC heap after
Heap after GC invocations=14 (full 3):
 PSYoungGen      total 318976K, used 11068K [0x00000000e0000000, 0x00000000f7f80000, 0x0000000100000000)
  eden space 295936K, 0% used [0x00000000e0000000,0x00000000e0000000,0x00000000f2100000)
  from space 23040K, 48% used [0x00000000f2100000,0x00000000f2bcf110,0x00000000f3780000)
  to   space 22528K, 0% used [0x00000000f6980000,0x00000000f6980000,0x00000000f7f80000)
 ParOldGen       total 218112K, used 31496K [0x00000000a0000000, 0x00000000ad500000, 0x00000000e0000000)
  object space 218112K, 14% used [0x00000000a0000000,0x00000000a1ec2100,0x00000000ad500000)
 Metaspace       used 69552K, capacity 71578K, committed 71680K, reserved 1112064K
  class space    used 9090K, capacity 9682K, committed 9728K, reserved 1048576K
}
Event: 19.743 GC heap before
{Heap before GC invocations=15 (full 3):
 PSYoungGen      total 318976K, used 307004K [0x00000000e0000000, 0x00000000f7f80000, 0x0000000100000000)
  eden space 295936K, 100% used [0x00000000e0000000,0x00000000f2100000,0x00000000f2100000)
  from space 23040K, 48% used [0x00000000f2100000,0x00000000f2bcf110,0x00000000f3780000)
  to   space 22528K, 0% used [0x00000000f6980000,0x00000000f6980000,0x00000000f7f80000)
 ParOldGen       total 218112K, used 31496K [0x00000000a0000000, 0x00000000ad500000, 0x00000000e0000000)
  object space 218112K, 14% used [0x00000000a0000000,0x00000000a1ec2100,0x00000000ad500000)
 Metaspace       used 72684K, capacity 74746K, committed 75008K, reserved 1114112K
  class space    used 9391K, capacity 9936K, committed 9984K, reserved 1048576K
Event: 19.781 GC heap after
Heap after GC invocations=15 (full 3):
 PSYoungGen      total 362496K, used 22522K [0x00000000e0000000, 0x00000000f9a00000, 0x0000000100000000)
  eden space 339968K, 0% used [0x00000000e0000000,0x00000000e0000000,0x00000000f4c00000)
  from space 22528K, 99% used [0x00000000f6980000,0x00000000f7f7e8c8,0x00000000f7f80000)
  to   space 30208K, 0% used [0x00000000f4c00000,0x00000000f4c00000,0x00000000f6980000)
 ParOldGen       total 218112K, used 44889K [0x00000000a0000000, 0x00000000ad500000, 0x00000000e0000000)
  object space 218112K, 20% used [0x00000000a0000000,0x00000000a2bd6690,0x00000000ad500000)
 Metaspace       used 72684K, capacity 74746K, committed 75008K, reserved 1114112K
  class space    used 9391K, capacity 9936K, committed 9984K, reserved 1048576K
}

Deoptimization events (10 events):
Event: 19.936 Thread 0x000000001b1c4000 Uncommon trap: reason=unstable_if action=reinterpret pc=0x0000000003e98890 method=com.android.tools.r8.it.unimi.dsi.fastutil.ints.Int2ObjectOpenHashMap.get(I)Ljava/lang/Object; @ 1
Event: 19.963 Thread 0x000000001b1c8000 Uncommon trap: reason=unstable_if action=reinterpret pc=0x000000000432185c method=com.android.tools.r8.dex.DexParser.cacheAt(ILjava/util/function/Supplier;)Ljava/lang/Object; @ 1
Event: 19.967 Thread 0x000000001b1c8000 Uncommon trap: reason=unstable_if action=reinterpret pc=0x0000000003ed19bc method=com.android.tools.r8.graph.DexString.computeEquals(Ljava/lang/Object;)Z @ 20
Event: 19.967 Thread 0x000000001b1c8000 Uncommon trap: reason=unstable_if action=reinterpret pc=0x00000000040f03bc method=com.android.tools.r8.it.unimi.dsi.fastutil.ints.Int2ObjectOpenHashMap.get(I)Ljava/lang/Object; @ 8
Event: 19.967 Thread 0x000000001b1c8000 Uncommon trap: reason=unstable_if action=reinterpret pc=0x0000000004f3dd7c method=com.android.tools.r8.graph.DexString.computeEquals(Ljava/lang/Object;)Z @ 20
Event: 19.983 Thread 0x000000001b1c8000 Uncommon trap: reason=unstable_if action=reinterpret pc=0x00000000049fb718 method=com.android.tools.r8.graph.DexString.computeEquals(Ljava/lang/Object;)Z @ 20
Event: 20.008 Thread 0x000000001b1c5800 Uncommon trap: reason=unstable_if action=reinterpret pc=0x000000000376f6c0 method=com.android.tools.r8.utils.IdentifierUtils.isSimpleNameChar(I)Z @ 45
Event: 20.010 Thread 0x000000001b1c3000 Uncommon trap: reason=unstable_if action=reinterpret pc=0x0000000003317a50 method=java.util.concurrent.ForkJoinPool.helpStealer(Ljava/util/concurrent/ForkJoinPool$WorkQueue;Ljava/util/concurrent/ForkJoinTask;)V @ 95
Event: 20.035 Thread 0x000000001b1c8000 Uncommon trap: reason=unstable_if action=reinterpret pc=0x00000000048df918 method=java.util.concurrent.ConcurrentLinkedQueue.offer(Ljava/lang/Object;)Z @ 91
Event: 20.047 Thread 0x000000001b1c8000 Uncommon trap: reason=unloaded action=reinterpret pc=0x0000000004ad35a8 method=com.android.tools.r8.code.BaseInstructionFactory.create(IILcom/android/tools/r8/code/BytecodeStream;Lcom/android/tools/r8/graph/OffsetToObjectMapping;)Lcom/android/tools/r8/cod

Classes redefined (0 events):
No events

Internal exceptions (10 events):
Event: 14.736 Thread 0x000000001d803800 Implicit null exception at 0x00000000040080ac to 0x0000000004008670
Event: 14.745 Thread 0x000000001d803800 Implicit null exception at 0x0000000004351a0c to 0x00000000043536d5
Event: 14.914 Thread 0x000000001d803800 Implicit null exception at 0x00000000040108f7 to 0x0000000004013ab9
Event: 16.187 Thread 0x000000001d803800 Exception <a 'java/lang/NoSuchMethodError': java.lang.Object.lambda$negate$1(Ljava/lang/Object;)Z> (0x00000000e1195ae0) thrown at [D:\src\AOSP-openjdk-cygwin\jdk8u\hotspot\src\share\vm\interpreter\linkResolver.cpp, line 584]
Event: 19.038 Thread 0x000000001d803800 Exception <a 'sun/nio/fs/WindowsException'> (0x00000000ef4a6aa0) thrown at [D:\src\AOSP-openjdk-cygwin\jdk8u\hotspot\src\share\vm\prims\jni.cpp, line 709]
Event: 19.058 Thread 0x000000001d803800 Exception <a 'sun/nio/fs/WindowsException'> (0x00000000ef4f5250) thrown at [D:\src\AOSP-openjdk-cygwin\jdk8u\hotspot\src\share\vm\prims\jni.cpp, line 709]
Event: 19.280 Thread 0x000000001b1c3000 Exception <a 'sun/nio/fs/WindowsException'> (0x00000000f073ad18) thrown at [D:\src\AOSP-openjdk-cygwin\jdk8u\hotspot\src\share\vm\prims\jni.cpp, line 709]
Event: 19.933 Thread 0x000000001b1c8000 Implicit null exception at 0x0000000003abc66f to 0x0000000003abc75d
Event: 19.933 Thread 0x000000001b1c4000 Implicit null exception at 0x0000000003abc66f to 0x0000000003abc75d
Event: 19.933 Thread 0x000000001b1c5800 Implicit null exception at 0x0000000003abc66f to 0x0000000003abc75d

Events (10 events):
Event: 20.010 Thread 0x000000001b1c3000 DEOPT PACKING pc=0x0000000003317a50 sp=0x000000002607edd0
Event: 20.010 Thread 0x000000001b1c3000 DEOPT UNPACKING pc=0x000000000299557b sp=0x000000002607ed28 mode 2
Event: 20.023 Thread 0x000000001b1c4000 DEOPT PACKING pc=0x0000000003e6d890 sp=0x000000002647ecd0
Event: 20.023 Thread 0x000000001b1c4000 DEOPT UNPACKING pc=0x00000000029975d0 sp=0x000000002647ea40 mode 0
Event: 20.035 Thread 0x000000001b1c8000 Uncommon trap: trap_request=0xffffff65 fr.pc=0x00000000048df918
Event: 20.035 Thread 0x000000001b1c8000 DEOPT PACKING pc=0x00000000048df918 sp=0x000000002657ec60
Event: 20.035 Thread 0x000000001b1c8000 DEOPT UNPACKING pc=0x000000000299557b sp=0x000000002657ebe0 mode 2
Event: 20.047 Thread 0x000000001b1c8000 Uncommon trap: trap_request=0x00000138 fr.pc=0x0000000004ad35a8
Event: 20.047 Thread 0x000000001b1c8000 DEOPT PACKING pc=0x0000000004ad35a8 sp=0x000000002657e9d0
Event: 20.047 Thread 0x000000001b1c8000 DEOPT UNPACKING pc=0x000000000299557b sp=0x000000002657e990 mode 2


Dynamic libraries:
0x00007ff657bd0000 - 0x00007ff657c01000 	C:\Program Files\Android\Android Studio\jre\bin\java.exe
0x00007ffc29ed0000 - 0x00007ffc2a0b1000 	C:\WINDOWS\SYSTEM32\ntdll.dll
0x00007ffc27860000 - 0x00007ffc27912000 	C:\WINDOWS\System32\KERNEL32.DLL
0x00007ffc26ac0000 - 0x00007ffc26d33000 	C:\WINDOWS\System32\KERNELBASE.dll
0x00007ffc298b0000 - 0x00007ffc29951000 	C:\WINDOWS\System32\ADVAPI32.dll
0x00007ffc29cb0000 - 0x00007ffc29d4e000 	C:\WINDOWS\System32\msvcrt.dll
0x00007ffc27800000 - 0x00007ffc2785b000 	C:\WINDOWS\System32\sechost.dll
0x00007ffc29d60000 - 0x00007ffc29e84000 	C:\WINDOWS\System32\RPCRT4.dll
0x00007ffc27450000 - 0x00007ffc275e0000 	C:\WINDOWS\System32\USER32.dll
0x00007ffc26340000 - 0x00007ffc26360000 	C:\WINDOWS\System32\win32u.dll
0x00007ffc297e0000 - 0x00007ffc29808000 	C:\WINDOWS\System32\GDI32.dll
0x00007ffc26e50000 - 0x00007ffc26fe2000 	C:\WINDOWS\System32\gdi32full.dll
0x00007ffc262a0000 - 0x00007ffc2633f000 	C:\WINDOWS\System32\msvcp_win.dll
0x00007ffc27260000 - 0x00007ffc2735a000 	C:\WINDOWS\System32\ucrtbase.dll
0x00007ffc1b630000 - 0x00007ffc1b899000 	C:\WINDOWS\WinSxS\amd64_microsoft.windows.common-controls_6595b64144ccf1df_6.0.17134.590_none_fb3d9bff3069e088\COMCTL32.dll
0x00007ffc29980000 - 0x00007ffc29ca2000 	C:\WINDOWS\System32\combase.dll
0x00007ffc271e0000 - 0x00007ffc2725a000 	C:\WINDOWS\System32\bcryptPrimitives.dll
0x00007ffc29810000 - 0x00007ffc2983d000 	C:\WINDOWS\System32\IMM32.DLL
0x0000000070f10000 - 0x0000000070fe2000 	C:\Program Files\Android\Android Studio\jre\jre\bin\msvcr100.dll
0x00000000703b0000 - 0x0000000070bf1000 	C:\Program Files\Android\Android Studio\jre\jre\bin\server\jvm.dll
0x00007ffc29840000 - 0x00007ffc29848000 	C:\WINDOWS\System32\PSAPI.DLL
0x00007ffc1fae0000 - 0x00007ffc1fae9000 	C:\WINDOWS\SYSTEM32\WSOCK32.dll
0x00007ffc29770000 - 0x00007ffc297dc000 	C:\WINDOWS\System32\WS2_32.dll
0x00007ffc244a0000 - 0x00007ffc244c3000 	C:\WINDOWS\SYSTEM32\WINMM.dll
0x00007ffc21610000 - 0x00007ffc2161a000 	C:\WINDOWS\SYSTEM32\VERSION.dll
0x00007ffc24420000 - 0x00007ffc2444a000 	C:\WINDOWS\SYSTEM32\WINMMBASE.dll
0x00007ffc26a70000 - 0x00007ffc26ab9000 	C:\WINDOWS\System32\cfgmgr32.dll
0x00007ffc244d0000 - 0x00007ffc244df000 	C:\Program Files\Android\Android Studio\jre\jre\bin\verify.dll
0x00007ffc22c10000 - 0x00007ffc22c39000 	C:\Program Files\Android\Android Studio\jre\jre\bin\java.dll
0x00007ffc22c50000 - 0x00007ffc22c66000 	C:\Program Files\Android\Android Studio\jre\jre\bin\zip.dll
0x00007ffc28330000 - 0x00007ffc29770000 	C:\WINDOWS\System32\SHELL32.dll
0x00007ffc28280000 - 0x00007ffc28329000 	C:\WINDOWS\System32\shcore.dll
0x00007ffc26360000 - 0x00007ffc26a6d000 	C:\WINDOWS\System32\windows.storage.dll
0x00007ffc28220000 - 0x00007ffc28271000 	C:\WINDOWS\System32\shlwapi.dll
0x00007ffc26250000 - 0x00007ffc26261000 	C:\WINDOWS\System32\kernel.appcore.dll
0x00007ffc261e0000 - 0x00007ffc261ff000 	C:\WINDOWS\System32\profapi.dll
0x00007ffc26200000 - 0x00007ffc2624c000 	C:\WINDOWS\System32\powrprof.dll
0x00007ffc26270000 - 0x00007ffc2627a000 	C:\WINDOWS\System32\FLTLIB.DLL
0x00007ffc22bf0000 - 0x00007ffc22c0a000 	C:\Program Files\Android\Android Studio\jre\jre\bin\net.dll
0x00007ffc25a60000 - 0x00007ffc25ac6000 	C:\WINDOWS\system32\mswsock.dll
0x00007ffc226c0000 - 0x00007ffc226d1000 	C:\Program Files\Android\Android Studio\jre\jre\bin\nio.dll
0x00007ffc19450000 - 0x00007ffc1946e000 	C:\Users\Kris\.gradle\native\25\windows-amd64\native-platform.dll
0x00007ffc226b0000 - 0x00007ffc226bd000 	C:\Program Files\Android\Android Studio\jre\jre\bin\management.dll
0x00007ffc25c20000 - 0x00007ffc25c37000 	C:\WINDOWS\SYSTEM32\CRYPTSP.dll
0x00007ffc25640000 - 0x00007ffc25673000 	C:\WINDOWS\system32\rsaenh.dll
0x00007ffc25d40000 - 0x00007ffc25d65000 	C:\WINDOWS\SYSTEM32\bcrypt.dll
0x00007ffc26110000 - 0x00007ffc26138000 	C:\WINDOWS\SYSTEM32\USERENV.dll
0x00007ffc25c10000 - 0x00007ffc25c1b000 	C:\WINDOWS\SYSTEM32\CRYPTBASE.dll
0x00007ffc257e0000 - 0x00007ffc25818000 	C:\WINDOWS\SYSTEM32\IPHLPAPI.DLL
0x00007ffc29d50000 - 0x00007ffc29d58000 	C:\WINDOWS\System32\NSI.dll
0x00007ffc1fe30000 - 0x00007ffc1fe46000 	C:\WINDOWS\SYSTEM32\dhcpcsvc6.DLL
0x00007ffc20a70000 - 0x00007ffc20a8a000 	C:\WINDOWS\SYSTEM32\dhcpcsvc.DLL
0x00007ffc252d0000 - 0x00007ffc25301000 	C:\WINDOWS\SYSTEM32\ntmarta.dll
0x00007ffc1f850000 - 0x00007ffc1fa19000 	C:\WINDOWS\SYSTEM32\dbghelp.dll

VM Arguments:
jvm_args: -Xmx1536m -Dfile.encoding=windows-1252 -Duser.country=US -Duser.language=en -Duser.variant 
java_command: org.gradle.launcher.daemon.bootstrap.GradleDaemon 4.10.1
java_class_path (initial): C:\Users\Kris\.gradle\wrapper\dists\gradle-4.10.1-all\455itskqi2qtf0v2sja68alqd\gradle-4.10.1\lib\gradle-launcher-4.10.1.jar
Launcher Type: SUN_STANDARD

Environment Variables:
PATH=C:\Windows\system32;C:\Windows;C:\Windows\System32\Wbem;C:\Windows\System32\WindowsPowerShell\v1.0\;C:\Program Files (x86)\NVIDIA Corporation\PhysX\Common;C:\Users\Kris\AppData\Local\Microsoft\WindowsApps;C:\Program Files (x86)\Common Files\Acronis\SnapAPI\;C:\WINDOWS\system32;C:\WINDOWS;C:\WINDOWS\System32\Wbem;C:\WINDOWS\System32\WindowsPowerShell\v1.0\;D:\Program Files\GnuPG\pub;C:\WINDOWS\System32\OpenSSH\;C:\Program Files\Java\jdk-10.0.2\bin;C:\Users\Kris\AppData\Local\Microsoft\WindowsApps;C:\Users\Kris\AppData\Local\GitHubDesktop\bin;%USERPROFILE%\AppData\Local\Microsoft\WindowsApps;;C:\Program Files (x86)\Common Files\Acronis\TibMounter64
USERNAME=Kris
OS=Windows_NT
PROCESSOR_IDENTIFIER=Intel64 Family 6 Model 94 Stepping 3, GenuineIntel



---------------  S Y S T E M  ---------------

OS: Windows 10.0 , 64 bit Build 17134 (10.0.17134.556)

CPU:total 4 (initial active 4) (4 cores per cpu, 1 threads per core) family 6 model 94 stepping 3, cmov, cx8, fxsr, mmx, sse, sse2, sse3, ssse3, sse4.1, sse4.2, popcnt, avx, avx2, aes, clmul, erms, rtm, 3dnowpref, lzcnt, tsc, tscinvbit, bmi1, bmi2, adx

Memory: 4k page, physical 16716864k(8269320k free), swap 19207232k(4978564k free)

vm_info: OpenJDK 64-Bit Server VM (25.152-b01) for windows-amd64 JRE (1.8.0_152-release-1248-b01), built by "builder" with MS VC++ 10.0 (VS2010)

time: Sun Mar 03 18:33:31 2019
elapsed time: 20 seconds (0d 0h 0m 20s)

